C51 COMPILER V9.60.0.0   MAIN                                                              05/10/2022 23:05:35 PAGE 1   


C51 COMPILER V9.60.0.0, COMPILATION OF MODULE MAIN
OBJECT MODULE PLACED IN .\Objects\main.obj
COMPILER INVOKED BY: d:\Keil_v5\C51\BIN\C51.EXE main.c OPTIMIZE(8,SPEED) BROWSE DEBUG OBJECTEXTEND PRINT(.\Listings\main
                    -.lst) TABS(2) OBJECT(.\Objects\main.obj)

line level    source

   1          #include <reg51.h>
   2          
   3          sbit a = P2 ^ 3;
   4          sbit b = P2 ^ 2;
   5          sbit c = P2 ^ 1;
   6          sbit d = P2 ^ 0;
   7          
   8          #define SPEED_VARIATION_RATIO 1.0f / 64.0f
   9          #define STRIDE_ANGLE 5.625f / 64.0f
  10          
  11          int cnt = 0;
  12          
  13          void delay(int s);
  14          bit OneStep(int step, bit positive);
  15          
  16          void main() {
  17   1        int j;
  18   1        bit fi = 0;
  19   1        OneStep(0, 0);
  20   1        // for (j = 0; j < 64; ++j) {
  21   1        for (j = 0; 1; ++j) {
  22   2          int i;
  23   2          for (i = 8; !fi && i >= 1; --i) {
  24   3            fi = OneStep(i, 0);
  25   3            delay(100);
  26   3          }
  27   2        }
  28   1        
  29   1        while(1);
  30   1        
  31   1        /*OneStep(0, 1);
  32   1        while (1) {
  33   1          int i;
  34   1          for (i = 1; !fi && i < 9; ++i) {
  35   1            fi = OneStep(i, 1);
  36   1            delay(100);
  37   1          }
  38   1        }*/
  39   1        return;
  40   1      }
  41          
  42          void delay(int s) {
  43   1        while (s--);
  44   1      }
  45          
  46          bit OneStep(int step, bit positive) {
  47   1        switch (step) {
  48   2          case 0: // for init
  49   2            cnt = 0;
  50   2            a = b = c = d = 0;
  51   2            if (positive) {
  52   3              a = 1;
  53   3            } else {
  54   3              d = 1;
C51 COMPILER V9.60.0.0   MAIN                                                              05/10/2022 23:05:35 PAGE 2   

  55   3            }
  56   2            return 1;
  57   2            break;
  58   2          case 1:
  59   2            d = ~positive;
  60   2            break;
  61   2          case 2:
  62   2            b = positive;
  63   2            break;
  64   2          case 3:
  65   2            a = ~positive;
  66   2            break;
  67   2          case 4:
  68   2            c = positive;
  69   2            break;
  70   2          case 5:
  71   2            b = ~positive;
  72   2            break;
  73   2          case 6:
  74   2            d = positive;
  75   2            break;
  76   2          case 7:
  77   2            c = ~positive;
  78   2            break;
  79   2          case 8:
  80   2            a = positive;
  81   2            break;
  82   2          default:
  83   2            return 1;
  84   2            break;
  85   2        }
  86   1        cnt++;
  87   1        return cnt >= 64 * 64;
  88   1      }


MODULE INFORMATION:   STATIC OVERLAYABLE
   CODE SIZE        =    229    ----
   CONSTANT SIZE    =   ----    ----
   XDATA SIZE       =   ----    ----
   PDATA SIZE       =   ----    ----
   DATA SIZE        =      2       4
   IDATA SIZE       =   ----    ----
   BIT SIZE         =   ----       2
END OF MODULE INFORMATION.


C51 COMPILATION COMPLETE.  0 WARNING(S),  0 ERROR(S)
