C51 COMPILER V9.60.0.0   MAIN                                                              08/27/2022 13:13:27 PAGE 1   


C51 COMPILER V9.60.0.0, COMPILATION OF MODULE MAIN
OBJECT MODULE PLACED IN .\Objects\main.obj
COMPILER INVOKED BY: d:\Keil_v5\C51\BIN\C51.EXE src\main.c OPTIMIZE(8,SPEED) BROWSE DEBUG OBJECTEXTEND PRINT(.\Listings\
                    -main.lst) TABS(2) OBJECT(.\Objects\main.obj)

line level    source

   1          #include "stc8a8k64d4.h"
   2          #include "stc8a_gpio.h"
   3          #include "typedef.h"
   4          #include "servo.h"
   5          #include "delay.h"
   6          
   7          void GPIO_Config() {
   8   1        GPIO_InitTypeDef conf;
   9   1        conf.Mode = GPIO_OUT_PP;
  10   1        conf.Pin = GPIO_Pin_All;
  11   1        GPIO_Inilize(GPIO_P0, &conf);
  12   1        GPIO_Inilize(GPIO_P1, &conf);
  13   1        GPIO_Inilize(GPIO_P2, &conf);
  14   1      }
  15          
  16          void main() {
  17   1        GPIO_Config();
  18   1        Servo_Init();
  19   1        Servo_Set_Target_Degree(90);
  20   1        while (1) {
  21   2          /*int i = 0;
  22   2          int f = -1;
  23   2          for (i = 0; i <= 180; i += f) {
  24   2            if (i == 0 || i == 180) {
  25   2              f = -f;
  26   2            }
  27   2            Servo_Set_Target_Degree(i);
  28   2            delay_ms(1);
  29   2          }*/
  30   2        }
  31   1      }


MODULE INFORMATION:   STATIC OVERLAYABLE
   CODE SIZE        =     54    ----
   CONSTANT SIZE    =   ----    ----
   XDATA SIZE       =   ----    ----
   PDATA SIZE       =   ----    ----
   DATA SIZE        =   ----       2
   IDATA SIZE       =   ----    ----
   BIT SIZE         =   ----    ----
END OF MODULE INFORMATION.


C51 COMPILATION COMPLETE.  0 WARNING(S),  0 ERROR(S)
