C51 COMPILER V9.60.0.0   MAIN                                                              05/28/2022 22:51:22 PAGE 1   


C51 COMPILER V9.60.0.0, COMPILATION OF MODULE MAIN
OBJECT MODULE PLACED IN .\Objects\main.obj
COMPILER INVOKED BY: d:\Keil_v5\C51\BIN\C51.EXE main.c OPTIMIZE(8,SPEED) BROWSE DEBUG OBJECTEXTEND PRINT(.\Listings\main
                    -.lst) TABS(2) OBJECT(.\Objects\main.obj)

line level    source

   1          #include <reg52.h>
   2          #include <stdio.h>
   3          #include <math.h>
   4          #include "1602.h"
   5          #include "delay.h"
   6          
   7          #define MAX_S 10
   8          
   9          void main() {
  10   1        int s = MAX_S;
  11   1        LCD_Init();
  12   1        LCD_Write_String(0,1,"zhaohad");
  13   1        while(1) {
  14   2          int i = 2;
  15   2          unsigned char DisTempData[16];
  16   2      
  17   2          sprintf(DisTempData,"s = %d", s);
  18   2          // LCD_Write_String(0, 0, DisTempData);
  19   2          LCD_Write_String_And_Clear_Line(0, 0, DisTempData);
  20   2          while (i--) {
  21   3            DelayMs(250);
  22   3          }
  23   2          if (s-- < -MAX_S) {
  24   3            s = MAX_S;
  25   3          }
  26   2        }
  27   1      }


MODULE INFORMATION:   STATIC OVERLAYABLE
   CODE SIZE        =    112    ----
   CONSTANT SIZE    =     15    ----
   XDATA SIZE       =   ----    ----
   PDATA SIZE       =   ----    ----
   DATA SIZE        =   ----      20
   IDATA SIZE       =   ----    ----
   BIT SIZE         =   ----    ----
END OF MODULE INFORMATION.


C51 COMPILATION COMPLETE.  0 WARNING(S),  0 ERROR(S)
