C51 COMPILER V9.59.0.0   STC8A_TIMER_ISR                                                   06/10/2021 10:17:42 PAGE 1   


C51 COMPILER V9.59.0.0, COMPILATION OF MODULE STC8A_TIMER_ISR
OBJECT MODULE PLACED IN .\list\STC8A_Timer_Isr.obj
COMPILER INVOKED BY: C:\Keil_v5\C51\BIN\C51.EXE STC8A_Timer_Isr.c OMF2 OPTIMIZE(8,SPEED) BROWSE DEBUG PRINT(.\list\STC8A
                    -_Timer_Isr.lst) TABS(2) OBJECT(.\list\STC8A_Timer_Isr.obj)

line level    source

   1          /*---------------------------------------------------------------------*/
   2          /* --- STC MCU Limited ------------------------------------------------*/
   3          /* --- STC 1T Series MCU Demo Programme -------------------------------*/
   4          /* --- Mobile: (86)13922805190 ----------------------------------------*/
   5          /* --- Fax: 86-0513-55012956,55012947,55012969 ------------------------*/
   6          /* --- Tel: 86-0513-55012928,55012929,55012966 ------------------------*/
   7          /* --- Web: www.STCMCU.com --------------------------------------------*/
   8          /* --- Web: www.STCMCUDATA.com  ---------------------------------------*/
   9          /* --- QQ:  800003751 -------------------------------------------------*/
  10          /* 如果要在程序中使用此代码,请在程序中注明使用了STC的资料及程序            */
  11          /*---------------------------------------------------------------------*/
  12          
  13          #include  "STC8A_Timer.h"
  14          
  15          //========================================================================
  16          // 函数: Timer0_ISR_Handler
  17          // 描述: Timer0中断函数.
  18          // 参数: none.
  19          // 返回: none.
  20          // 版本: V1.0, 2020-09-23
  21          //========================================================================
  22          void Timer0_ISR_Handler (void) interrupt TIMER0_VECTOR    //进中断时已经清除标志
  23          {
  24   1        P67 = ~P67;
  25   1      }
  26          
  27          //========================================================================
  28          // 函数: Timer1_ISR_Handler
  29          // 描述: Timer1中断函数.
  30          // 参数: none.
  31          // 返回: none.
  32          // 版本: V1.0, 2020-09-23
  33          //========================================================================
  34          void Timer1_ISR_Handler (void) interrupt TIMER1_VECTOR    //进中断时已经清除标志
  35          {
  36   1        // TODO: 在此处添加用户代码
  37   1        P66 = ~P66;
  38   1      }
  39          
  40          //========================================================================
  41          // 函数: Timer2_ISR_Handler
  42          // 描述: Timer2中断函数.
  43          // 参数: none.
  44          // 返回: none.
  45          // 版本: V1.0, 2020-09-23
  46          //========================================================================
  47          void Timer2_ISR_Handler (void) interrupt TIMER2_VECTOR    //进中断时已经清除标志
  48          {
  49   1        // TODO: 在此处添加用户代码
  50   1        P65 = ~P65;
  51   1      }
  52          
  53          //========================================================================
  54          // 函数: Timer3_ISR_Handler
C51 COMPILER V9.59.0.0   STC8A_TIMER_ISR                                                   06/10/2021 10:17:42 PAGE 2   

  55          // 描述: Timer3中断函数.
  56          // 参数: none.
  57          // 返回: none.
  58          // 版本: V1.0, 2020-09-23
  59          //========================================================================
  60          void Timer3_ISR_Handler (void) interrupt TIMER3_VECTOR    //进中断时已经清除标志
  61          {
  62   1        // TODO: 在此处添加用户代码
  63   1        P64 = ~P64;
  64   1      }
  65          
  66          //========================================================================
  67          // 函数: Timer4_ISR_Handler
  68          // 描述: Timer4中断函数.
  69          // 参数: none.
  70          // 返回: none.
  71          // 版本: V1.0, 2020-09-23
  72          //========================================================================
  73          void Timer4_ISR_Handler (void) interrupt TIMER4_VECTOR    //进中断时已经清除标志
  74          {
  75   1        // TODO: 在此处添加用户代码
  76   1        P63 = ~P63;
  77   1      }


MODULE INFORMATION:   STATIC OVERLAYABLE
   CODE SIZE        =     30    ----
   CONSTANT SIZE    =   ----    ----
   XDATA SIZE       =   ----    ----
   PDATA SIZE       =   ----    ----
   DATA SIZE        =   ----    ----
   IDATA SIZE       =   ----    ----
   BIT SIZE         =   ----    ----
   EDATA SIZE       =   ----    ----
   HDATA SIZE       =   ----    ----
   XDATA CONST SIZE =   ----    ----
   FAR CONST SIZE   =   ----    ----
END OF MODULE INFORMATION.


C51 COMPILATION COMPLETE.  0 WARNING(S),  0 ERROR(S)
