C51 COMPILER V9.60.7.0   MAIN                                                              06/23/2023 17:26:19 PAGE 1   


C51 COMPILER V9.60.7.0, COMPILATION OF MODULE MAIN
OBJECT MODULE PLACED IN .\Objects\main.obj
COMPILER INVOKED BY: D:\Keil_v5\C51\BIN\C51.EXE src\main.c OPTIMIZE(8,SPEED) BROWSE DEBUG OBJECTEXTEND PRINT(.\Listings\
                    -main.lst) TABS(2) OBJECT(.\Objects\main.obj)

line level    source

   1          #include "stc8a8k64d4.H"
   2          #include "stc8a_gpio.H"
   3          #include "stc8a_spi.h"
   4          #include "stc8a_nvic.h"
   5          #include "typedef.h"
   6          #include "oled12864.h"
   7          #include "uart.h"
   8          #include "stc8a_adc.h"
   9          #include "stc8a_switch.h"
  10          #include "dtos.h"
  11          #include "G01_S.h"
  12          
  13          void OLED_GPIO_Config() {
  14   1        GPIO_InitTypeDef conf;
  15   1        conf.Mode = GPIO_OUT_PP;
  16   1        conf.Pin = GPIO_Pin_0 | GPIO_Pin_1 | GPIO_Pin_2 | GPIO_Pin_3 | GPIO_Pin_4;
  17   1        GPIO_Inilize(GPIO_P4, &conf);
  18   1      }
  19          
  20          void OLED12864_Init() {
  21   1        OLED_GPIO_Config();
  22   1        OLED_Init();
  23   1      }
  24          
  25          void MOTOR_GPIO_Config() {
  26   1        GPIO_InitTypeDef conf;
  27   1        conf.Mode = GPIO_PullUp;
  28   1        
  29   1        conf.Pin = GPIO_Pin_0 | GPIO_Pin_1 | GPIO_Pin_2 | GPIO_Pin_3;
  30   1        GPIO_Inilize(GPIO_P2, &conf);
  31   1      }
  32          
  33          void main() {
  34   1        bit exist;
  35   1        
  36   1        OLED12864_Init();
  37   1      
  38   1        NRF24L01_GPIO_config();
  39   1        NRF24L01_Gpio_Init();
  40   1      
  41   1        OLED_ShowString(0, 0, "CHECK MODULE...");
  42   1        exist = NRF24L01_check();
  43   1        
  44   1        if (exist) {
  45   2          OLED_ShowString(0, 2, "DONE");
  46   2        } else {
  47   2          OLED_ShowString(0, 2, "NOT EXIST");
  48   2        }
  49   1      
  50   1        while(1) {
  51   2        }
  52   1      }


C51 COMPILER V9.60.7.0   MAIN                                                              06/23/2023 17:26:19 PAGE 2   

MODULE INFORMATION:   STATIC OVERLAYABLE
   CODE SIZE        =     89    ----
   CONSTANT SIZE    =     31    ----
   XDATA SIZE       =   ----    ----
   PDATA SIZE       =   ----    ----
   DATA SIZE        =   ----       4
   IDATA SIZE       =   ----    ----
   BIT SIZE         =   ----       1
END OF MODULE INFORMATION.


C51 COMPILATION COMPLETE.  0 WARNING(S),  0 ERROR(S)
