C51 COMPILER V9.60.7.0   MAIN                                                              05/05/2024 16:37:19 PAGE 1   


C51 COMPILER V9.60.7.0, COMPILATION OF MODULE MAIN
OBJECT MODULE PLACED IN .\Objects\main.obj
COMPILER INVOKED BY: D:\Keil_v5\C51\BIN\C51.EXE src\main.c OPTIMIZE(8,SPEED) BROWSE DEBUG OBJECTEXTEND PRINT(.\Listings\
                    -main.lst) TABS(2) OBJECT(.\Objects\main.obj)

line level    source

   1          #include "stc8a8k64d4.H"
   2          #include "stc8a_gpio.h"
   3          #include "STC8A_UART.h"
   4          #include "STC8A_Switch.h"
   5          #include "STC8A_NVIC.h"
   6          #include "CH9239.h"
   7          #include "delay.h"
   8          #include "key_board.h"
   9          
  10          #include "typedef.h"
  11          #include "74HC595.h"
  12          #include "74HC165.h"
  13          
  14          u8 a0 = 0;
  15          u8 a1[30];
  16          
  17          void UART_Debuging_Config() {
  18   1        COMx_InitDefine COMx_InitStructure; //结构定义
  19   1        UART1_SW(UART1_SW_P30_P31);
  20   1        COMx_InitStructure.UART_Mode = UART_8bit_BRTx; //模式,   UART_ShiftRight,UART_8bit_BRTx,UART_9bit,UART_9b
             -it_BRTx
  21   1        COMx_InitStructure.UART_BRT_Use = BRT_Timer1; //使用波特率, BRT_Timer1, BRT_Timer2 (注意: 串口2固定使用BR
             -T_Timer2)
  22   1        COMx_InitStructure.UART_BaudRate = 9600ul; //波特率,     110 ~ 115200
  23   1        COMx_InitStructure.UART_RxEnable = ENABLE; //接收允许,   ENABLE或DISABLE
  24   1        UART_Configuration(UART1, &COMx_InitStructure); //初始化串口2 USART1,USART2,USART3,USART4
  25   1        NVIC_UART1_Init(ENABLE,Priority_1); //中断使能, ENABLE/DISABLE; 优先级(低到高) Priority_0,Priority_1,Prio
             -rity_2,Priority_3
  26   1        EA = 1;
  27   1      }
  28          
  29          void  UART_9239_config() {
  30   1        COMx_InitDefine COMx_InitStructure; //结构定义
  31   1        UART2_SW(UART2_SW_P10_P11);
  32   1        COMx_InitStructure.UART_Mode = UART_8bit_BRTx; //模式,   UART_ShiftRight,UART_8bit_BRTx,UART_9bit,UART_9b
             -it_BRTx
  33   1        COMx_InitStructure.UART_BRT_Use = BRT_Timer2; //使用波特率, BRT_Timer1, BRT_Timer2 (注意: 串口2固定使用BR
             -T_Timer2)
  34   1        COMx_InitStructure.UART_BaudRate = 9600ul; //波特率,     110 ~ 115200
  35   1        COMx_InitStructure.UART_RxEnable = ENABLE; //接收允许,   ENABLE或DISABLE
  36   1        UART_Configuration(UART2, &COMx_InitStructure); //初始化串口2 USART1,USART2,USART3,USART4
  37   1        NVIC_UART2_Init(ENABLE,Priority_1); //中断使能, ENABLE/DISABLE; 优先级(低到高) Priority_0,Priority_1,Prio
             -rity_2,Priority_3
  38   1        EA = 1;
  39   1      }
  40          
  41          void CH9239_GPIO_Config() {
  42   1        GPIO_InitTypeDef conf;
  43   1        conf.Mode = GPIO_PullUp;
  44   1        
  45   1        conf.Pin = GPIO_Pin_4;
  46   1        GPIO_Inilize(GPIO_P5, &conf);
  47   1        
  48   1        conf.Pin = GPIO_Pin_7 | GPIO_Pin_6 | GPIO_Pin_5 | GPIO_Pin_4 | GPIO_Pin_2 | GPIO_Pin_3;
C51 COMPILER V9.60.7.0   MAIN                                                              05/05/2024 16:37:19 PAGE 2   

  49   1        GPIO_Inilize(GPIO_P1, &conf);
  50   1        
  51   1        conf.Pin = GPIO_Pin_4;
  52   1        GPIO_Inilize(GPIO_P4, &conf);
  53   1      
  54   1        conf.Pin = GPIO_Pin_0 | GPIO_Pin_1;
  55   1        GPIO_Inilize(GPIO_P1, &conf);
  56   1      }
  57          
  58          void C595_GPIO_Config() {
  59   1        GPIO_InitTypeDef conf;
  60   1        conf.Mode = GPIO_PullUp;
  61   1        
  62   1        conf.Pin = GPIO_Pin_5;
  63   1        GPIO_Inilize(GPIO_P5, &conf);
  64   1      
  65   1        conf.Pin = GPIO_Pin_6 | GPIO_Pin_7;
  66   1        GPIO_Inilize(GPIO_P3, &conf);
  67   1        
  68   1        conf.Pin = GPIO_Pin_1;
  69   1        GPIO_Inilize(GPIO_P4, &conf);
  70   1        
  71   1        conf.Pin = GPIO_Pin_0;
  72   1        GPIO_Inilize(GPIO_P2, &conf);
  73   1      }
  74          
  75          void C165_GPIO_Config() {
  76   1        GPIO_InitTypeDef conf;
  77   1        conf.Mode = GPIO_PullUp;
  78   1      
  79   1        conf.Pin = GPIO_Pin_2;
  80   1        GPIO_Inilize(GPIO_P4, &conf); 
  81   1        
  82   1        conf.Pin = GPIO_Pin_1 | GPIO_Pin_2;
  83   1        GPIO_Inilize(GPIO_P2, &conf);
  84   1        
  85   1        conf.Pin = GPIO_Pin_2;
  86   1        GPIO_Inilize(GPIO_P0, &conf);
  87   1      }
  88          
  89          void main() {
  90   1        xdata u8 led, ledg, ledb, ledr;
  91   1        xdata u8 keys;
  92   1        xdata u8 i;
  93   1        xdata u8 key_arr[1];
  94   1        xdata u8 cmd_key_general_data[14];
  95   1      
  96   1        C595_GPIO_Config();
  97   1        C165_GPIO_Config();
  98   1        CH9239_GPIO_Config();
  99   1      
 100   1        UART_Debuging_Config();
 101   1        UART_9239_config();
 102   1        
 103   1        ledg = 0x7f;
 104   1        ledr = 0xbf;
 105   1        ledb = 0xdf;
 106   1        led = ledr & ledb & ledg;
 107   1      
 108   1        stop_595();
 109   1        clear_595();
 110   1        keep_595();
C51 COMPILER V9.60.7.0   MAIN                                                              05/05/2024 16:37:19 PAGE 3   

 111   1        
 112   1        write_byte_595(led);
 113   1        flush_595();
 114   1        
 115   1        cmd_key_general_data[0] = 0x57;
 116   1        cmd_key_general_data[1] = 0xAB;
 117   1        cmd_key_general_data[2] = 0;
 118   1        cmd_key_general_data[3] = 0x02;
 119   1        cmd_key_general_data[4] = 8;
 120   1        cmd_key_general_data[5] = 0;
 121   1        cmd_key_general_data[6] = 0;
 122   1        cmd_key_general_data[7] = 0x04;
 123   1        cmd_key_general_data[8] = 0;
 124   1        cmd_key_general_data[9] = 0;
 125   1        cmd_key_general_data[10] = 0;
 126   1        cmd_key_general_data[11] = 0;
 127   1        cmd_key_general_data[12] = 0;
 128   1        cmd_key_general_data[13] = 0x10;
 129   1        
 130   1        // TX1_write2buff(0x1);
 131   1        // key_board_get_sys_info();
 132   1        // TX2_write2buffs(cmd_key_general_data, 14);.
 133   1        // TX1_write2buff(0x2);
 134   1        
 135   1        for (i = 0; i < 10; ++i) {
 136   2          delay_ms(254);
 137   2        }
 138   1        TX1_write2buff(0x1);
 139   1        TX1_write2buffs(g_9329_rec, g_9329_rec_len);
 140   1        TX1_write2buff(0x2);
 141   1      
 142   1        g_9329_rec_len = 0;
 143   1        key_arr[0] = 0x04;
 144   1        
 145   1        TX1_write2buff(0x3);
 146   1        // TX2_write2buffs(cmd_key_general_data, 14);
 147   1        key_board_key_down(0, key_arr, 1);
 148   1        TX1_write2buffs(cmd_key_general_data, 14);
 149   1        for (i = 0; i < 10; ++i) {
 150   2          delay_ms(254);
 151   2        }
 152   1        TX1_write2buff(g_9329_rec_len);
 153   1        TX1_write2buffs(g_9329_rec, g_9329_rec_len);
 154   1        TX1_write2buff(0x04);
 155   1        
 156   1        key_board_all_key_up();
 157   1      
 158   1        while(1) {
 159   2          // load_data_165();
 160   2          // keys = read_byte_165();
 161   2          // TX1_write2buff(keys);
 162   2        }
 163   1      }
*** WARNING C280 IN LINE 91 OF src\main.c: 'keys': unreferenced local variable


MODULE INFORMATION:   STATIC OVERLAYABLE
   CODE SIZE        =    491    ----
   CONSTANT SIZE    =   ----    ----
   XDATA SIZE       =   ----      21
   PDATA SIZE       =   ----    ----
   DATA SIZE        =     31      24
C51 COMPILER V9.60.7.0   MAIN                                                              05/05/2024 16:37:19 PAGE 4   

   IDATA SIZE       =   ----    ----
   BIT SIZE         =   ----    ----
END OF MODULE INFORMATION.


C51 COMPILATION COMPLETE.  1 WARNING(S),  0 ERROR(S)
