C51 COMPILER V9.60.7.0   STC8A_UART_ISR                                                    05/05/2024 16:37:20 PAGE 1   


C51 COMPILER V9.60.7.0, COMPILATION OF MODULE STC8A_UART_ISR
OBJECT MODULE PLACED IN .\Objects\STC8A_UART_Isr.obj
COMPILER INVOKED BY: D:\Keil_v5\C51\BIN\C51.EXE src\STC8A_UART_Isr.c OPTIMIZE(8,SPEED) BROWSE DEBUG OBJECTEXTEND PRINT(.
                    -\Listings\STC8A_UART_Isr.lst) TABS(2) OBJECT(.\Objects\STC8A_UART_Isr.obj)

line level    source

   1          /*---------------------------------------------------------------------*/
   2          /* --- STC MCU Limited ------------------------------------------------*/
   3          /* --- STC 1T Series MCU Demo Programme -------------------------------*/
   4          /* --- Mobile: (86)13922805190 ----------------------------------------*/
   5          /* --- Fax: 86-0513-55012956,55012947,55012969 ------------------------*/
   6          /* --- Tel: 86-0513-55012928,55012929,55012966 ------------------------*/
   7          /* --- Web: www.STCMCU.com --------------------------------------------*/
   8          /* --- Web: www.STCMCUDATA.com  ---------------------------------------*/
   9          /* --- QQ:  800003751 -------------------------------------------------*/
  10          /* 如果要在程序中使用此代码,请在程序中注明使用了STC的资料及程序            */
  11          /*---------------------------------------------------------------------*/
  12          
  13          #include "STC8A_UART.h"
  14          #include "ch9239.h"
  15          #include "typedef.h"
  16          
  17          //========================================================================
  18          // 函数: UART1_ISR_Handler
  19          // 描述: UART1中断函数.
  20          // 参数: none.
  21          // 返回: none.
  22          // 版本: V1.0, 2020-09-23
  23          //========================================================================
  24          
  25          CB_1Byte g_onURAT_1Byte_CB = NULL;
  26          #ifdef UART1
  27          void UART1_ISR_Handler (void) interrupt UART1_VECTOR
  28          {
  29   1        if(RI)
  30   1        {
  31   2          xdata u8 buf;
  32   2          RI = 0;
  33   2          /*if(COM1.B_RX_OK == 0)
  34   2          {
  35   2            if(COM1.RX_Cnt >= COM_RX1_Lenth)  COM1.RX_Cnt = 0;
  36   2            RX1_Buffer[COM1.RX_Cnt++] = SBUF;
  37   2            COM1.RX_TimeOut = TimeOutSet1;
  38   2          }*/
  39   2          buf = SBUF;
  40   2          if (g_onURAT_1Byte_CB != NULL) {
  41   3            g_onURAT_1Byte_CB(buf);
  42   3          }
  43   2        }
  44   1      
  45   1        if(TI)
  46   1        {
  47   2          P00 = 0;
  48   2          TI = 0;
  49   2          COM1.B_TX_busy = 0;
  50   2          
  51   2      //    if(COM1.TX_read != COM1.TX_write)
  52   2      //    {
  53   2      //      SBUF = TX1_Buffer[COM1.TX_read];
  54   2      //      if(++COM1.TX_read >= COM_TX1_Lenth)   COM1.TX_read = 0;
C51 COMPILER V9.60.7.0   STC8A_UART_ISR                                                    05/05/2024 16:37:20 PAGE 2   

  55   2      //    }
  56   2      //    else  COM1.B_TX_busy = 0;
  57   2        }
  58   1      }
  59          #endif
  60          
  61          //========================================================================
  62          // 函数: UART2_ISR_Handler
  63          // 描述: UART2中断函数.
  64          // 参数: none.
  65          // 返回: none.
  66          // 版本: V1.0, 2020-09-23
  67          //========================================================================
  68          #ifdef UART2
  69          void UART2_ISR_Handler (void) interrupt UART2_VECTOR
  70          {
  71   1        if(RI2)
  72   1        {
  73   2          u8 d;
  74   2          CLR_RI2();
  75   2          /*if(COM2.B_RX_OK == 0)
  76   2          {
  77   2            if(COM2.RX_Cnt >= COM_RX2_Lenth)  COM2.RX_Cnt = 0;
  78   2            RX2_Buffer[COM2.RX_Cnt++] = S2BUF;
  79   2            COM2.RX_TimeOut = TimeOutSet2;
  80   2          }*/
  81   2          d = S2BUF;
  82   2          g_9329_rec[g_9329_rec_len++] = S2BUF;
  83   2        }
  84   1      
  85   1        if(TI2)
  86   1        {
  87   2          CLR_TI2();
  88   2          COM2.B_TX_busy = 0;
  89   2          
  90   2      //    if(COM2.TX_read != COM2.TX_write)
  91   2      //    {
  92   2      //      S2BUF = TX2_Buffer[COM2.TX_read];
  93   2      //      if(++COM2.TX_read >= COM_TX2_Lenth)   COM2.TX_read = 0;
  94   2      //    }
  95   2      //    else  COM2.B_TX_busy = 0;
  96   2        }
  97   1      }
  98          #endif
  99          
 100          //========================================================================
 101          // 函数: UART3_ISR_Handler
 102          // 描述: UART3中断函数.
 103          // 参数: none.
 104          // 返回: none.
 105          // 版本: V1.0, 2020-09-23
 106          //========================================================================
 107          #ifdef UART3
              void UART3_ISR_Handler (void) interrupt UART3_VECTOR
              {
                if(RI3)
                {
                  xdata u8 buf;
                  CLR_RI3();
                  buf = S3BUF;
                  if (g_onURAT_1Byte_CB != NULL) {
                    g_onURAT_1Byte_CB(buf);
C51 COMPILER V9.60.7.0   STC8A_UART_ISR                                                    05/05/2024 16:37:20 PAGE 3   

                  }
                  /*CLR_RI3();
                  if(COM3.B_RX_OK == 0)
                  {
                    if(COM3.RX_Cnt >= COM_RX3_Lenth)  COM3.RX_Cnt = 0;
                    RX3_Buffer[COM3.RX_Cnt++] = S3BUF;
                    COM3.RX_TimeOut = TimeOutSet3;
                  }*/
                }
              
                if(TI3)
                {
                  CLR_TI3();
                  COM3.B_TX_busy = 0;
                  
              //    if(COM3.TX_read != COM3.TX_write)
              //    {
              //      S3BUF = TX3_Buffer[COM3.TX_read];
              //      if(++COM3.TX_read >= COM_TX3_Lenth)   COM3.TX_read = 0;
              //    }
              //    else  COM3.B_TX_busy = 0;
                }
              }
              #endif
 141          
 142          //========================================================================
 143          // 函数: UART4_ISR_Handler
 144          // 描述: UART4中断函数.
 145          // 参数: none.
 146          // 返回: none.
 147          // 版本: V1.0, 2020-09-23
 148          //========================================================================
 149          #ifdef UART4
              void UART4_ISR_Handler (void) interrupt UART4_VECTOR
              {
                if(RI4)
                {
                  CLR_RI4();
                  if(COM4.B_RX_OK == 0)
                  {
                    if(COM4.RX_Cnt >= COM_RX4_Lenth)  COM4.RX_Cnt = 0;
                    RX4_Buffer[COM4.RX_Cnt++] = S4BUF;
                    COM4.RX_TimeOut = TimeOutSet4;
                  }
                }
              
                if(TI4)
                {
                  CLR_TI4();
                  COM4.B_TX_busy = 0;
                  
              //    if(COM4.TX_read != COM4.TX_write)
              //    {
              //      S4BUF = TX4_Buffer[COM4.TX_read];
              //      if(++COM4.TX_read >= COM_TX4_Lenth)   COM4.TX_read = 0;
              //    }
              //    else  COM4.B_TX_busy = 0;
                }
              }
              #endif


C51 COMPILER V9.60.7.0   STC8A_UART_ISR                                                    05/05/2024 16:37:20 PAGE 4   

MODULE INFORMATION:   STATIC OVERLAYABLE
   CODE SIZE        =    166    ----
   CONSTANT SIZE    =   ----    ----
   XDATA SIZE       =   ----       1
   PDATA SIZE       =   ----    ----
   DATA SIZE        =      3       1
   IDATA SIZE       =   ----    ----
   BIT SIZE         =   ----    ----
END OF MODULE INFORMATION.


C51 COMPILATION COMPLETE.  0 WARNING(S),  0 ERROR(S)
