C51 COMPILER V9.60.7.0   STC8A_UART_ISR                                                    08/04/2023 23:06:41 PAGE 1   


C51 COMPILER V9.60.7.0, COMPILATION OF MODULE STC8A_UART_ISR
OBJECT MODULE PLACED IN .\Objects\STC8A_UART_Isr.obj
COMPILER INVOKED BY: D:\Keil_v5\C51\BIN\C51.EXE src\STC8A_UART_Isr.c OPTIMIZE(8,SPEED) BROWSE DEBUG OBJECTEXTEND PRINT(.
                    -\Listings\STC8A_UART_Isr.lst) TABS(2) OBJECT(.\Objects\STC8A_UART_Isr.obj)

line level    source

   1          /*---------------------------------------------------------------------*/
   2          /* --- STC MCU Limited ------------------------------------------------*/
   3          /* --- STC 1T Series MCU Demo Programme -------------------------------*/
   4          /* --- Mobile: (86)13922805190 ----------------------------------------*/
   5          /* --- Fax: 86-0513-55012956,55012947,55012969 ------------------------*/
   6          /* --- Tel: 86-0513-55012928,55012929,55012966 ------------------------*/
   7          /* --- Web: www.STCMCU.com --------------------------------------------*/
   8          /* --- Web: www.STCMCUDATA.com  ---------------------------------------*/
   9          /* --- QQ:  800003751 -------------------------------------------------*/
  10          /* 如果要在程序中使用此代码,请在程序中注明使用了STC的资料及程序            */
  11          /*---------------------------------------------------------------------*/
  12          
  13          #include "STC8A_UART.h"
  14          #include "typedef.h"
  15          
  16          //========================================================================
  17          // 函数: UART1_ISR_Handler
  18          // 描述: UART1中断函数.
  19          // 参数: none.
  20          // 返回: none.
  21          // 版本: V1.0, 2020-09-23
  22          //========================================================================
  23          
  24          xdata CB_1Byte g_onURAT_1Byte_CB = NULL;
  25          xdata CB_1Byte g_onSend_1Byte_CB = NULL;
  26          
  27          #ifdef UART1
              void UART1_ISR_Handler (void) interrupt UART1_VECTOR
              {
                if(RI)
                {
                  u8 buf;
                  RI = 0;
                  /*if(COM1.B_RX_OK == 0)
                  {
                    if(COM1.RX_Cnt >= COM_RX1_Lenth)  COM1.RX_Cnt = 0;
                    RX1_Buffer[COM1.RX_Cnt++] = SBUF;
                    COM1.RX_TimeOut = TimeOutSet1;
                  }*/
                  buf = SBUF;
                  if (g_onURAT_1Byte_CB != NULL) {
                    g_onURAT_1Byte_CB(buf);
                  }
                }
              
                if(TI)
                {
                  TI = 0;
                  COM1.B_TX_busy = 0;
                  
              //    if(COM1.TX_read != COM1.TX_write)
              //    {
              //      SBUF = TX1_Buffer[COM1.TX_read];
              //      if(++COM1.TX_read >= COM_TX1_Lenth)   COM1.TX_read = 0;
C51 COMPILER V9.60.7.0   STC8A_UART_ISR                                                    08/04/2023 23:06:41 PAGE 2   

              //    }
              //    else  COM1.B_TX_busy = 0;
                }
              }
              #endif
  60          
  61          //========================================================================
  62          // 函数: UART2_ISR_Handler
  63          // 描述: UART2中断函数.
  64          // 参数: none.
  65          // 返回: none.
  66          // 版本: V1.0, 2020-09-23
  67          //========================================================================
  68          #ifdef UART2
              void UART2_ISR_Handler (void) interrupt UART2_VECTOR
              {
                if(RI2)
                {
                  CLR_RI2();
                  if(COM2.B_RX_OK == 0)
                  {
                    if(COM2.RX_Cnt >= COM_RX2_Lenth)  COM2.RX_Cnt = 0;
                    RX2_Buffer[COM2.RX_Cnt++] = S2BUF;
                    COM2.RX_TimeOut = TimeOutSet2;
                  }
                }
              
                if(TI2)
                {
                  CLR_TI2();
                  COM2.B_TX_busy = 0;
                  
              //    if(COM2.TX_read != COM2.TX_write)
              //    {
              //      S2BUF = TX2_Buffer[COM2.TX_read];
              //      if(++COM2.TX_read >= COM_TX2_Lenth)   COM2.TX_read = 0;
              //    }
              //    else  COM2.B_TX_busy = 0;
                }
              }
              #endif
  96          
  97          //========================================================================
  98          // 函数: UART3_ISR_Handler
  99          // 描述: UART3中断函数.
 100          // 参数: none.
 101          // 返回: none.
 102          // 版本: V1.0, 2020-09-23
 103          //========================================================================
 104          #ifdef UART3
 105          void UART3_ISR_Handler (void) interrupt UART3_VECTOR
 106          {
 107   1        if(RI3)
 108   1        {
 109   2          u8 buf;
 110   2          CLR_RI3();
 111   2          /*if(COM3.B_RX_OK == 0)
 112   2          {
 113   2            if(COM3.RX_Cnt >= COM_RX3_Lenth)  COM3.RX_Cnt = 0;
 114   2            RX3_Buffer[COM3.RX_Cnt++] = S3BUF;
 115   2            COM3.RX_TimeOut = TimeOutSet3;
 116   2          }*/
C51 COMPILER V9.60.7.0   STC8A_UART_ISR                                                    08/04/2023 23:06:41 PAGE 3   

 117   2          
 118   2          buf = S3BUF;
 119   2          if (g_onURAT_1Byte_CB != NULL) {
 120   3            g_onURAT_1Byte_CB(buf);
 121   3          }
 122   2        }
 123   1      
 124   1        if(TI3)
 125   1        {
 126   2          CLR_TI3();
 127   2          COM3.B_TX_busy = 0;
 128   2          if (g_onSend_1Byte_CB != NULL) {
 129   3            g_onSend_1Byte_CB(0);
 130   3          }
 131   2          
 132   2      //    if(COM3.TX_read != COM3.TX_write)
 133   2      //    {
 134   2      //      S3BUF = TX3_Buffer[COM3.TX_read];
 135   2      //      if(++COM3.TX_read >= COM_TX3_Lenth)   COM3.TX_read = 0;
 136   2      //    }
 137   2      //    else  COM3.B_TX_busy = 0;
 138   2        }
 139   1      }
 140          #endif
 141          
 142          //========================================================================
 143          // 函数: UART4_ISR_Handler
 144          // 描述: UART4中断函数.
 145          // 参数: none.
 146          // 返回: none.
 147          // 版本: V1.0, 2020-09-23
 148          //========================================================================
 149          #ifdef UART4
              void UART4_ISR_Handler (void) interrupt UART4_VECTOR
              {
                if(RI4)
                {
                  CLR_RI4();
                  if(COM4.B_RX_OK == 0)
                  {
                    if(COM4.RX_Cnt >= COM_RX4_Lenth)  COM4.RX_Cnt = 0;
                    RX4_Buffer[COM4.RX_Cnt++] = S4BUF;
                    COM4.RX_TimeOut = TimeOutSet4;
                  }
                }
              
                if(TI4)
                {
                  CLR_TI4();
                  COM4.B_TX_busy = 0;
                  
              //    if(COM4.TX_read != COM4.TX_write)
              //    {
              //      S4BUF = TX4_Buffer[COM4.TX_read];
              //      if(++COM4.TX_read >= COM_TX4_Lenth)   COM4.TX_read = 0;
              //    }
              //    else  COM4.B_TX_busy = 0;
                }
              }
              #endif


C51 COMPILER V9.60.7.0   STC8A_UART_ISR                                                    08/04/2023 23:06:41 PAGE 4   

MODULE INFORMATION:   STATIC OVERLAYABLE
   CODE SIZE        =    124    ----
   CONSTANT SIZE    =   ----    ----
   XDATA SIZE       =      6    ----
   PDATA SIZE       =   ----    ----
   DATA SIZE        =   ----       1
   IDATA SIZE       =   ----    ----
   BIT SIZE         =   ----    ----
END OF MODULE INFORMATION.


C51 COMPILATION COMPLETE.  0 WARNING(S),  0 ERROR(S)
