C51 COMPILER V9.60.0.0   MAIN                                                              07/24/2022 17:33:49 PAGE 1   


C51 COMPILER V9.60.0.0, COMPILATION OF MODULE MAIN
OBJECT MODULE PLACED IN .\Objects\main.obj
COMPILER INVOKED BY: d:\Keil_v5\C51\BIN\C51.EXE main.c OPTIMIZE(8,SPEED) BROWSE DEBUG OBJECTEXTEND PRINT(.\Listings\main
                    -.lst) TABS(2) OBJECT(.\Objects\main.obj)

line level    source

   1          #include <reg51.h>
   2          #include "src/delay.h"
   3          #include "src/oled12864.h"
   4          #include "src/typedef.h"
   5          #include "src/uart.h"
   6          
   7          u8 buf[] = {0xfe, 0x12, 0x34, 0x56, 0x78, 0x9a, 0xbc, 0xd0};
   8          
   9          void main() {
  10   1        OLED_Init();
  11   1        OLED_ShowString(0, 0, "123ABC.,m<>?");
  12   1        OLED_ShowString8(0, 2, "123ABC.,m<>?abcdefghijkl");
  13   1        OLED_ShowHexBuf8(0, 4, buf, 8);
  14   1        while (1) {
  15   2        }
  16   1      }


MODULE INFORMATION:   STATIC OVERLAYABLE
   CODE SIZE        =     46    ----
   CONSTANT SIZE    =     38    ----
   XDATA SIZE       =   ----    ----
   PDATA SIZE       =   ----    ----
   DATA SIZE        =      8    ----
   IDATA SIZE       =   ----    ----
   BIT SIZE         =   ----    ----
END OF MODULE INFORMATION.


C51 COMPILATION COMPLETE.  0 WARNING(S),  0 ERROR(S)
