C51 COMPILER V9.60.0.0   HANDLECONTROL                                                     06/12/2022 17:30:45 PAGE 1   


C51 COMPILER V9.60.0.0, COMPILATION OF MODULE HANDLECONTROL
OBJECT MODULE PLACED IN .\Objects\HandleControl.obj
COMPILER INVOKED BY: d:\Keil_v5\C51\BIN\C51.EXE HandleControl.c OPTIMIZE(8,SPEED) BROWSE DEBUG OBJECTEXTEND PRINT(.\List
                    -ings\HandleControl.lst) TABS(2) OBJECT(.\Objects\HandleControl.obj)

line level    source

   1          #include "HandleControl.h"
   2          
   3          #define MIDDLE_STEERING_MIN 0x78
   4          #define MIDDLE_STEERING_MAX 0x8F
   5          
   6          #define MIDDLE_MOTOR_MIN 0x10
   7          #define MIDDLE_MOTOR_MAX 0x8F
   8          
   9          
  10          uint8_t calculateSteeringDegree(uint8_t analog) {
  11   1        uint8_t d;
  12   1        if (analog < MIDDLE_STEERING_MIN) {
  13   2          d = 90 * analog / MIDDLE_STEERING_MIN;
  14   2        } else if (analog > MIDDLE_STEERING_MAX) {
  15   2          d = 90 * (analog - 0xFF) / (0xFF - MIDDLE_STEERING_MAX) + 180;
  16   2        } else {
  17   2          d = 90;
  18   2        }
  19   1        
  20   1        return d;
  21   1      }
  22          
  23          int getMotorSpeed(uint8_t analog) {
  24   1        if (analog < MIDDLE_MOTOR_MIN) {
  25   2          return -0xff;
  26   2        }
  27   1        if (analog > MIDDLE_MOTOR_MAX) {
  28   2          return 0xff;
  29   2        }
  30   1        return 0;
  31   1      }


MODULE INFORMATION:   STATIC OVERLAYABLE
   CODE SIZE        =    109    ----
   CONSTANT SIZE    =   ----    ----
   XDATA SIZE       =   ----    ----
   PDATA SIZE       =   ----    ----
   DATA SIZE        =   ----    ----
   IDATA SIZE       =   ----    ----
   BIT SIZE         =   ----    ----
END OF MODULE INFORMATION.


C51 COMPILATION COMPLETE.  0 WARNING(S),  0 ERROR(S)
