C51 COMPILER V9.60.7.0   STC8A_TIMER_ISR                                                   01/12/2025 23:07:29 PAGE 1   


C51 COMPILER V9.60.7.0, COMPILATION OF MODULE STC8A_TIMER_ISR
OBJECT MODULE PLACED IN .\Objects\STC8A_Timer_Isr.obj
COMPILER INVOKED BY: D:\Keil_v5\C51\BIN\C51.EXE src\STC8A_Timer_Isr.c OPTIMIZE(8,SPEED) BROWSE DEBUG OBJECTEXTEND PRINT(
                    -.\Listings\STC8A_Timer_Isr.lst) TABS(2) OBJECT(.\Objects\STC8A_Timer_Isr.obj)

line level    source

   1          /*---------------------------------------------------------------------*/
   2          /* --- STC MCU Limited ------------------------------------------------*/
   3          /* --- STC 1T Series MCU Demo Programme -------------------------------*/
   4          /* --- Mobile: (86)13922805190 ----------------------------------------*/
   5          /* --- Fax: 86-0513-55012956,55012947,55012969 ------------------------*/
   6          /* --- Tel: 86-0513-55012928,55012929,55012966 ------------------------*/
   7          /* --- Web: www.STCMCU.com --------------------------------------------*/
   8          /* --- Web: www.STCMCUDATA.com  ---------------------------------------*/
   9          /* --- QQ:  800003751 -------------------------------------------------*/
  10          /* 如果要在程序中使用此代码,请在程序中注明使用了STC的资料及程序            */
  11          /*---------------------------------------------------------------------*/
  12          
  13          #include  "STC8A_Timer.h"
  14          #include "global_status.h"
  15          
  16          //========================================================================
  17          // 函数: Timer0_ISR_Handler
  18          // 描述: Timer0中断函数.
  19          // 参数: none.
  20          // 返回: none.
  21          // 版本: V1.0, 2020-09-23
  22          //========================================================================
  23          void Timer0_ISR_Handler (void) interrupt TIMER0_VECTOR    //进中断时已经清除标志
  24          {
  25   1      }
  26          
  27          //========================================================================
  28          // 函数: Timer1_ISR_Handler
  29          // 描述: Timer1中断函数.
  30          // 参数: none.
  31          // 返回: none.
  32          // 版本: V1.0, 2020-09-23
  33          //========================================================================
  34          void Timer1_ISR_Handler (void) interrupt TIMER1_VECTOR    //进中断时已经清除标志
  35          {
  36   1      }
  37          
  38          //========================================================================
  39          // 函数: Timer2_ISR_Handler
  40          // 描述: Timer2中断函数.
  41          // 参数: none.
  42          // 返回: none.
  43          // 版本: V1.0, 2020-09-23
  44          //========================================================================
  45          void Timer2_ISR_Handler (void) interrupt TIMER2_VECTOR    //进中断时已经清除标志
  46          {
  47   1        Global_Status_Timer_Callback();
  48   1      }
  49          
  50          //========================================================================
  51          // 函数: Timer3_ISR_Handler
  52          // 描述: Timer3中断函数.
  53          // 参数: none.
  54          // 返回: none.
C51 COMPILER V9.60.7.0   STC8A_TIMER_ISR                                                   01/12/2025 23:07:29 PAGE 2   

  55          // 版本: V1.0, 2020-09-23
  56          //========================================================================
  57          void Timer3_ISR_Handler (void) interrupt TIMER3_VECTOR    //进中断时已经清除标志
  58          {
  59   1        Global_Status_Heart_Beat_Timer_Callback();
  60   1      }
  61          
  62          //========================================================================
  63          // 函数: Timer4_ISR_Handler
  64          // 描述: Timer4中断函数.
  65          // 参数: none.
  66          // 返回: none.
  67          // 版本: V1.0, 2020-09-23
  68          //========================================================================
  69          void Timer4_ISR_Handler (void) interrupt TIMER4_VECTOR    //进中断时已经清除标志
  70          {
  71   1        // TODO: 在此处添加用户代码
  72   1        P63 = ~P63;
  73   1      }


MODULE INFORMATION:   STATIC OVERLAYABLE
   CODE SIZE        =    123    ----
   CONSTANT SIZE    =   ----    ----
   XDATA SIZE       =   ----    ----
   PDATA SIZE       =   ----    ----
   DATA SIZE        =   ----    ----
   IDATA SIZE       =   ----    ----
   BIT SIZE         =   ----    ----
END OF MODULE INFORMATION.


C51 COMPILATION COMPLETE.  0 WARNING(S),  0 ERROR(S)
