C51 COMPILER V9.60.7.0   MAIN                                                              07/09/2023 14:26:16 PAGE 1   


C51 COMPILER V9.60.7.0, COMPILATION OF MODULE MAIN
OBJECT MODULE PLACED IN .\Objects\main.obj
COMPILER INVOKED BY: D:\Keil_v5\C51\BIN\C51.EXE src\main.c OPTIMIZE(8,SPEED) BROWSE DEBUG OBJECTEXTEND PRINT(.\Listings\
                    -main.lst) TABS(2) OBJECT(.\Objects\main.obj)

line level    source

   1          #include "stc8a8k64d4.H"
   2          #include "stc8a_gpio.H"
   3          #include "stc8a_spi.h"
   4          #include "stc8a_nvic.h"
   5          #include "typedef.h"
   6          #include "oled12864.h"
   7          #include  "STC8A_UART.h"
   8          #include "stc8a_switch.h"
   9          
  10          bit g_rec = 1;
  11          
  12          void OLED_GPIO_Config() {
  13   1        GPIO_InitTypeDef conf;
  14   1        conf.Mode = GPIO_OUT_PP;
  15   1        conf.Pin = GPIO_Pin_All;
  16   1        GPIO_Inilize(GPIO_P4, &conf);
  17   1      }
  18          
  19          void UART_GPIO_Config() {
  20   1        GPIO_InitTypeDef GPIO_InitStructure;
  21   1        GPIO_InitStructure.Pin = GPIO_Pin_6 | GPIO_Pin_7;
  22   1        GPIO_InitStructure.Mode = GPIO_PullUp;
  23   1        GPIO_Inilize(GPIO_P3, &GPIO_InitStructure);
  24   1      }
  25          
  26          
  27          void OLED12864_Init() {
  28   1        OLED_GPIO_Config();
  29   1        OLED_Init();
  30   1      }
  31          
  32          u8 cnt = 0;
  33          
  34          void on_UART_Rec_1Byte(u8 d) {
  35   1        u8 buf[2];
  36   1        cnt++;
  37   1        buf[0] = d;
  38   1        buf[1] = cnt;
  39   1        OLED_ShowHexBuf8(0, 0, buf, 2);
  40   1      }
  41          
  42          void  UART_config() {
  43   1        COMx_InitDefine COMx_InitStructure; //结构定义
  44   1        UART_GPIO_Config();
  45   1        UART1_SW(P_UART);
  46   1        COMx_InitStructure.UART_Mode = UART_8bit_BRTx; //模式,   UART_ShiftRight,UART_8bit_BRTx,UART_9bit,UART_9b
             -it_BRTx
  47   1        COMx_InitStructure.UART_BRT_Use = BRT_Timer1; //使用波特率, BRT_Timer1, BRT_Timer2 (注意: 串口2固定使用BR
             -T_Timer2)
  48   1        COMx_InitStructure.UART_BaudRate = 115200ul; //波特率,     110 ~ 115200
  49   1        COMx_InitStructure.UART_RxEnable = ENABLE; //接收允许,   ENABLE或DISABLE
  50   1        UART_Configuration(UART1, &COMx_InitStructure); //初始化串口2 USART1,USART2,USART3,USART4
  51   1        NVIC_UART1_Init(ENABLE,Priority_1); //中断使能, ENABLE/DISABLE; 优先级(低到高) Priority_0,Priority_1,Prio
             -rity_2,Priority_3
C51 COMPILER V9.60.7.0   MAIN                                                              07/09/2023 14:26:16 PAGE 2   

  52   1      }
  53          
  54          void main() {
  55   1        OLED12864_Init();
  56   1        if (g_rec) {
  57   2          g_onURAT_1Byte_CB = on_UART_Rec_1Byte;
  58   2        }
  59   1        UART_config();
  60   1        on_UART_Rec_1Byte(0x3d);
  61   1        EA = 1;
  62   1        while(1) {
  63   2          if (!g_rec) {
  64   3            // on_UART_Rec_1Byte(0xaf);
  65   3            TX1_write2buff(0xb6);
  66   3            on_UART_Rec_1Byte(0xae);
  67   3          }
  68   2        }
  69   1      }


MODULE INFORMATION:   STATIC OVERLAYABLE
   CODE SIZE        =    151    ----
   CONSTANT SIZE    =   ----    ----
   XDATA SIZE       =   ----    ----
   PDATA SIZE       =   ----    ----
   DATA SIZE        =      1      15
   IDATA SIZE       =   ----    ----
   BIT SIZE         =      1    ----
END OF MODULE INFORMATION.


C51 COMPILATION COMPLETE.  0 WARNING(S),  0 ERROR(S)
