C51 COMPILER V9.60.0.0   MAIN                                                              04/27/2022 23:17:35 PAGE 1   


C51 COMPILER V9.60.0.0, COMPILATION OF MODULE MAIN
OBJECT MODULE PLACED IN .\Objects\main.obj
COMPILER INVOKED BY: d:\Keil_v5\C51\BIN\C51.EXE main.c OPTIMIZE(8,SPEED) BROWSE DEBUG OBJECTEXTEND PRINT(.\Listings\main
                    -.lst) TABS(2) OBJECT(.\Objects\main.obj)

line level    source

   1          #include <reg51.h>
   2          
   3          sbit P10 = P1 ^ 0;
   4          sbit P11 = P1 ^ 1;
   5          
   6          int led = 1;
   7          
   8          void setLed();
   9          
  10          int main() {
  11   1        setLed();
  12   1        
  13   1        EA = 1;
  14   1        IT0 = 1;
  15   1        EX0 = 1;
  16   1        
  17   1        while(1);
  18   1        return 0;
  19   1      }
  20          
  21          void setLed() {
  22   1        P10 = led;
  23   1      }
  24          
  25          void int0() interrupt 0 {
  26   1        led = !led;
  27   1        setLed();
  28   1      }
*** WARNING C294 IN LINE 18 OF main.c: unreachable code


MODULE INFORMATION:   STATIC OVERLAYABLE
   CODE SIZE        =     56    ----
   CONSTANT SIZE    =   ----    ----
   XDATA SIZE       =   ----    ----
   PDATA SIZE       =   ----    ----
   DATA SIZE        =      2    ----
   IDATA SIZE       =   ----    ----
   BIT SIZE         =   ----    ----
END OF MODULE INFORMATION.


C51 COMPILATION COMPLETE.  1 WARNING(S),  0 ERROR(S)
