C51 COMPILER V9.60.0.0   SHANWAI                                                           09/03/2022 16:27:45 PAGE 1   


C51 COMPILER V9.60.0.0, COMPILATION OF MODULE SHANWAI
OBJECT MODULE PLACED IN .\Objects\shanwai.obj
COMPILER INVOKED BY: d:\Keil_v5\C51\BIN\C51.EXE src\shanwai.c OPTIMIZE(8,SPEED) BROWSE DEBUG OBJECTEXTEND PRINT(.\Listin
                    -gs\shanwai.lst) TABS(2) OBJECT(.\Objects\shanwai.obj)

line level    source

   1          #include "shanwai.h"
   2          
   3          void SHANWAI_sendWaveValue(void * d, u8 sized, u8 len) {
   4   1        int i, s;
   5   1        u8 * v = (u8 *) d;
   6   1        
   7   1        UART_sendByte(SHANWAI_CMD_WAVEVALUE);
   8   1        UART_sendByte(SHANWAI_CMD_WAVEVALUE_INV);
   9   1        for (i = 0; i < len; ++i) {
  10   2          for (s = 1; s <= sized; ++s) {
  11   3            UART_sendByte(*(v + (i + 1) * sized - s));
  12   3          }
  13   2        }
  14   1        UART_sendByte(SHANWAI_CMD_WAVEVALUE_INV);
  15   1        UART_sendByte(SHANWAI_CMD_WAVEVALUE);
  16   1      }


MODULE INFORMATION:   STATIC OVERLAYABLE
   CODE SIZE        =    127    ----
   CONSTANT SIZE    =   ----    ----
   XDATA SIZE       =   ----    ----
   PDATA SIZE       =   ----    ----
   DATA SIZE        =   ----      12
   IDATA SIZE       =   ----    ----
   BIT SIZE         =   ----    ----
END OF MODULE INFORMATION.


C51 COMPILATION COMPLETE.  0 WARNING(S),  0 ERROR(S)
