C51 COMPILER V9.60.0.0   MAIN                                                              07/25/2022 01:07:50 PAGE 1   


C51 COMPILER V9.60.0.0, COMPILATION OF MODULE MAIN
OBJECT MODULE PLACED IN .\Objects\main.obj
COMPILER INVOKED BY: d:\Keil_v5\C51\BIN\C51.EXE main.c OPTIMIZE(8,SPEED) BROWSE DEBUG OBJECTEXTEND PRINT(.\Listings\main
                    -.lst) TABS(2) OBJECT(.\Objects\main.obj)

line level    source

   1          #include <reg51.h>
   2          #include "src/uart.h"
   3          
   4          bit hasR = 0;
   5          
   6          void UART_onReceived(u8 c);
   7          
   8          void send0f() {
   9   1        UART_sendByte(0x0f);
  10   1      }
  11          
  12          void main() {
  13   1        UART_Init_110592MHz_9600bps(UART_onReceived);
  14   1        send0f();
  15   1        while(1) {
  16   2          while(!hasR);
  17   2          hasR = 0;
  18   2          UART_sendStr("Some thing\r\n");
  19   2        }
  20   1      }
  21          
  22          void UART_onReceived(u8 c) {
  23   1        hasR = 1;
  24   1      }
*** WARNING C280 IN LINE 22 OF main.c: 'c': unreferenced local variable


MODULE INFORMATION:   STATIC OVERLAYABLE
   CODE SIZE        =     38    ----
   CONSTANT SIZE    =     13    ----
   XDATA SIZE       =   ----    ----
   PDATA SIZE       =   ----    ----
   DATA SIZE        =   ----       1
   IDATA SIZE       =   ----    ----
   BIT SIZE         =      1    ----
END OF MODULE INFORMATION.


C51 COMPILATION COMPLETE.  1 WARNING(S),  0 ERROR(S)
