C51 COMPILER V9.60.0.0   UART                                                              07/25/2022 01:38:20 PAGE 1   


C51 COMPILER V9.60.0.0, COMPILATION OF MODULE UART
OBJECT MODULE PLACED IN .\Objects\uart.obj
COMPILER INVOKED BY: d:\Keil_v5\C51\BIN\C51.EXE src\uart.c OPTIMIZE(8,SPEED) BROWSE DEBUG OBJECTEXTEND PRINT(.\Listings\
                    -uart.lst) TABS(2) OBJECT(.\Objects\uart.obj)

line level    source

   1          #include "uart.h"
   2          #include <reg51.h>
   3          
   4          bit busyT;
   5          
   6          UART_onRec g_UART_callback = 0;
   7          
   8          // 4800bps@24.000MHz 8位自动重装
   9          void UART_Init_24MHz_4800bps(UART_onRec cb) {
  10   1        PCON &= 0x7F;   //波特率不倍速
  11   1        SCON = 0x50;    //8位数据,可变波特率
  12   1        AUXR &= 0xBF;   //定时器时钟12T模式
  13   1        AUXR &= 0xFE;   //串口1选择定时器1为波特率发生器
  14   1        TMOD &= 0x0F;   //设置定时器模式
  15   1        TMOD |= 0x20;   //设置定时器模式
  16   1        TL1 = 0xF3;   //设置定时初始值
  17   1        TH1 = 0xF3;   //设置定时重载值
  18   1        ET1 = 0;    //禁止定时器%d中断
  19   1        TR1 = 1;    //定时器1开始计时
  20   1        
  21   1        EA = 1;
  22   1        ES = 1;
  23   1        g_UART_callback = cb;
  24   1      }
  25          
  26          // 9600bps@11.0592MHz
  27          void UART_Init_110592MHz_9600bps(UART_onRec cb) {
  28   1        PCON &= 0x7F; //波特率不倍速
  29   1        SCON = 0x50; //8位数据,可变波特率
  30   1        AUXR &= 0xBF; //定时器时钟12T模式
  31   1        AUXR &= 0xFE; //串口1选择定时器1为波特率发生器
  32   1        TMOD &= 0x0F; //设置定时器模式
  33   1        TMOD |= 0x20; //设置定时器模式
  34   1        TL1 = 0xFD; //设置定时初始值
  35   1        TH1 = 0xFD; //设置定时重载值
  36   1        ET1 = 0; //禁止定时器%d中断
  37   1        TR1 = 1; //定时器1开始计时
  38   1        EA = 1;
  39   1        ES = 1;
  40   1        
  41   1        g_UART_callback = cb;
  42   1      }
  43          
  44          void UART_sendByte(char c) {
  45   1        while(busyT);
  46   1        SBUF = c;
  47   1        busyT = 1;
  48   1      }
  49          
  50          void UART_sendStr(char * s) {
  51   1        while(*s) {
  52   2          UART_sendByte(*s++);
  53   2        }
  54   1      }
C51 COMPILER V9.60.0.0   UART                                                              07/25/2022 01:38:20 PAGE 2   

  55          
  56          void s_interruption() interrupt 4 {
  57   1        if (RI) {
  58   2          u8 u;
  59   2          RI = 0;
  60   2          P2 = SBUF;
  61   2          
  62   2          u = P2;
  63   2          if (g_UART_callback) {
  64   3            g_UART_callback(u);
  65   3          }
  66   2        }
  67   1        if (TI) {
  68   2          TI = 0;
  69   2          busyT = 0;
  70   2        }
  71   1      }


MODULE INFORMATION:   STATIC OVERLAYABLE
   CODE SIZE        =    216    ----
   CONSTANT SIZE    =   ----    ----
   XDATA SIZE       =   ----    ----
   PDATA SIZE       =   ----    ----
   DATA SIZE        =      3       4
   IDATA SIZE       =   ----    ----
   BIT SIZE         =      1    ----
END OF MODULE INFORMATION.


C51 COMPILATION COMPLETE.  0 WARNING(S),  0 ERROR(S)
