C51 COMPILER V9.60.0.0   MAIN                                                              05/11/2022 21:10:29 PAGE 1   


C51 COMPILER V9.60.0.0, COMPILATION OF MODULE MAIN
OBJECT MODULE PLACED IN .\Objects\main.obj
COMPILER INVOKED BY: d:\Keil_v5\C51\BIN\C51.EXE main.c OPTIMIZE(8,SPEED) BROWSE DEBUG OBJECTEXTEND PRINT(.\Listings\main
                    -.lst) TABS(2) OBJECT(.\Objects\main.obj)

line level    source

   1          #include <reg51.h>
   2          
   3          sbit p01 = P0 ^ 1;
   4          
   5          unsigned char g_timercnt;
   6           
   7          void initPWMTimer() {
   8   1        TMOD &= 0x0F;   //设置定时器模式
   9   1        TL1 = 0xFF;   //设置定时初始值
  10   1        TH1 = 0xFF;   //设置定时初始值
  11   1        TF1 = 0;    //清除TF1标志
  12   1        TR1 = 1;    //定时器1开始计时
  13   1        ET1 = 1;
  14   1        EA = 1;
  15   1        g_timercnt = 0;
  16   1      }
  17          
  18          /*
  19           * 12T 8位自动重载
  20           * 10us
  21           */
  22           
  23          unsigned char DutyRatio = 10;
  24          sbit P_PWM = P0 ^ 0;
  25          
  26          void main() {
  27   1        P_PWM = 0;
  28   1        p01 = 1;
  29   1        initPWMTimer();
  30   1        while (1) {
  31   2          P2 = 0xff;
  32   2        }
  33   1      }
  34          
  35          void tm1_isr() interrupt 3 {
  36   1        ++g_timercnt;
  37   1        if (g_timercnt <= 4) {
  38   2          P_PWM = 1;
  39   2        } else {
  40   2          P_PWM = 0;
  41   2        }
  42   1        
  43   1        if (g_timercnt >= 5) {
  44   2          g_timercnt = 0;
  45   2        }
  46   1      }


MODULE INFORMATION:   STATIC OVERLAYABLE
   CODE SIZE        =     89    ----
   CONSTANT SIZE    =   ----    ----
   XDATA SIZE       =   ----    ----
   PDATA SIZE       =   ----    ----
   DATA SIZE        =      2    ----
C51 COMPILER V9.60.0.0   MAIN                                                              05/11/2022 21:10:29 PAGE 2   

   IDATA SIZE       =   ----    ----
   BIT SIZE         =   ----    ----
END OF MODULE INFORMATION.


C51 COMPILATION COMPLETE.  0 WARNING(S),  0 ERROR(S)
