C51 COMPILER V9.60.7.0   ACTION_DEF                                                        03/12/2024 10:57:20 PAGE 1   


C51 COMPILER V9.60.7.0, COMPILATION OF MODULE ACTION_DEF
OBJECT MODULE PLACED IN .\Objects\action_def.obj
COMPILER INVOKED BY: D:\Keil_v5\C51\BIN\C51.EXE src\action_def.c OPTIMIZE(8,SPEED) BROWSE DEBUG OBJECTEXTEND PRINT(.\Lis
                    -tings\action_def.lst) TABS(2) OBJECT(.\Objects\action_def.obj)

line level    source

   1          #include "action_def.h"
   2          
   3          
   4          // 角度 X 6 X 2, 一步周期数，每步步距角度
   5          u8 code ACT_FORWORD[CNT_ACTION_FORWARD][CNT_ITEM_PER_ACTION] = {
   6            75,   75,   150, 135, 0, 0,   105,  105, 150, 135, 0, 0, 1, 1,
   7            75,   75,   135, 135, 0, 0,   105,  105, 135, 135, 0, 0, 1, 1,
   8            105,  105,  135, 150, 0, 0,   75,   75, 135, 150, 0, 0, 1, 1, 
   9            105,  105,  135, 135, 0, 0,   75,   75, 135, 135, 0, 0, 1, 1,
  10            
  11            75,   75,   150, 135, 0, 0,   105,  105, 150, 135, 0, 0, 1, 1,
  12            75,   75,   135, 135, 0, 0,   105,  105, 135, 135, 0, 0, 1, 1,
  13            105,  105,  135, 150, 0, 0,   75,   75, 135, 150, 0, 0, 1, 1, 
  14            105,  105,  135, 135, 0, 0,   75,   75, 135, 135, 0, 0, 1, 1,
  15            
  16            75,   75,   150, 135, 0, 0,   105,  105, 150, 135, 0, 0, 1, 1,
  17            75,   75,   135, 135, 0, 0,   105,  105, 135, 135, 0, 0, 1, 1,
  18            105,  105,  135, 150, 0, 0,   75,   75, 135, 150, 0, 0, 1, 1, 
  19            105,  105,  135, 135, 0, 0,   75,   75, 135, 135, 0, 0, 1, 1,
  20            
  21            75,   75,   150, 135, 0, 0,   105,  105, 150, 135, 0, 0, 1, 1,
  22            75,   75,   135, 135, 0, 0,   105,  105, 135, 135, 0, 0, 1, 1,
  23            105,  105,  135, 150, 0, 0,   75,   75, 135, 150, 0, 0, 1, 1, 
  24            105,  105,  135, 135, 0, 0,   75,   75, 135, 135, 0, 0, 1, 1,
  25            
  26            75,   75,   150, 135, 0, 0,   105,  105, 150, 135, 0, 0, 1, 1,
  27            75,   75,   135, 135, 0, 0,   105,  105, 135, 135, 0, 0, 1, 1,
  28            105,  105,  135, 150, 0, 0,   75,   75, 135, 150, 0, 0, 1, 1, 
  29            105,  105,  135, 135, 0, 0,   75,   75, 135, 135, 0, 0, 1, 1,
  30            
  31            75,   75,   150, 135, 0, 0,   105,  105, 150, 135, 0, 0, 1, 1,
  32            75,   75,   135, 135, 0, 0,   105,  105, 135, 135, 0, 0, 1, 1,
  33            105,  105,  135, 150, 0, 0,   75,   75, 135, 150, 0, 0, 1, 1, 
  34            105,  105,  135, 135, 0, 0,   75,   75, 135, 135, 0, 0, 1, 1,
  35            
  36            // 90, 90, 135, 135, 0, 0, 90, 90, 135, 135, 0, 0, 1, 5,
  37          };


MODULE INFORMATION:   STATIC OVERLAYABLE
   CODE SIZE        =   ----    ----
   CONSTANT SIZE    =    336    ----
   XDATA SIZE       =   ----    ----
   PDATA SIZE       =   ----    ----
   DATA SIZE        =   ----    ----
   IDATA SIZE       =   ----    ----
   BIT SIZE         =   ----    ----
END OF MODULE INFORMATION.


C51 COMPILATION COMPLETE.  0 WARNING(S),  0 ERROR(S)
