C51 COMPILER V9.59.0.0   MAIN                                                              09/18/2020 18:51:36 PAGE 1   


C51 COMPILER V9.59.0.0, COMPILATION OF MODULE MAIN
OBJECT MODULE PLACED IN .\list\main.obj
COMPILER INVOKED BY: C:\Keil_v5\C51\BIN\C51.EXE main.c OPTIMIZE(8,SPEED) BROWSE DEBUG OBJECTEXTEND PRINT(.\list\main.lst
                    -) TABS(2) OBJECT(.\list\main.obj)

line level    source

   1          /*---------------------------------------------------------------------*/
   2          /* --- STC MCU Limited ------------------------------------------------*/
   3          /* --- STC 1T Series MCU Demo Programme -------------------------------*/
   4          /* --- Mobile: (86)13922805190 ----------------------------------------*/
   5          /* --- Fax: 86-0513-55012956,55012947,55012969 ------------------------*/
   6          /* --- Tel: 86-0513-55012928,55012929,55012966 ------------------------*/
   7          /* --- Web: www.STCMCU.com --------------------------------------------*/
   8          /* --- Web: www.STCMCUDATA.com  ---------------------------------------*/
   9          /* --- QQ:  800003751 -------------------------------------------------*/
  10          /* 如果要在程序中使用此代码,请在程序中注明使用了STC的资料及程序            */
  11          /*---------------------------------------------------------------------*/
  12          
  13          #include  "config.h"
  14          #include  "GPIO.h"
  15          #include  "delay.h"
  16          
  17          /***************  功能说明  ****************
  18          
  19          本例程基于STC8H8K64U为主控芯片的实验箱8进行编写测试，STC8G、STC8H系列芯片可通用参考.
  20          
  21          程序使用P6口来演示跑马灯，输出低驱动。
  22          
  23          下载时, 选择时钟 24MHz (可以在配置文件"config.h"中修改).
  24          
  25          ******************************************/
  26          
  27          /*************  本地常量声明  **************/
  28          u8 code ledNum[]={0x01,0x02,0x04,0x08,0x10,0x20,0x40,0x80};
  29          
  30          
  31          /*************  本地变量声明  **************/
  32          u8 ledIndex;
  33          
  34          
  35          /*************  本地函数声明  **************/
  36          
  37          
  38          /*************  外部函数和变量声明 *****************/
  39          
  40          
  41          /******************** IO配置函数 **************************/
  42          void  GPIO_config(void)
  43          {
  44   1        GPIO_InitTypeDef  GPIO_InitStructure;   //结构定义
  45   1        GPIO_InitStructure.Pin  = GPIO_Pin_0;   //指定要初始化的IO,
  46   1        GPIO_InitStructure.Mode = GPIO_PullUp;    //指定IO的输入或输出方式,GPIO_PullUp,GPIO_HighZ,GPIO_OUT_OD,GPIO_
             -OUT_PP
  47   1        GPIO_Inilize(GPIO_P4,&GPIO_InitStructure);  //初始化
  48   1      
  49   1        GPIO_InitStructure.Pin  = GPIO_Pin_All;   //指定要初始化的IO, GPIO_Pin_0 ~ GPIO_Pin_7
  50   1        GPIO_InitStructure.Mode = GPIO_PullUp;    //指定IO的输入或输出方式,GPIO_PullUp,GPIO_HighZ,GPIO_OUT_OD,GPIO_
             -OUT_PP
  51   1        GPIO_Inilize(GPIO_P6,&GPIO_InitStructure);  //初始化
  52   1      }
C51 COMPILER V9.59.0.0   MAIN                                                              09/18/2020 18:51:36 PAGE 2   

  53          
  54          /******************** 主函数 **************************/
  55          void main(void)
  56          {
  57   1        GPIO_config();
  58   1        P40 = 0;    //LED Power On
  59   1        ledIndex = 0;
  60   1        
  61   1        while(1)
  62   1        {
  63   2          P6 = ~ledNum[ledIndex]; //输出低驱动
  64   2          ledIndex++;
  65   2          if(ledIndex > 7)
  66   2          {
  67   3            ledIndex = 0;
  68   3          }
  69   2          delay_ms(250);
  70   2          delay_ms(250);
  71   2        }
  72   1      }
  73          
  74          
  75          
  76          


MODULE INFORMATION:   STATIC OVERLAYABLE
   CODE SIZE        =     77    ----
   CONSTANT SIZE    =      8    ----
   XDATA SIZE       =   ----    ----
   PDATA SIZE       =   ----    ----
   DATA SIZE        =      1       2
   IDATA SIZE       =   ----    ----
   BIT SIZE         =   ----    ----
END OF MODULE INFORMATION.


C51 COMPILATION COMPLETE.  0 WARNING(S),  0 ERROR(S)
