C51 COMPILER V9.60.7.0   CH9239                                                            04/15/2024 22:16:15 PAGE 1   


C51 COMPILER V9.60.7.0, COMPILATION OF MODULE CH9239
OBJECT MODULE PLACED IN .\Objects\CH9239.obj
COMPILER INVOKED BY: D:\Keil_v5\C51\BIN\C51.EXE src\CH9239.c OPTIMIZE(8,SPEED) BROWSE DEBUG OBJECTEXTEND PRINT(.\Listing
                    -s\CH9239.lst) TABS(2) OBJECT(.\Objects\CH9239.obj)

line level    source

   1          #include "CH9239.h"
   2          
   3          xdata u8 g_9329_cmd_len = 0;
   4          xdata u8 g_state_9329_rec = 0;
   5          xdata u8 g_9329_rec_len = 0;
   6          xdata u8 g_9329_rec[MAX_REC_LEN];
   7          
   8          bit ch9239_uart_stream(u8 d) {
   9   1        bit err = 0;
  10   1        bit finish = 0;
  11   1        switch (g_state_9329_rec) {
  12   2          case D_9239_HEAD_57: // HEAD 0x57
  13   2            err = (d != 0x57);
  14   2            g_state_9329_rec = D_9239_HEAD_AB;
  15   2            g_9329_rec_len = 0;
  16   2            break;
  17   2          case D_9239_HEAD_AB: // HEAD 0xAB
  18   2            err = (d != 0xAB);
  19   2            g_state_9329_rec = D_9239_ADDR_CODE;
  20   2            break;
  21   2          case D_9239_ADDR_CODE: // ADDR CODE
  22   2            g_state_9329_rec = D_9329_CMD_CODE;
  23   2            err = 0;
  24   2            break;
  25   2          case D_9329_CMD_CODE: // CMD CODE
  26   2            g_state_9329_rec = D_9329_LEN;
  27   2            err = 0;
  28   2            break;
  29   2          case D_9329_LEN: // DATA LEN
  30   2            g_state_9329_rec = D_9329_DATA;
  31   2            g_9329_cmd_len = d;
  32   2            err = 0;
  33   2            break;
  34   2          case D_9329_DATA:
  35   2            err = 0;
  36   2            --g_9329_cmd_len;
  37   2            if (g_9329_cmd_len == 0) {
  38   3              g_state_9329_rec = D_9329_SUM;
  39   3            }
  40   2            break;
  41   2          case D_9329_SUM:
  42   2            g_state_9329_rec = D_9239_HEAD_57;
  43   2            finish = 1;
  44   2            err = 0;
  45   2            break;
  46   2          default:
  47   2            err = 1;
  48   2            break;
  49   2        }
  50   1      
  51   1        if (err) {
  52   2          g_state_9329_rec = 0;
  53   2          g_9329_cmd_len = 0;
  54   2          g_9329_rec_len = 0;
C51 COMPILER V9.60.7.0   CH9239                                                            04/15/2024 22:16:15 PAGE 2   

  55   2        } else {
  56   2          g_9329_rec[g_9329_rec_len++] = d;
  57   2          if (finish) {
  58   3            u8 sum = ch9239_sum(g_9329_rec, g_9329_rec_len - 1);
  59   3            if (d != sum) {
  60   4              g_state_9329_rec = 0;
  61   4              g_9329_cmd_len = 0;
  62   4              g_9329_rec_len = 0;
  63   4              finish = 0;
  64   4            }
  65   3          }
  66   2        }
  67   1        return finish;
  68   1      }
  69          
  70          u8 ch9239_sum(u8 * buf, u8 l) {
  71   1        xdata u8 sum = 0;
  72   1        for (; l > 0;) {
  73   2          sum += buf[--l];
  74   2        }
  75   1        return sum;
  76   1      }


MODULE INFORMATION:   STATIC OVERLAYABLE
   CODE SIZE        =    272    ----
   CONSTANT SIZE    =   ----    ----
   XDATA SIZE       =    103       1
   PDATA SIZE       =   ----    ----
   DATA SIZE        =   ----       5
   IDATA SIZE       =   ----    ----
   BIT SIZE         =   ----       2
END OF MODULE INFORMATION.


C51 COMPILATION COMPLETE.  0 WARNING(S),  0 ERROR(S)
