C51 COMPILER V9.60.7.0   STC8A_UART_ISR                                                    04/18/2024 10:58:28 PAGE 1   


C51 COMPILER V9.60.7.0, COMPILATION OF MODULE STC8A_UART_ISR
OBJECT MODULE PLACED IN .\Objects\STC8A_UART_Isr.obj
COMPILER INVOKED BY: D:\Keil_v5\C51\BIN\C51.EXE src\STC8A_UART_Isr.c OPTIMIZE(8,SPEED) BROWSE DEBUG OBJECTEXTEND PRINT(.
                    -\Listings\STC8A_UART_Isr.lst) TABS(2) OBJECT(.\Objects\STC8A_UART_Isr.obj)

line level    source

   1          /*---------------------------------------------------------------------*/
   2          /* --- STC MCU Limited ------------------------------------------------*/
   3          /* --- STC 1T Series MCU Demo Programme -------------------------------*/
   4          /* --- Mobile: (86)13922805190 ----------------------------------------*/
   5          /* --- Fax: 86-0513-55012956,55012947,55012969 ------------------------*/
   6          /* --- Tel: 86-0513-55012928,55012929,55012966 ------------------------*/
   7          /* --- Web: www.STCMCU.com --------------------------------------------*/
   8          /* --- Web: www.STCMCUDATA.com  ---------------------------------------*/
   9          /* --- QQ:  800003751 -------------------------------------------------*/
  10          /* 如果要在程序中使用此代码,请在程序中注明使用了STC的资料及程序            */
  11          /*---------------------------------------------------------------------*/
  12          
  13          #include "STC8A_UART.h"
  14          #include "typedef.h"
  15          #include "main.h"
  16          
  17          //========================================================================
  18          // 函数: UART1_ISR_Handler
  19          // 描述: UART1中断函数.
  20          // 参数: none.
  21          // 返回: none.
  22          // 版本: V1.0, 2020-09-23
  23          //========================================================================
  24          
  25          CB_1Byte g_onURAT_1Byte_CB = NULL;
  26          #ifdef UART1
  27          void UART1_ISR_Handler (void) interrupt UART1_VECTOR
  28          {
  29   1        if(RI)
  30   1        {
  31   2          xdata u8 buf;
  32   2          RI = 0;
  33   2          /*if(COM1.B_RX_OK == 0)
  34   2          {
  35   2            if(COM1.RX_Cnt >= COM_RX1_Lenth)  COM1.RX_Cnt = 0;
  36   2            RX1_Buffer[COM1.RX_Cnt++] = SBUF;
  37   2            COM1.RX_TimeOut = TimeOutSet1;
  38   2          }*/
  39   2          buf = SBUF;
  40   2          on_UART_Rec_1Byte(buf);
  41   2        }
  42   1      
  43   1        if(TI)
  44   1        {
  45   2          P00 = 0;
  46   2          TI = 0;
  47   2          COM1.B_TX_busy = 0;
  48   2          
  49   2      //    if(COM1.TX_read != COM1.TX_write)
  50   2      //    {
  51   2      //      SBUF = TX1_Buffer[COM1.TX_read];
  52   2      //      if(++COM1.TX_read >= COM_TX1_Lenth)   COM1.TX_read = 0;
  53   2      //    }
  54   2      //    else  COM1.B_TX_busy = 0;
C51 COMPILER V9.60.7.0   STC8A_UART_ISR                                                    04/18/2024 10:58:28 PAGE 2   

  55   2        }
  56   1      }
  57          #endif
  58          
  59          //========================================================================
  60          // 函数: UART2_ISR_Handler
  61          // 描述: UART2中断函数.
  62          // 参数: none.
  63          // 返回: none.
  64          // 版本: V1.0, 2020-09-23
  65          //========================================================================
  66          #ifdef UART2
              void UART2_ISR_Handler (void) interrupt UART2_VECTOR
              {
                if(RI2)
                {
                  CLR_RI2();
                  if(COM2.B_RX_OK == 0)
                  {
                    if(COM2.RX_Cnt >= COM_RX2_Lenth)  COM2.RX_Cnt = 0;
                    RX2_Buffer[COM2.RX_Cnt++] = S2BUF;
                    COM2.RX_TimeOut = TimeOutSet2;
                  }
                }
              
                if(TI2)
                {
                  CLR_TI2();
                  COM2.B_TX_busy = 0;
                  
              //    if(COM2.TX_read != COM2.TX_write)
              //    {
              //      S2BUF = TX2_Buffer[COM2.TX_read];
              //      if(++COM2.TX_read >= COM_TX2_Lenth)   COM2.TX_read = 0;
              //    }
              //    else  COM2.B_TX_busy = 0;
                }
              }
              #endif
  94          
  95          //========================================================================
  96          // 函数: UART3_ISR_Handler
  97          // 描述: UART3中断函数.
  98          // 参数: none.
  99          // 返回: none.
 100          // 版本: V1.0, 2020-09-23
 101          //========================================================================
 102          #ifdef UART3
              void UART3_ISR_Handler (void) interrupt UART3_VECTOR
              {
                if(RI3)
                {
                  xdata u8 buf;
                  CLR_RI3();
                  buf = S3BUF;
                  if (g_onURAT_1Byte_CB != NULL) {
                    (* g_onURAT_1Byte_CB) (buf);
                  }
                  /*CLR_RI3();
                  if(COM3.B_RX_OK == 0)
                  {
                    if(COM3.RX_Cnt >= COM_RX3_Lenth)  COM3.RX_Cnt = 0;
C51 COMPILER V9.60.7.0   STC8A_UART_ISR                                                    04/18/2024 10:58:28 PAGE 3   

                    RX3_Buffer[COM3.RX_Cnt++] = S3BUF;
                    COM3.RX_TimeOut = TimeOutSet3;
                  }*/
                }
              
                if(TI3)
                {
                  CLR_TI3();
                  COM3.B_TX_busy = 0;
                  
              //    if(COM3.TX_read != COM3.TX_write)
              //    {
              //      S3BUF = TX3_Buffer[COM3.TX_read];
              //      if(++COM3.TX_read >= COM_TX3_Lenth)   COM3.TX_read = 0;
              //    }
              //    else  COM3.B_TX_busy = 0;
                }
              }
              #endif
 136          
 137          //========================================================================
 138          // 函数: UART4_ISR_Handler
 139          // 描述: UART4中断函数.
 140          // 参数: none.
 141          // 返回: none.
 142          // 版本: V1.0, 2020-09-23
 143          //========================================================================
 144          #ifdef UART4
              void UART4_ISR_Handler (void) interrupt UART4_VECTOR
              {
                if(RI4)
                {
                  CLR_RI4();
                  if(COM4.B_RX_OK == 0)
                  {
                    if(COM4.RX_Cnt >= COM_RX4_Lenth)  COM4.RX_Cnt = 0;
                    RX4_Buffer[COM4.RX_Cnt++] = S4BUF;
                    COM4.RX_TimeOut = TimeOutSet4;
                  }
                }
              
                if(TI4)
                {
                  CLR_TI4();
                  COM4.B_TX_busy = 0;
                  
              //    if(COM4.TX_read != COM4.TX_write)
              //    {
              //      S4BUF = TX4_Buffer[COM4.TX_read];
              //      if(++COM4.TX_read >= COM_TX4_Lenth)   COM4.TX_read = 0;
              //    }
              //    else  COM4.B_TX_busy = 0;
                }
              }
              #endif


MODULE INFORMATION:   STATIC OVERLAYABLE
   CODE SIZE        =     82    ----
   CONSTANT SIZE    =   ----    ----
   XDATA SIZE       =   ----       1
   PDATA SIZE       =   ----    ----
C51 COMPILER V9.60.7.0   STC8A_UART_ISR                                                    04/18/2024 10:58:28 PAGE 4   

   DATA SIZE        =      3    ----
   IDATA SIZE       =   ----    ----
   BIT SIZE         =   ----    ----
END OF MODULE INFORMATION.


C51 COMPILATION COMPLETE.  0 WARNING(S),  0 ERROR(S)
