C51 COMPILER V9.60.7.0   MAIN                                                              03/02/2024 16:35:48 PAGE 1   


C51 COMPILER V9.60.7.0, COMPILATION OF MODULE MAIN
OBJECT MODULE PLACED IN .\Objects\main.obj
COMPILER INVOKED BY: D:\Keil_v5\C51\BIN\C51.EXE src\main.c OPTIMIZE(8,SPEED) BROWSE DEBUG OBJECTEXTEND PRINT(.\Listings\
                    -main.lst) TABS(2) OBJECT(.\Objects\main.obj)

line level    source

   1          #include "stc8a8k64d4.H"
   2          #include "stc8a_gpio.H"
   3          #include "stc8a_spi.h"
   4          #include "stc8a_nvic.h"
   5          #include "typedef.h"
   6          #include "oled12864.h"
   7          #include "uart.h"
   8          #include "stc8a_adc.h"
   9          #include "stc8a_switch.h"
  10          #include "dtos.h"
  11          #include "G01_S.h"
  12          
  13          void OLED_GPIO_Config() {
  14   1        GPIO_InitTypeDef conf;
  15   1        conf.Mode = GPIO_PullUp;
  16   1        conf.Pin = GPIO_Pin_0 | GPIO_Pin_1 | GPIO_Pin_2;
  17   1        GPIO_Inilize(GPIO_P0, &conf);
  18   1      
  19   1        conf.Mode = GPIO_PullUp;
  20   1        conf.Pin = GPIO_Pin_7 | GPIO_Pin_6;
  21   1        GPIO_Inilize(GPIO_P2, &conf);
  22   1      }
  23          
  24          void OLED12864_Init() {
  25   1        OLED_GPIO_Config();
  26   1        OLED_Init();
  27   1      }
  28          
  29          void LED_GPIO_Config() {
  30   1        GPIO_InitTypeDef conf;
  31   1        conf.Mode = GPIO_PullUp;
  32   1        conf.Pin = GPIO_Pin_7;
  33   1        GPIO_Inilize(GPIO_P1, &conf);
  34   1      
  35   1        conf.Mode = GPIO_PullUp;
  36   1        conf.Pin = GPIO_Pin_5;
  37   1        GPIO_Inilize(GPIO_P5, &conf);
  38   1      
  39   1        conf.Mode = GPIO_PullUp;
  40   1        conf.Pin = GPIO_Pin_0;
  41   1        GPIO_Inilize(GPIO_P4, &conf);
  42   1      }
  43          
  44          void G01_S_GPIO_config() {
  45   1        xdata GPIO_InitTypeDef conf;
  46   1        conf.Mode = GPIO_PullUp;  
  47   1        conf.Pin = GPIO_Pin_0;
  48   1        GPIO_Inilize(GPIO_P2, &conf);
  49   1        
  50   1        conf.Pin = GPIO_Pin_1;
  51   1        GPIO_Inilize(GPIO_P4, &conf);
  52   1      
  53   1        conf.Pin = GPIO_Pin_4 | GPIO_Pin_5 | GPIO_Pin_6 | GPIO_Pin_7;
  54   1        GPIO_Inilize(GPIO_P3, &conf);
C51 COMPILER V9.60.7.0   MAIN                                                              03/02/2024 16:35:48 PAGE 2   

  55   1        
  56   1        NRF24L01_Gpio_Init();
  57   1      }
  58          
  59          void main() {
  60   1        bit exist;
  61   1        
  62   1        OLED12864_Init();
  63   1      
  64   1        G01_S_GPIO_config();
  65   1      
  66   1        OLED_ShowString(0, 0, "CHECK MODULE...");
  67   1        exist = NRF24L01_check();
  68   1        
  69   1        if (exist) {
  70   2          OLED_ShowString(0, 2, "DONE");
  71   2        } else {
  72   2          OLED_ShowString(0, 2, "NOT EXIST");
  73   2        }
  74   1      
  75   1        while(1) {
  76   2        }
  77   1      }


MODULE INFORMATION:   STATIC OVERLAYABLE
   CODE SIZE        =    187    ----
   CONSTANT SIZE    =     31    ----
   XDATA SIZE       =   ----       2
   PDATA SIZE       =   ----    ----
   DATA SIZE        =   ----       4
   IDATA SIZE       =   ----    ----
   BIT SIZE         =   ----       1
END OF MODULE INFORMATION.


C51 COMPILATION COMPLETE.  0 WARNING(S),  0 ERROR(S)
