C51 COMPILER V9.60.0.0   DELAY                                                             08/01/2022 01:38:25 PAGE 1   


C51 COMPILER V9.60.0.0, COMPILATION OF MODULE DELAY
OBJECT MODULE PLACED IN .\Objects\delay.obj
COMPILER INVOKED BY: d:\Keil_v5\C51\BIN\C51.EXE src\com\delay.c OPTIMIZE(8,SPEED) BROWSE INCDIR(.\src) DEBUG OBJECTEXTEN
                    -D PRINT(.\Listings\delay.lst) TABS(2) OBJECT(.\Objects\delay.obj)

line level    source

   1          #include "delay.h"
*** ERROR C129 IN LINE 10 OF \hw\KeilProjects\STC8A8K64D4\MPU6500Ó²¼þI2C\src\stc/stc8a8k64d4.H: missing ';' before 'sfr'
   2          
   3          void Delay1ms() {
   4            unsigned char i, j;
   5            _nop_();
   6            _nop_();
   7            _nop_();
   8            i = 11;
   9            j = 190;
  10            do {
  11              while (--j);
  12            } while (--i);
  13          }
  14          
  15          void delay_ms(u8 ms) {
  16            while (ms--) {
  17              Delay1ms();
  18            }
  19          }

C51 COMPILATION COMPLETE.  0 WARNING(S),  1 ERROR(S)
