C51 COMPILER V9.60.0.0   MAIN                                                              08/01/2022 01:38:23 PAGE 1   


C51 COMPILER V9.60.0.0, COMPILATION OF MODULE MAIN
OBJECT MODULE PLACED IN .\Objects\main.obj
COMPILER INVOKED BY: d:\Keil_v5\C51\BIN\C51.EXE main.c OPTIMIZE(8,SPEED) BROWSE INCDIR(.\src) DEBUG OBJECTEXTEND PRINT(.
                    -\Listings\main.lst) TABS(2) OBJECT(.\Objects\main.obj)

line level    source

   1          /*#include "stc/stc8a8k64d4.H"
   2          #include "stc/stc8a_gpio.H"
   3          #include "stc/STC8A_I2C.h"
   4          #include "stc/stc8a_switch.h"
   5          #include "stc/stc8a_nvic.h"*/
   6          #include "typedef.h"
*** ERROR C129 IN LINE 10 OF \hw\KeilProjects\STC8A8K64D4\MPU6500硬件I2C\src\stc/stc8a8k64d4.H: missing ';' before 'sfr'
   7          /*#include "12864/oled12864.h"
   8          #include "mpu6500/mpu6500.h"
   9          #include "stdio.h"*/
  10          
  11          float xdata g_AX, g_AY = 0, g_AZ = 0;
  12          float xdata g_GX = 0, g_GY = 0, g_GZ = 0;
  13          
  14          /*void GPIO_Config() {
  15            GPIO_InitTypeDef conf;
  16            conf.Mode = GPIO_OUT_OD;
  17            conf.Pin = GPIO_Pin_All;
  18            GPIO_Inilize(GPIO_P0, &conf);
  19            
  20            P1_MODE_IO_PU(GPIO_Pin_4 | GPIO_Pin_5);
  21          }
  22          
  23          void I2C_Config() {
  24            I2C_InitTypeDef conf;
  25            conf.I2C_Mode = I2C_Mode_Master; //主从选择   I2C_Mode_Master, I2C_Mode_Slave
  26            conf.I2C_Enable = ENABLE; //I2C功能使能,   ENABLE, DISABLE
  27            conf.I2C_MS_WDTA = DISABLE; //主机使能自动发送,  ENABLE, DISABLE
  28            conf.I2C_Speed = 16; //总线速度=Fosc/2/(Speed*2+4),      0~63
  29            I2C_Init(&conf);
  30            NVIC_I2C_Init(I2C_Mode_Master, DISABLE,Priority_0); //主从模式, I2C_Mode_Master, I2C_Mode_Slave; 中断使能
             -, ENABLE/DISABLE; 优先级(低到高) Priority_0,Priority_1,Priority_2,Priority_3
  31          
  32            I2C_SW(I2C_P14_P15);
  33          }*/
  34          
  35          void main() {
  36            /*GPIO_Config();
  37            OLED_Init();
  38            I2C_Config();*/
  39          }

C51 COMPILATION COMPLETE.  0 WARNING(S),  1 ERROR(S)
