C51 COMPILER V9.60.0.0   STC8A_I2C_ISR                                                     08/01/2022 01:38:23 PAGE 1   


C51 COMPILER V9.60.0.0, COMPILATION OF MODULE STC8A_I2C_ISR
OBJECT MODULE PLACED IN .\Objects\STC8A_I2C_Isr.obj
COMPILER INVOKED BY: d:\Keil_v5\C51\BIN\C51.EXE src\stc\STC8A_I2C_Isr.c OPTIMIZE(8,SPEED) BROWSE INCDIR(.\src) DEBUG OBJ
                    -ECTEXTEND PRINT(.\Listings\STC8A_I2C_Isr.lst) TABS(2) OBJECT(.\Objects\STC8A_I2C_Isr.obj)

line level    source

   1          /*---------------------------------------------------------------------*/
   2          /* --- STC MCU Limited ------------------------------------------------*/
   3          /* --- STC 1T Series MCU Demo Programme -------------------------------*/
   4          /* --- Mobile: (86)13922805190 ----------------------------------------*/
   5          /* --- Fax: 86-0513-55012956,55012947,55012969 ------------------------*/
   6          /* --- Tel: 86-0513-55012928,55012929,55012966 ------------------------*/
   7          /* --- Web: www.STCMCU.com --------------------------------------------*/
   8          /* --- Web: www.STCMCUDATA.com  ---------------------------------------*/
   9          /* --- QQ:  800003751 -------------------------------------------------*/
  10          /* 如果要在程序中使用此代码,请在程序中注明使用了STC的资料及程序            */
  11          /*---------------------------------------------------------------------*/
  12          
  13          #include  "STC8A_I2C.h"
*** ERROR C129 IN LINE 19 OF d:\Keil_v5\C51\Inc\intrins.h: missing ';' before 'extern'
  14          
  15          //========================================================================
  16          //                               本地变量声明
  17          //========================================================================
  18          
  19          I2C_IsrTypeDef xdata I2CIsr;
  20          bit DisplayFlag;
  21          
  22          //========================================================================
  23          //                            外部函数和变量声明
  24          //========================================================================
  25          
  26          
  27          //========================================================================
  28          // 函数: I2C_ISR_Handler
  29          // 描述: I2C中断函数.
  30          // 参数: none.
  31          // 返回: none.
  32          // 版本: V1.0, 2020-09-23
  33          //========================================================================
  34          void I2C_ISR_Handler() interrupt I2C_VECTOR
  35          {
  36            char store;
  37            
  38            store = P_SW2;
  39            P_SW2 |= 0x80;
  40          
  41            // TODO: 在此处添加用户代码
  42            if (I2CSLST & 0x40)
  43            {
  44              I2CSLST &= ~0x40;                       //处理START事件
  45            }
  46            else if (I2CSLST & 0x20)
  47            {
  48              I2CSLST &= ~0x20;                       //处理RECV事件，SLACKO设置为0
  49              if (I2CIsr.isda)
  50              {
  51                I2CIsr.isda = 0;                           //处理RECV事件（RECV DEVICE ADDR）
  52              }
  53              else if (I2CIsr.isma)
C51 COMPILER V9.60.0.0   STC8A_I2C_ISR                                                     08/01/2022 01:38:23 PAGE 2   

  54              {
  55                I2CIsr.isma = 0;                           //处理RECV事件（RECV MEMORY ADDR）
  56                I2CIsr.addr = I2CRXD;
  57                I2CTXD = I2C_Buffer[I2CIsr.addr];
  58              }
  59              else
  60              {
  61                I2C_Buffer[I2CIsr.addr++] = I2CRXD;            //处理RECV事件（RECV DATA）
  62              }
  63            }
  64            else if (I2CSLST & 0x10)
  65            {
  66              I2CSLST &= ~0x10;                       //处理SEND事件
  67              if (I2CSLST & 0x02)
  68              {
  69                I2CTXD = 0xff;
  70              }
  71              else
  72              {
  73                I2CTXD = I2C_Buffer[++I2CIsr.addr];
  74              }
  75            }
  76            else if (I2CSLST & 0x08)
  77            {
  78              I2CSLST &= ~0x08;                       //处理STOP事件
  79              I2CIsr.isda = 1;
  80              I2CIsr.isma = 1;
  81              DisplayFlag = 1;
  82            }
  83          
  84            P_SW2 = store;
  85          }
  86          

C51 COMPILATION COMPLETE.  0 WARNING(S),  1 ERROR(S)
