C51 COMPILER V9.60.0.0   STC8A_I2C                                                         08/01/2022 01:38:23 PAGE 1   


C51 COMPILER V9.60.0.0, COMPILATION OF MODULE STC8A_I2C
OBJECT MODULE PLACED IN .\Objects\STC8A_I2C.obj
COMPILER INVOKED BY: d:\Keil_v5\C51\BIN\C51.EXE src\stc\STC8A_I2C.c OPTIMIZE(8,SPEED) BROWSE INCDIR(.\src) DEBUG OBJECTE
                    -XTEND PRINT(.\Listings\STC8A_I2C.lst) TABS(2) OBJECT(.\Objects\STC8A_I2C.obj)

line level    source

   1          /*---------------------------------------------------------------------*/
   2          /* --- STC MCU Limited ------------------------------------------------*/
   3          /* --- STC 1T Series MCU Demo Programme -------------------------------*/
   4          /* --- Mobile: (86)13922805190 ----------------------------------------*/
   5          /* --- Fax: 86-0513-55012956,55012947,55012969 ------------------------*/
   6          /* --- Tel: 86-0513-55012928,55012929,55012966 ------------------------*/
   7          /* --- Web: www.STCMCU.com --------------------------------------------*/
   8          /* --- Web: www.STCMCUDATA.com  ---------------------------------------*/
   9          /* --- QQ:  800003751 -------------------------------------------------*/
  10          /* 如果要在程序中使用此代码,请在程序中注明使用了STC的资料及程序            */
  11          /*---------------------------------------------------------------------*/
  12          
  13          #include  "STC8A_I2C.h"
*** ERROR C129 IN LINE 19 OF d:\Keil_v5\C51\Inc\intrins.h: missing ';' before 'extern'
  14          
  15          u8 xdata I2C_Buffer[I2C_BUF_LENTH];
  16          //u8 xdata *I2C_Buffer;
  17          
  18          #define SLAW    0xA2
  19          #define SLAR    0xA3
  20          
  21          //========================================================================
  22          // 函数: void I2C_Init(I2C_InitTypeDef *I2Cx)
  23          // 描述: I2C初始化程序.
  24          // 参数: I2Cx: 结构参数,请参考I2C.h里的定义.
  25          // 返回: none.
  26          // 版本: V1.0, 2012-11-22
  27          //========================================================================
  28          void  I2C_Init(I2C_InitTypeDef *I2Cx)
  29          {
  30            EAXSFR();   /* MOVX A,@DPTR/MOVX @DPTR,A指令的操作对象为扩展SFR(XSFR) */
  31            
  32            if(I2Cx->I2C_Mode == I2C_Mode_Master)
  33            {
  34              I2C_Master();     //设为主机  
  35              I2CMSST = 0x00;   //清除I2C主机状态寄存器
  36              I2C_SetSpeed(I2Cx->I2C_Speed);
  37              if(I2Cx->I2C_MS_WDTA == ENABLE)   I2C_WDTA_EN();  //使能自动发送
  38              else                  I2C_WDTA_DIS(); //禁止自动发送
  39            }
  40            else
  41            {
  42              I2C_Slave();  //设为从机
  43              I2CSLST = 0x00;   //清除I2C从机状态寄存器
  44              I2C_Address(I2Cx->I2C_SL_ADR);
  45              if(I2Cx->I2C_SL_MA == ENABLE)   I2C_MATCH_EN(); //从机地址比较功能，只接受相匹配地址
  46              else                  I2C_MATCH_DIS();  //禁止从机地址比较功能，接受所有设备地址
  47            }
  48            
  49            I2C_Function(I2Cx->I2C_Enable);
  50            
  51          //  if(I2C_Buffer){free(I2C_Buffer);I2C_Buffer = NULL;} //free memory
  52          //  I2C_Buffer = (u8*)malloc(sizeof(u8)*I2C_BUF_LENTH);
  53          
C51 COMPILER V9.60.0.0   STC8A_I2C                                                         08/01/2022 01:38:23 PAGE 2   

  54            EAXRAM();   /* MOVX A,@DPTR/MOVX @DPTR,A指令的操作对象为扩展RAM(XRAM) */
  55          }
  56          
  57          //========================================================================
  58          // 函数: void Wait (void)
  59          // 描述: 等待主机模式I2C控制器执行完成I2CMSCR.
  60          // 参数: mode: 指定模式, 取值 I2C_Mode_Master 或 I2C_Mode_Slave.
  61          // 返回: none.
  62          // 版本: V1.0, 2012-11-22
  63          //========================================================================
  64          void Wait()
  65          {
  66            while (!(I2CMSST & 0x40));
  67            I2CMSST &= ~0x40;
  68          }
  69          
  70          //========================================================================
  71          // 函数: void Start (void)
  72          // 描述: I2C总线起始函数.
  73          // 参数: none.
  74          // 返回: none.
  75          // 版本: V1.0, 2020-09-15
  76          //========================================================================
  77          void Start()
  78          {
  79            I2CMSCR = 0x01;                         //发送START命令
  80            Wait();
  81          }
  82          
  83          //========================================================================
  84          // 函数: void SendData (char dat)
  85          // 描述: I2C发送一个字节数据函数.
  86          // 参数: 发送的数据.
  87          // 返回: none.
  88          // 版本: V1.0, 2020-09-15
  89          //========================================================================
  90          void SendData(char dat)
  91          {
  92            I2CTXD = dat;                           //写数据到数据缓冲区
  93            I2CMSCR = 0x02;                         //发送SEND命令
  94            Wait();
  95          }
  96          
  97          //========================================================================
  98          // 函数: void RecvACK (void)
  99          // 描述: I2C获取ACK函数.
 100          // 参数: none.
 101          // 返回: none.
 102          // 版本: V1.0, 2020-09-15
 103          //========================================================================
 104          void RecvACK()
 105          {
 106            I2CMSCR = 0x03;                         //发送读ACK命令
 107            Wait();
 108          }
 109          
 110          //========================================================================
 111          // 函数: char RecvData (void)
 112          // 描述: I2C读取一个字节数据函数.
 113          // 参数: none.
 114          // 返回: 读取数据.
 115          // 版本: V1.0, 2020-09-15
C51 COMPILER V9.60.0.0   STC8A_I2C                                                         08/01/2022 01:38:23 PAGE 3   

 116          //========================================================================
 117          char RecvData()
 118          {
 119            I2CMSCR = 0x04;                         //发送RECV命令
 120            Wait();
 121            return I2CRXD;
 122          }
 123          
 124          //========================================================================
 125          // 函数: void SendACK (void)
 126          // 描述: I2C发送ACK函数.
 127          // 参数: none.
 128          // 返回: none.
 129          // 版本: V1.0, 2020-09-15
 130          //========================================================================
 131          void SendACK()
 132          {
 133            I2CMSST = 0x00;                         //设置ACK信号
 134            I2CMSCR = 0x05;                         //发送ACK命令
 135            Wait();
 136          }
 137          
 138          //========================================================================
 139          // 函数: void SendNAK (void)
 140          // 描述: I2C发送NAK函数.
 141          // 参数: none.
 142          // 返回: none.
 143          // 版本: V1.0, 2020-09-15
 144          //========================================================================
 145          void SendNAK()
 146          {
 147            I2CMSST = 0x01;                         //设置NAK信号
 148            I2CMSCR = 0x05;                         //发送ACK命令
 149            Wait();
 150          }
 151          
 152          //========================================================================
 153          // 函数: void Stop (void)
 154          // 描述: I2C总线停止函数.
 155          // 参数: none.
 156          // 返回: none.
 157          // 版本: V1.0, 2020-09-15
 158          //========================================================================
 159          void Stop()
 160          {
 161            I2CMSCR = 0x06;                         //发送STOP命令
 162            Wait();
 163          }
 164          
 165          //========================================================================
 166          // 函数: void I2C_WriteNbyte(u8 addr, u8 *p, u8 number)
 167          // 描述: I2C写入数据函数.
 168          // 参数: addr: 指定地址, *p写入数据存储位置, number写入数据个数.
 169          // 返回: none.
 170          // 版本: V1.0, 2020-09-15
 171          //========================================================================
 172          void I2C_WriteNbyte(u8 addr, u8 *p, u8 number)  /*  WordAddress,First Data Address,Byte lenth   */
 173          {
 174            EAXSFR();   /* MOVX A,@DPTR/MOVX @DPTR,A指令的操作对象为扩展SFR(XSFR) */
 175            Start();                                //发送起始命令
 176            SendData(SLAW);                         //发送设备地址+写命令
 177            RecvACK();
C51 COMPILER V9.60.0.0   STC8A_I2C                                                         08/01/2022 01:38:23 PAGE 4   

 178            SendData(addr);                         //发送存储地址
 179            RecvACK();
 180            do
 181            {
 182              SendData(*p++);
 183              RecvACK();
 184            }
 185            while(--number);
 186            Stop();                                 //发送停止命令
 187            EAXRAM();   /* MOVX A,@DPTR/MOVX @DPTR,A指令的操作对象为扩展RAM(XRAM) */
 188          }
 189          
 190          void I2C_WriteNbyte_DAddr(u8 daddr, u8 addr, u8 * p, u8 number) {
 191            EAXSFR();   /* MOVX A,@DPTR/MOVX @DPTR,A指令的操作对象为扩展SFR(XSFR) */
 192            Start();                                //发送起始命令
 193            SendData(daddr);                         //发送设备地址+写命令
 194            RecvACK();
 195            SendData(addr);                         //发送存储地址
 196            RecvACK();
 197            do
 198            {
 199              SendData(*p++);
 200              RecvACK();
 201            }
 202            while(--number);
 203            Stop();                                 //发送停止命令
 204            EAXRAM();   /* MOVX A,@DPTR/MOVX @DPTR,A指令的操作对象为扩展RAM(XRAM) */
 205          }
 206          
 207          //========================================================================
 208          // 函数: void I2C_ReadNbyte(u8 addr, u8 *p, u8 number)
 209          // 描述: I2C读取数据函数.
 210          // 参数: addr: 指定地址, *p读取数据存储位置, number读取数据个数.
 211          // 返回: none.
 212          // 版本: V1.0, 2020-09-15
 213          //========================================================================
 214          void I2C_ReadNbyte(u8 addr, u8 *p, u8 number)   /*  WordAddress,First Data Address,Byte lenth   */
 215          {
 216            EAXSFR();   /* MOVX A,@DPTR/MOVX @DPTR,A指令的操作对象为扩展SFR(XSFR) */
 217            Start();                                //发送起始命令
 218            SendData(SLAW);                         //发送设备地址+写命令
 219            RecvACK();
 220            SendData(addr);                         //发送存储地址
 221            RecvACK();
 222            Start();                                //发送起始命令
 223            SendData(SLAR);                         //发送设备地址+读命令
 224            RecvACK();
 225            do
 226            {
 227              *p = RecvData();
 228              p++;
 229              if(number != 1) SendACK();          //send ACK
 230            }
 231            while(--number);
 232            SendNAK();                              //send no ACK 
 233            Stop();                                 //发送停止命令
 234            EAXRAM();   /* MOVX A,@DPTR/MOVX @DPTR,A指令的操作对象为扩展RAM(XRAM) */
 235          }
 236          
 237          void I2C_ReadNbyte_DAddr(u8 daddr, u8 addr, u8 *p, u8 number)   /*  WordAddress,First Data Address,Byte le
             -nth   */
 238          {
C51 COMPILER V9.60.0.0   STC8A_I2C                                                         08/01/2022 01:38:23 PAGE 5   

 239            EAXSFR();   /* MOVX A,@DPTR/MOVX @DPTR,A指令的操作对象为扩展SFR(XSFR) */
 240            Start();                                //发送起始命令
 241            SendData(daddr);                         //发送设备地址+写命令
 242            RecvACK();
 243            SendData(addr);                         //发送存储地址
 244            RecvACK();
 245            Start();                                //发送起始命令
 246            SendData(daddr + 1);                         //发送设备地址+读命令
 247            RecvACK();
 248            do
 249            {
 250              *p = RecvData();
 251              p++;
 252              if(number != 1) SendACK();          //send ACK
 253            }
 254            while(--number);
 255            SendNAK();                              //send no ACK 
 256            Stop();                                 //发送停止命令
 257            EAXRAM();   /* MOVX A,@DPTR/MOVX @DPTR,A指令的操作对象为扩展RAM(XRAM) */
 258          }

C51 COMPILATION COMPLETE.  0 WARNING(S),  1 ERROR(S)
