C51 COMPILER V9.60.0.0   STC8A_NVIC                                                        08/01/2022 01:38:24 PAGE 1   


C51 COMPILER V9.60.0.0, COMPILATION OF MODULE STC8A_NVIC
OBJECT MODULE PLACED IN .\Objects\STC8A_NVIC.obj
COMPILER INVOKED BY: d:\Keil_v5\C51\BIN\C51.EXE src\stc\STC8A_NVIC.c OPTIMIZE(8,SPEED) BROWSE INCDIR(.\src) DEBUG OBJECT
                    -EXTEND PRINT(.\Listings\STC8A_NVIC.lst) TABS(2) OBJECT(.\Objects\STC8A_NVIC.obj)

line level    source

   1          /*---------------------------------------------------------------------*/
   2          /* --- STC MCU Limited ------------------------------------------------*/
   3          /* --- STC 1T Series MCU Demo Programme -------------------------------*/
   4          /* --- Mobile: (86)13922805190 ----------------------------------------*/
   5          /* --- Fax: 86-0513-55012956,55012947,55012969 ------------------------*/
   6          /* --- Tel: 86-0513-55012928,55012929,55012966 ------------------------*/
   7          /* --- Web: www.STCMCU.com --------------------------------------------*/
   8          /* --- Web: www.STCMCUDATA.com  ---------------------------------------*/
   9          /* --- QQ:  800003751 -------------------------------------------------*/
  10          /* 如果要在程序中使用此代码,请在程序中注明使用了STC的资料及程序            */
  11          /*---------------------------------------------------------------------*/
  12          
  13          #include  "STC8A_NVIC.h"
*** ERROR C129 IN LINE 19 OF d:\Keil_v5\C51\Inc\intrins.h: missing ';' before 'extern'
  14          
  15          //========================================================================
  16          // 函数: NVIC_Timer0_Init
  17          // 描述: Timer0嵌套向量中断控制器初始化.
  18          // 参数: State:    中断使能状态, ENABLE/DISABLE.
  19          // 参数: Priority: 中断优先级, Priority_0,Priority_1,Priority_2,Priority_3.
  20          // 返回: 执行结果 SUCCESS/FAIL.
  21          // 版本: V1.0, 2020-09-29
  22          //========================================================================
  23          u8 NVIC_Timer0_Init(u8 State, u8 Priority)
  24          {
  25            if(State <= ENABLE) Timer0_Interrupt(State);
  26            if(Priority <= Priority_3) Timer0_Priority(Priority);
  27            return SUCCESS;
  28          }
  29          
  30          //========================================================================
  31          // 函数: NVIC_Timer1_Init
  32          // 描述: Timer1嵌套向量中断控制器初始化.
  33          // 参数: State:    中断使能状态, ENABLE/DISABLE.
  34          // 参数: Priority: 中断优先级, Priority_0,Priority_1,Priority_2,Priority_3.
  35          // 返回: 执行结果 SUCCESS/FAIL.
  36          // 版本: V1.0, 2020-09-29
  37          //========================================================================
  38          u8 NVIC_Timer1_Init(u8 State, u8 Priority)
  39          {
  40            if(State <= ENABLE) Timer1_Interrupt(State);
  41            if(Priority <= Priority_3) Timer1_Priority(Priority);
  42            return SUCCESS;
  43          }
  44          
  45          //========================================================================
  46          // 函数: NVIC_Timer2_Init
  47          // 描述: Timer2嵌套向量中断控制器初始化.
  48          // 参数: State:    中断使能状态, ENABLE/DISABLE.
  49          // 参数: Priority: 中断优先级, NULL.
  50          // 返回: 执行结果 SUCCESS/FAIL.
  51          // 版本: V1.0, 2020-09-29
  52          //========================================================================
  53          u8 NVIC_Timer2_Init(u8 State, u8 Priority)
C51 COMPILER V9.60.0.0   STC8A_NVIC                                                        08/01/2022 01:38:24 PAGE 2   

  54          {
  55            if(State <= ENABLE) Timer2_Interrupt(State);
  56            Priority = NULL;
  57            return SUCCESS;
  58          }
  59          
  60          //========================================================================
  61          // 函数: NVIC_Timer3_Init
  62          // 描述: Timer3嵌套向量中断控制器初始化.
  63          // 参数: State:    中断使能状态, ENABLE/DISABLE.
  64          // 参数: Priority: 中断优先级, NULL.
  65          // 返回: 执行结果 SUCCESS/FAIL.
  66          // 版本: V1.0, 2020-09-29
  67          //========================================================================
  68          u8 NVIC_Timer3_Init(u8 State, u8 Priority)
  69          {
  70            if(State <= ENABLE) Timer3_Interrupt(State);
  71            Priority = NULL;
  72            return SUCCESS;
  73          }
  74          
  75          //========================================================================
  76          // 函数: NVIC_Timer4_Init
  77          // 描述: Timer4嵌套向量中断控制器初始化.
  78          // 参数: State:    中断使能状态, ENABLE/DISABLE.
  79          // 参数: Priority: 中断优先级, NULL.
  80          // 返回: 执行结果 SUCCESS/FAIL.
  81          // 版本: V1.0, 2020-09-29
  82          //========================================================================
  83          u8 NVIC_Timer4_Init(u8 State, u8 Priority)
  84          {
  85            if(State <= ENABLE) Timer4_Interrupt(State);
  86            Priority = NULL;
  87            return SUCCESS;
  88          }
  89          
  90          //========================================================================
  91          // 函数: NVIC_INT0_Init
  92          // 描述: INT0嵌套向量中断控制器初始化.
  93          // 参数: State:    中断使能状态, ENABLE/DISABLE.
  94          // 参数: Priority: 中断优先级, Priority_0,Priority_1,Priority_2,Priority_3.
  95          // 返回: 执行结果 SUCCESS/FAIL.
  96          // 版本: V1.0, 2020-09-29
  97          //========================================================================
  98          u8 NVIC_INT0_Init(u8 State, u8 Priority)
  99          {
 100            if(State <= ENABLE) INT0_Interrupt(State);
 101            if(Priority <= Priority_3) INT0_Priority(Priority);
 102            return SUCCESS;
 103          }
 104          
 105          //========================================================================
 106          // 函数: NVIC_INT1_Init
 107          // 描述: INT1嵌套向量中断控制器初始化.
 108          // 参数: State:    中断使能状态, ENABLE/DISABLE.
 109          // 参数: Priority: 中断优先级, Priority_0,Priority_1,Priority_2,Priority_3.
 110          // 返回: 执行结果 SUCCESS/FAIL.
 111          // 版本: V1.0, 2020-09-29
 112          //========================================================================
 113          u8 NVIC_INT1_Init(u8 State, u8 Priority)
 114          {
 115            if(State <= ENABLE) INT1_Interrupt(State);
C51 COMPILER V9.60.0.0   STC8A_NVIC                                                        08/01/2022 01:38:24 PAGE 3   

 116            if(Priority <= Priority_3) INT1_Priority(Priority);
 117            return SUCCESS;
 118          }
 119          
 120          //========================================================================
 121          // 函数: NVIC_INT2_Init
 122          // 描述: INT2嵌套向量中断控制器初始化.
 123          // 参数: State:    中断使能状态, ENABLE/DISABLE.
 124          // 参数: Priority: 中断优先级, NULL.
 125          // 返回: 执行结果 SUCCESS/FAIL.
 126          // 版本: V1.0, 2020-09-29
 127          //========================================================================
 128          u8 NVIC_INT2_Init(u8 State, u8 Priority)
 129          {
 130            if(State <= ENABLE) INT2_Interrupt(State);
 131            Priority = NULL;
 132            return SUCCESS;
 133          }
 134          
 135          //========================================================================
 136          // 函数: NVIC_INT3_Init
 137          // 描述: INT3嵌套向量中断控制器初始化.
 138          // 参数: State:    中断使能状态, ENABLE/DISABLE.
 139          // 参数: Priority: 中断优先级, NULL.
 140          // 返回: 执行结果 SUCCESS/FAIL.
 141          // 版本: V1.0, 2020-09-29
 142          //========================================================================
 143          u8 NVIC_INT3_Init(u8 State, u8 Priority)
 144          {
 145            if(State <= ENABLE) INT3_Interrupt(State);
 146            Priority = NULL;
 147            return SUCCESS;
 148          }
 149          
 150          //========================================================================
 151          // 函数: NVIC_INT4_Init
 152          // 描述: INT4嵌套向量中断控制器初始化.
 153          // 参数: State:    中断使能状态, ENABLE/DISABLE.
 154          // 参数: Priority: 中断优先级, NULL.
 155          // 返回: 执行结果 SUCCESS/FAIL.
 156          // 版本: V1.0, 2020-09-29
 157          //========================================================================
 158          u8 NVIC_INT4_Init(u8 State, u8 Priority)
 159          {
 160            if(State <= ENABLE) INT4_Interrupt(State);
 161            Priority = NULL;
 162            return SUCCESS;
 163          }
 164          
 165          //========================================================================
 166          // 函数: NVIC_ADC_Init
 167          // 描述: ADC嵌套向量中断控制器初始化.
 168          // 参数: State:    中断使能状态, ENABLE/DISABLE.
 169          // 参数: Priority: 中断优先级, Priority_0,Priority_1,Priority_2,Priority_3.
 170          // 返回: 执行结果 SUCCESS/FAIL.
 171          // 版本: V1.0, 2020-09-29
 172          //========================================================================
 173          u8 NVIC_ADC_Init(u8 State, u8 Priority)
 174          {
 175            if(State <= ENABLE) ADC_Interrupt(State);
 176            if(Priority <= Priority_3) ADC_Priority(Priority);
 177            return SUCCESS;
C51 COMPILER V9.60.0.0   STC8A_NVIC                                                        08/01/2022 01:38:24 PAGE 4   

 178          }
 179          
 180          //========================================================================
 181          // 函数: NVIC_CMP_Init
 182          // 描述: 比较器嵌套向量中断控制器初始化.
 183          // 参数: State:    中断使能状态, RISING_EDGE/FALLING_EDGE/DISABLE.
 184          // 参数: Priority: 中断优先级, Priority_0,Priority_1,Priority_2,Priority_3.
 185          // 返回: 执行结果 SUCCESS/FAIL.
 186          // 版本: V1.0, 2020-09-29
 187          //========================================================================
 188          u8 NVIC_CMP_Init(u8 State, u8 Priority)
 189          {
 190            if(State & RISING_EDGE) CMPCR1 |= PIE;      //允许上升沿中断
 191            else  CMPCR1 &= ~PIE;     //禁止上升沿中断
 192            if(State & FALLING_EDGE)  CMPCR1 |= NIE;    //允许下降沿中断
 193            else  CMPCR1 &= ~NIE;     //禁止上升沿中断
 194            if(Priority <= Priority_3) CMP_Priority(Priority);
 195            return SUCCESS;
 196          }
 197          
 198          //========================================================================
 199          // 函数: NVIC_I2C_Init
 200          // 描述: I2C嵌套向量中断控制器初始化.
 201          // 参数: Mode:     模式, I2C_Mode_Master/I2C_Mode_Slave.
 202          // 参数: State:    中断使能状态, I2C_Mode_Master: ENABLE/DISABLE.
 203          //                              I2C_Mode_Slave: I2C_ESTAI/I2C_ERXI/I2C_ETXI/I2C_ESTOI/DISABLE.
 204          // 参数: Priority: 中断优先级, Priority_0,Priority_1,Priority_2,Priority_3.
 205          // 返回: 执行结果 SUCCESS/FAIL.
 206          // 版本: V1.0, 2020-09-29
 207          //========================================================================
 208          u8 NVIC_I2C_Init(u8 Mode, u8 State, u8 Priority)
 209          {
 210            if(Mode > 1) return FAIL;
 211            EAXSFR();   /* MOVX A,@DPTR/MOVX @DPTR,A指令的操作对象为扩展SFR(XSFR) */
 212            if(Mode == 1) //I2C_Mode_Master
 213            {
 214              I2C_Master_Inturrupt(State);
 215            }
 216            else if(Mode == 0)  //I2C_Mode_Slave
 217            {
 218              I2CSLCR = (I2CSLCR & ~0x78) | State;
 219            }
 220          //  EAXRAM();   /* MOVX A,@DPTR/MOVX @DPTR,A指令的操作对象为扩展RAM(XRAM) */
 221            if(Priority <= Priority_3) CMP_Priority(Priority);
 222            return SUCCESS;
 223          }
 224          
 225          //========================================================================
 226          // 函数: NVIC_UART1_Init
 227          // 描述: UART1嵌套向量中断控制器初始化.
 228          // 参数: State:    中断使能状态, ENABLE/DISABLE.
 229          // 参数: Priority: 中断优先级, Priority_0,Priority_1,Priority_2,Priority_3.
 230          // 返回: 执行结果 SUCCESS/FAIL.
 231          // 版本: V1.0, 2020-09-29
 232          //========================================================================
 233          u8 NVIC_UART1_Init(u8 State, u8 Priority)
 234          {
 235            if(State <= ENABLE) UART1_Interrupt(State);
 236            if(Priority <= Priority_3) UART1_Priority(Priority);
 237            return SUCCESS;
 238          }
 239          
C51 COMPILER V9.60.0.0   STC8A_NVIC                                                        08/01/2022 01:38:24 PAGE 5   

 240          //========================================================================
 241          // 函数: NVIC_UART2_Init
 242          // 描述: UART2嵌套向量中断控制器初始化.
 243          // 参数: State:    中断使能状态, ENABLE/DISABLE.
 244          // 参数: Priority: 中断优先级, Priority_0,Priority_1,Priority_2,Priority_3.
 245          // 返回: 执行结果 SUCCESS/FAIL.
 246          // 版本: V1.0, 2020-09-29
 247          //========================================================================
 248          u8 NVIC_UART2_Init(u8 State, u8 Priority)
 249          {
 250            if(State <= ENABLE) UART2_Interrupt(State);
 251            if(Priority <= Priority_3) UART2_Priority(Priority);
 252            return SUCCESS;
 253          }
 254          
 255          //========================================================================
 256          // 函数: NVIC_UART3_Init
 257          // 描述: UART3嵌套向量中断控制器初始化.
 258          // 参数: State:    中断使能状态, ENABLE/DISABLE.
 259          // 参数: Priority: 中断优先级, Priority_0,Priority_1,Priority_2,Priority_3.
 260          // 返回: 执行结果 SUCCESS/FAIL.
 261          // 版本: V1.0, 2020-09-29
 262          //========================================================================
 263          u8 NVIC_UART3_Init(u8 State, u8 Priority)
 264          {
 265            if(State <= ENABLE) UART3_Interrupt(State);
 266            if(Priority <= Priority_3) UART3_Priority(Priority);
 267            return SUCCESS;
 268          }
 269          
 270          //========================================================================
 271          // 函数: NVIC_UART4_Init
 272          // 描述: UART4嵌套向量中断控制器初始化.
 273          // 参数: State:    中断使能状态, ENABLE/DISABLE.
 274          // 参数: Priority: 中断优先级, Priority_0,Priority_1,Priority_2,Priority_3.
 275          // 返回: 执行结果 SUCCESS/FAIL.
 276          // 版本: V1.0, 2020-09-29
 277          //========================================================================
 278          u8 NVIC_UART4_Init(u8 State, u8 Priority)
 279          {
 280            if(State <= ENABLE) UART4_Interrupt(State);
 281            if(Priority <= Priority_3) UART4_Priority(Priority);
 282            return SUCCESS;
 283          }
 284          
 285          //========================================================================
 286          // 函数: NVIC_SPI_Init
 287          // 描述: SPI嵌套向量中断控制器初始化.
 288          // 参数: State:    中断使能状态, ENABLE/DISABLE.
 289          // 参数: Priority: 中断优先级, Priority_0,Priority_1,Priority_2,Priority_3.
 290          // 返回: 执行结果 SUCCESS/FAIL.
 291          // 版本: V1.0, 2020-09-29
 292          //========================================================================
 293          u8 NVIC_SPI_Init(u8 State, u8 Priority)
 294          {
 295            if(State <= ENABLE) SPI_Interrupt(State);
 296            if(Priority <= Priority_3) SPI_Priority(Priority);
 297            return SUCCESS;
 298          }
 299          
 300          //========================================================================
 301          // 函数: NVIC_PCA_Init
C51 COMPILER V9.60.0.0   STC8A_NVIC                                                        08/01/2022 01:38:24 PAGE 6   

 302          // 描述: PCA嵌套向量中断控制器初始化.
 303          // 参数: Channel:  通道, PCA0/PCA1/PCA2/PCA_Counter.
 304          // 参数: State:    中断使能状态, PCA_ECOM/PCA_CCAPP/PCA_CCAPN/PCA_MAT/PCA_TOG/PCA_PWM/PCA_ECCF/DISABLE.
 305          // 参数: Priority: 中断优先级, Priority_0,Priority_1,Priority_2,Priority_3.
 306          // 返回: 执行结果 SUCCESS/FAIL.
 307          // 版本: V1.0, 2020-09-29
 308          //========================================================================
 309          u8 NVIC_PCA_Init(u8 Channel, u8 State, u8 Priority)
 310          {
 311          //  if(Channel > PCA_Counter) return FAIL;
 312            if(Priority <= Priority_3) PCA_Priority(Priority);
 313            switch(Channel)
 314            {
 315              case 0:   //PCA0
 316                CCAPM0 = State;
 317              break;
 318          
 319              case 1:   //PCA1
 320                CCAPM1 = State;
 321              break;
 322          
 323              case 2:   //PCA2
 324                CCAPM2 = State;
 325              break;
 326          
 327              case 3:   //PCA3
 328                EAXSFR();   /* MOVX A,@DPTR/MOVX @DPTR,A指令的操作对象为扩展SFR(XSFR) */
 329                CCAPM3 = State;
 330                EAXRAM();   /* MOVX A,@DPTR/MOVX @DPTR,A指令的操作对象为扩展RAM(XRAM) */
 331              break;
 332          
 333              case 4:   //PCA_Counter
 334                CMOD = (CMOD  & ~1) | (State & 1);
 335              break;
 336            }
 337            return SUCCESS;
 338          }
 339          
 340          //========================================================================
 341          // 函数: NVIC_BMM_ADC_Init
 342          // 描述: BMM ADC嵌套向量中断控制器初始化.
 343          // 参数: State:    中断使能状态, ENABLE/DISABLE.
 344          // 参数: Priority: 中断优先级, Priority_0,Priority_1,Priority_2,Priority_3.
 345          // 参数: Bus_Priority: 数据总线访问优先级, Priority_0,Priority_1,Priority_2,Priority_3.
 346          // 返回: 执行结果 SUCCESS/FAIL.
 347          // 版本: V1.0, 2021-05-21
 348          //========================================================================
 349          u8 NVIC_BMM_ADC_Init(u8 State, u8 Priority, u8 Bus_Priority)
 350          {
 351            EAXSFR();   /* MOVX A,@DPTR/MOVX @DPTR,A指令的操作对象为扩展SFR(XSFR) */
 352            BMM_ADC_CFG &= ~0x0f;
 353            if(Priority <= Priority_3) BMM_ADC_CFG |= Priority << 2;
 354            if(Bus_Priority <= Priority_3) BMM_ADC_CFG |= Bus_Priority; //数据总线访问优先级
 355            if(State == ENABLE)
 356              BMM_ADC_CFG |= 0x80;    //bit7 1:Enable Interrupt
 357            else
 358              BMM_ADC_CFG &= ~0x80;   //bit7 0:Disable Interrupt
 359            EAXRAM();   /* MOVX A,@DPTR/MOVX @DPTR,A指令的操作对象为扩展RAM(XRAM) */
 360            return SUCCESS;
 361          }
 362          
 363          //========================================================================
C51 COMPILER V9.60.0.0   STC8A_NVIC                                                        08/01/2022 01:38:24 PAGE 7   

 364          // 函数: NVIC_BMM_M2M_Init
 365          // 描述: BMM M2M嵌套向量中断控制器初始化.
 366          // 参数: State:    中断使能状态, ENABLE/DISABLE.
 367          // 参数: Priority: 中断优先级, Priority_0,Priority_1,Priority_2,Priority_3.
 368          // 参数: Bus_Priority: 数据总线访问优先级, Priority_0,Priority_1,Priority_2,Priority_3.
 369          // 返回: 执行结果 SUCCESS/FAIL.
 370          // 版本: V1.0, 2021-05-21
 371          //========================================================================
 372          u8 NVIC_BMM_M2M_Init(u8 State, u8 Priority, u8 Bus_Priority)
 373          {
 374            EAXSFR();   /* MOVX A,@DPTR/MOVX @DPTR,A指令的操作对象为扩展SFR(XSFR) */
 375            BMM_M2M_CFG &= ~0x0f;
 376            if(Priority <= Priority_3) BMM_M2M_CFG |= Priority << 2;
 377            if(Bus_Priority <= Priority_3) BMM_M2M_CFG |= Bus_Priority; //数据总线访问优先级
 378            if(State == ENABLE)
 379              BMM_M2M_CFG |= 0x80;    //bit7 1:Enable Interrupt
 380            else
 381              BMM_M2M_CFG &= ~0x80;   //bit7 0:Disable Interrupt
 382            EAXRAM();   /* MOVX A,@DPTR/MOVX @DPTR,A指令的操作对象为扩展RAM(XRAM) */
 383            return SUCCESS;
 384          }
 385          
 386          //========================================================================
 387          // 函数: NVIC_BMM_SPI_Init
 388          // 描述: BMM SPI嵌套向量中断控制器初始化.
 389          // 参数: State:    中断使能状态, ENABLE/DISABLE.
 390          // 参数: Priority: 中断优先级, Priority_0,Priority_1,Priority_2,Priority_3.
 391          // 参数: Bus_Priority: 数据总线访问优先级, Priority_0,Priority_1,Priority_2,Priority_3.
 392          // 返回: 执行结果 SUCCESS/FAIL.
 393          // 版本: V1.0, 2021-05-27
 394          //========================================================================
 395          u8 NVIC_BMM_SPI_Init(u8 State, u8 Priority, u8 Bus_Priority)
 396          {
 397            EAXSFR();   /* MOVX A,@DPTR/MOVX @DPTR,A指令的操作对象为扩展SFR(XSFR) */
 398            BMM_SPI_CFG &= ~0x0f;
 399            if(Priority <= Priority_3) BMM_SPI_CFG |= Priority << 2;
 400            if(Bus_Priority <= Priority_3) BMM_SPI_CFG |= Bus_Priority; //数据总线访问优先级
 401            if(State == ENABLE)
 402              BMM_SPI_CFG |= 0x80;    //bit7 1:Enable Interrupt
 403            else
 404              BMM_SPI_CFG &= ~0x80;   //bit7 0:Disable Interrupt
 405            EAXRAM();   /* MOVX A,@DPTR/MOVX @DPTR,A指令的操作对象为扩展RAM(XRAM) */
 406            return SUCCESS;
 407          }
 408          
 409          //========================================================================
 410          // 函数: NVIC_BMM_UART1_Tx_Init
 411          // 描述: BMM UART1 Tx嵌套向量中断控制器初始化.
 412          // 参数: State:    中断使能状态, ENABLE/DISABLE.
 413          // 参数: Priority: 中断优先级, Priority_0,Priority_1,Priority_2,Priority_3.
 414          // 参数: Bus_Priority: 数据总线访问优先级, Priority_0,Priority_1,Priority_2,Priority_3.
 415          // 返回: 执行结果 SUCCESS/FAIL.
 416          // 版本: V1.0, 2021-05-21
 417          //========================================================================
 418          u8 NVIC_BMM_UART1_Tx_Init(u8 State, u8 Priority, u8 Bus_Priority)
 419          {
 420            EAXSFR();   /* MOVX A,@DPTR/MOVX @DPTR,A指令的操作对象为扩展SFR(XSFR) */
 421            BMM_UR1T_CFG &= ~0x0f;
 422            if(Priority <= Priority_3) BMM_UR1T_CFG |= Priority << 2;
 423            if(Bus_Priority <= Priority_3) BMM_UR1T_CFG |= Bus_Priority;  //数据总线访问优先级
 424            if(State == ENABLE)
 425              BMM_UR1T_CFG |= 0x80;   //bit7 1:Enable Interrupt
C51 COMPILER V9.60.0.0   STC8A_NVIC                                                        08/01/2022 01:38:24 PAGE 8   

 426            else
 427              BMM_UR1T_CFG &= ~0x80;  //bit7 0:Disable Interrupt
 428            EAXRAM();   /* MOVX A,@DPTR/MOVX @DPTR,A指令的操作对象为扩展RAM(XRAM) */
 429            return SUCCESS;
 430          }
 431          
 432          //========================================================================
 433          // 函数: NVIC_BMM_UART1_Rx_Init
 434          // 描述: BMM UART1 Rx嵌套向量中断控制器初始化.
 435          // 参数: State:    中断使能状态, ENABLE/DISABLE.
 436          // 参数: Priority: 中断优先级, Priority_0,Priority_1,Priority_2,Priority_3.
 437          // 参数: Bus_Priority: 数据总线访问优先级, Priority_0,Priority_1,Priority_2,Priority_3.
 438          // 返回: 执行结果 SUCCESS/FAIL.
 439          // 版本: V1.0, 2021-05-21
 440          //========================================================================
 441          u8 NVIC_BMM_UART1_Rx_Init(u8 State, u8 Priority, u8 Bus_Priority)
 442          {
 443            EAXSFR();   /* MOVX A,@DPTR/MOVX @DPTR,A指令的操作对象为扩展SFR(XSFR) */
 444            BMM_UR1R_CFG &= ~0x0f;
 445            if(Priority <= Priority_3) BMM_UR1R_CFG |= Priority << 2;
 446            if(Bus_Priority <= Priority_3) BMM_UR1R_CFG |= Bus_Priority;  //数据总线访问优先级
 447            if(State == ENABLE)
 448              BMM_UR1R_CFG |= 0x80;   //bit7 1:Enable Interrupt
 449            else
 450              BMM_UR1R_CFG &= ~0x80;  //bit7 0:Disable Interrupt
 451            EAXRAM();   /* MOVX A,@DPTR/MOVX @DPTR,A指令的操作对象为扩展RAM(XRAM) */
 452            return SUCCESS;
 453          }
 454          
 455          //========================================================================
 456          // 函数: NVIC_BMM_UART2_Tx_Init
 457          // 描述: BMM UART2 Tx嵌套向量中断控制器初始化.
 458          // 参数: State:    中断使能状态, ENABLE/DISABLE.
 459          // 参数: Priority: 中断优先级, Priority_0,Priority_1,Priority_2,Priority_3.
 460          // 参数: Bus_Priority: 数据总线访问优先级, Priority_0,Priority_1,Priority_2,Priority_3.
 461          // 返回: 执行结果 SUCCESS/FAIL.
 462          // 版本: V1.0, 2021-05-21
 463          //========================================================================
 464          u8 NVIC_BMM_UART2_Tx_Init(u8 State, u8 Priority, u8 Bus_Priority)
 465          {
 466            EAXSFR();   /* MOVX A,@DPTR/MOVX @DPTR,A指令的操作对象为扩展SFR(XSFR) */
 467            BMM_UR2T_CFG &= ~0x0f;
 468            if(Priority <= Priority_3) BMM_UR2T_CFG |= Priority << 2;
 469            if(Bus_Priority <= Priority_3) BMM_UR2T_CFG |= Bus_Priority;  //数据总线访问优先级
 470            if(State == ENABLE)
 471              BMM_UR2T_CFG |= 0x80;   //bit7 1:Enable Interrupt
 472            else
 473              BMM_UR2T_CFG &= ~0x80;  //bit7 0:Disable Interrupt
 474            EAXRAM();   /* MOVX A,@DPTR/MOVX @DPTR,A指令的操作对象为扩展RAM(XRAM) */
 475            return SUCCESS;
 476          }
 477          
 478          //========================================================================
 479          // 函数: NVIC_BMM_UART2_Rx_Init
 480          // 描述: BMM UART2 Rx嵌套向量中断控制器初始化.
 481          // 参数: State:    中断使能状态, ENABLE/DISABLE.
 482          // 参数: Priority: 中断优先级, Priority_0,Priority_1,Priority_2,Priority_3.
 483          // 参数: Bus_Priority: 数据总线访问优先级, Priority_0,Priority_1,Priority_2,Priority_3.
 484          // 返回: 执行结果 SUCCESS/FAIL.
 485          // 版本: V1.0, 2021-05-21
 486          //========================================================================
 487          u8 NVIC_BMM_UART2_Rx_Init(u8 State, u8 Priority, u8 Bus_Priority)
C51 COMPILER V9.60.0.0   STC8A_NVIC                                                        08/01/2022 01:38:24 PAGE 9   

 488          {
 489            EAXSFR();   /* MOVX A,@DPTR/MOVX @DPTR,A指令的操作对象为扩展SFR(XSFR) */
 490            BMM_UR2R_CFG &= ~0x0f;
 491            if(Priority <= Priority_3) BMM_UR2R_CFG |= Priority << 2;
 492            if(Bus_Priority <= Priority_3) BMM_UR2R_CFG |= Bus_Priority;  //数据总线访问优先级
 493            if(State == ENABLE)
 494              BMM_UR2R_CFG |= 0x80;   //bit7 1:Enable Interrupt
 495            else
 496              BMM_UR2R_CFG &= ~0x80;  //bit7 0:Disable Interrupt
 497            EAXRAM();   /* MOVX A,@DPTR/MOVX @DPTR,A指令的操作对象为扩展RAM(XRAM) */
 498            return SUCCESS;
 499          }
 500          
 501          //========================================================================
 502          // 函数: NVIC_BMM_UART3_Tx_Init
 503          // 描述: BMM UART3 Tx嵌套向量中断控制器初始化.
 504          // 参数: State:    中断使能状态, ENABLE/DISABLE.
 505          // 参数: Priority: 中断优先级, Priority_0,Priority_1,Priority_2,Priority_3.
 506          // 参数: Bus_Priority: 数据总线访问优先级, Priority_0,Priority_1,Priority_2,Priority_3.
 507          // 返回: 执行结果 SUCCESS/FAIL.
 508          // 版本: V1.0, 2021-05-21
 509          //========================================================================
 510          u8 NVIC_BMM_UART3_Tx_Init(u8 State, u8 Priority, u8 Bus_Priority)
 511          {
 512            EAXSFR();   /* MOVX A,@DPTR/MOVX @DPTR,A指令的操作对象为扩展SFR(XSFR) */
 513            BMM_UR3T_CFG &= ~0x0f;
 514            if(Priority <= Priority_3) BMM_UR3T_CFG |= Priority << 2;
 515            if(Bus_Priority <= Priority_3) BMM_UR3T_CFG |= Bus_Priority;  //数据总线访问优先级
 516            if(State == ENABLE)
 517              BMM_UR3T_CFG |= 0x80;   //bit7 1:Enable Interrupt
 518            else
 519              BMM_UR3T_CFG &= ~0x80;  //bit7 0:Disable Interrupt
 520            EAXRAM();   /* MOVX A,@DPTR/MOVX @DPTR,A指令的操作对象为扩展RAM(XRAM) */
 521            return SUCCESS;
 522          }
 523          
 524          //========================================================================
 525          // 函数: NVIC_BMM_UART3_Rx_Init
 526          // 描述: BMM UART3 Rx嵌套向量中断控制器初始化.
 527          // 参数: State:    中断使能状态, ENABLE/DISABLE.
 528          // 参数: Priority: 中断优先级, Priority_0,Priority_1,Priority_2,Priority_3.
 529          // 参数: Bus_Priority: 数据总线访问优先级, Priority_0,Priority_1,Priority_2,Priority_3.
 530          // 返回: 执行结果 SUCCESS/FAIL.
 531          // 版本: V1.0, 2021-05-21
 532          //========================================================================
 533          u8 NVIC_BMM_UART3_Rx_Init(u8 State, u8 Priority, u8 Bus_Priority)
 534          {
 535            EAXSFR();   /* MOVX A,@DPTR/MOVX @DPTR,A指令的操作对象为扩展SFR(XSFR) */
 536            BMM_UR3R_CFG &= ~0x0f;
 537            if(Priority <= Priority_3) BMM_UR3R_CFG |= Priority << 2;
 538            if(Bus_Priority <= Priority_3) BMM_UR3R_CFG |= Bus_Priority;  //数据总线访问优先级
 539            if(State == ENABLE)
 540              BMM_UR3R_CFG |= 0x80;   //bit7 1:Enable Interrupt
 541            else
 542              BMM_UR3R_CFG &= ~0x80;  //bit7 0:Disable Interrupt
 543            EAXRAM();   /* MOVX A,@DPTR/MOVX @DPTR,A指令的操作对象为扩展RAM(XRAM) */
 544            return SUCCESS;
 545          }
 546          
 547          //========================================================================
 548          // 函数: NVIC_BMM_UART4_Tx_Init
 549          // 描述: BMM UART4 Tx嵌套向量中断控制器初始化.
C51 COMPILER V9.60.0.0   STC8A_NVIC                                                        08/01/2022 01:38:24 PAGE 10  

 550          // 参数: State:    中断使能状态, ENABLE/DISABLE.
 551          // 参数: Priority: 中断优先级, Priority_0,Priority_1,Priority_2,Priority_3.
 552          // 参数: Bus_Priority: 数据总线访问优先级, Priority_0,Priority_1,Priority_2,Priority_3.
 553          // 返回: 执行结果 SUCCESS/FAIL.
 554          // 版本: V1.0, 2021-05-21
 555          //========================================================================
 556          u8 NVIC_BMM_UART4_Tx_Init(u8 State, u8 Priority, u8 Bus_Priority)
 557          {
 558            EAXSFR();   /* MOVX A,@DPTR/MOVX @DPTR,A指令的操作对象为扩展SFR(XSFR) */
 559            BMM_UR4T_CFG &= ~0x0f;
 560            if(Priority <= Priority_3) BMM_UR4T_CFG |= Priority << 2;
 561            if(Bus_Priority <= Priority_3) BMM_UR4T_CFG |= Bus_Priority;  //数据总线访问优先级
 562            if(State == ENABLE)
 563              BMM_UR4T_CFG |= 0x80;   //bit7 1:Enable Interrupt
 564            else
 565              BMM_UR4T_CFG &= ~0x80;  //bit7 0:Disable Interrupt
 566            EAXRAM();   /* MOVX A,@DPTR/MOVX @DPTR,A指令的操作对象为扩展RAM(XRAM) */
 567            return SUCCESS;
 568          }
 569          
 570          //========================================================================
 571          // 函数: NVIC_BMM_UART4_Rx_Init
 572          // 描述: BMM UART4 Rx嵌套向量中断控制器初始化.
 573          // 参数: State:    中断使能状态, ENABLE/DISABLE.
 574          // 参数: Priority: 中断优先级, Priority_0,Priority_1,Priority_2,Priority_3.
 575          // 参数: Bus_Priority: 数据总线访问优先级, Priority_0,Priority_1,Priority_2,Priority_3.
 576          // 返回: 执行结果 SUCCESS/FAIL.
 577          // 版本: V1.0, 2021-05-21
 578          //========================================================================
 579          u8 NVIC_BMM_UART4_Rx_Init(u8 State, u8 Priority, u8 Bus_Priority)
 580          {
 581            EAXSFR();   /* MOVX A,@DPTR/MOVX @DPTR,A指令的操作对象为扩展SFR(XSFR) */
 582            BMM_UR4R_CFG &= ~0x0f;
 583            if(Priority <= Priority_3) BMM_UR4R_CFG |= Priority << 2;
 584            if(Bus_Priority <= Priority_3) BMM_UR4R_CFG |= Bus_Priority;  //数据总线访问优先级
 585            if(State == ENABLE)
 586              BMM_UR4R_CFG |= 0x80;   //bit7 1:Enable Interrupt
 587            else
 588              BMM_UR4R_CFG &= ~0x80;  //bit7 0:Disable Interrupt
 589            EAXRAM();   /* MOVX A,@DPTR/MOVX @DPTR,A指令的操作对象为扩展RAM(XRAM) */
 590            return SUCCESS;
 591          }
 592          
 593          //========================================================================
 594          // 函数: NVIC_BMM_LCM_Init
 595          // 描述: BMM LCM嵌套向量中断控制器初始化.
 596          // 参数: State:    中断使能状态, ENABLE/DISABLE.
 597          // 参数: Priority: 中断优先级, Priority_0,Priority_1,Priority_2,Priority_3.
 598          // 参数: Bus_Priority: 数据总线访问优先级, Priority_0,Priority_1,Priority_2,Priority_3.
 599          // 返回: 执行结果 SUCCESS/FAIL.
 600          // 版本: V1.0, 2021-05-21
 601          //========================================================================
 602          u8 NVIC_BMM_LCM_Init(u8 State, u8 Priority, u8 Bus_Priority)
 603          {
 604            EAXSFR();   /* MOVX A,@DPTR/MOVX @DPTR,A指令的操作对象为扩展SFR(XSFR) */
 605            BMM_LCM_CFG &= ~0x0f;
 606            if(Priority <= Priority_3) BMM_LCM_CFG |= Priority << 2;
 607            if(Bus_Priority <= Priority_3) BMM_LCM_CFG |= Bus_Priority; //数据总线访问优先级
 608            if(State == ENABLE)
 609              BMM_LCM_CFG |= 0x80;    //bit7 1:Enable Interrupt
 610            else
 611              BMM_LCM_CFG &= ~0x80;   //bit7 0:Disable Interrupt
C51 COMPILER V9.60.0.0   STC8A_NVIC                                                        08/01/2022 01:38:24 PAGE 11  

 612            EAXRAM();   /* MOVX A,@DPTR/MOVX @DPTR,A指令的操作对象为扩展RAM(XRAM) */
 613            return SUCCESS;
 614          }
 615          
 616          //========================================================================
 617          // 函数: NVIC_LCM_Init
 618          // 描述: LCM嵌套向量中断控制器初始化.
 619          // 参数: State:    中断使能状态, ENABLE/DISABLE.
 620          // 参数: Priority: 中断优先级, Priority_0,Priority_1,Priority_2,Priority_3.
 621          // 返回: 执行结果 SUCCESS/FAIL.
 622          // 版本: V1.0, 2021-05-21
 623          //========================================================================
 624          u8 NVIC_LCM_Init(u8 State, u8 Priority)
 625          {
 626            EAXSFR();   /* MOVX A,@DPTR/MOVX @DPTR,A指令的操作对象为扩展SFR(XSFR) */
 627            LCMIFCFG &= ~0x30;
 628            if(Priority <= Priority_3) LCMIFCFG |= Priority << 4;
 629            if(State == ENABLE)
 630              LCMIFCFG |= 0x80;   //bit7 1:Enable Interrupt
 631            else
 632              LCMIFCFG &= ~0x80;    //bit7 0:Disable Interrupt
 633            EAXRAM();   /* MOVX A,@DPTR/MOVX @DPTR,A指令的操作对象为扩展RAM(XRAM) */
 634            return SUCCESS;
 635          }
 636          

C51 COMPILATION COMPLETE.  0 WARNING(S),  1 ERROR(S)
