C51 COMPILER V9.60.0.0   UART                                                              08/01/2022 01:38:24 PAGE 1   


C51 COMPILER V9.60.0.0, COMPILATION OF MODULE UART
OBJECT MODULE PLACED IN .\Objects\uart.obj
COMPILER INVOKED BY: d:\Keil_v5\C51\BIN\C51.EXE src\uart\uart.c OPTIMIZE(8,SPEED) BROWSE INCDIR(.\src) DEBUG OBJECTEXTEN
                    -D PRINT(.\Listings\uart.lst) TABS(2) OBJECT(.\Objects\uart.obj)

line level    source

   1          #include "uart.h"
*** ERROR C129 IN LINE 10 OF \hw\KeilProjects\STC8A8K64D4\MPU6500硬件I2C\src\stc/stc8a8k64d4.H: missing ';' before 'sfr'
   2          
   3          bit busyT;
   4          u8 xdata g_buf1[20];
   5          u8 xdata g_buf2[20];
   6          u8 xdata * g_buf;
   7          
   8          UART_onRec g_UART_callback = 0;
   9          
  10          // 4800bps@24.000MHz 8位自动重装
  11          void UART_Init(UART_onRec cb) {
  12            PCON &= 0x7F;   //波特率不倍速
  13            SCON = 0x50;    //8位数据,可变波特率
  14            AUXR &= 0xBF;   //定时器时钟12T模式
  15            AUXR &= 0xFE;   //串口1选择定时器1为波特率发生器
  16            TMOD &= 0x0F;   //设置定时器模式
  17            TMOD |= 0x20;   //设置定时器模式
  18            TL1 = 0xF3;   //设置定时初始值
  19            TH1 = 0xF3;   //设置定时重载值
  20            ET1 = 0;    //禁止定时器%d中断
  21            TR1 = 1;    //定时器1开始计时
  22            
  23            EA = 1;
  24            ES = 1;
  25            g_UART_callback = cb;
  26          }
  27          
  28          void UART_sendByte(char c) {
  29            while(busyT);
  30            SBUF = c;
  31            busyT = 1;
  32          }
  33          
  34          void UART_sendStr(char * s) {
  35            while(*s) {
  36              UART_sendByte(*s++);
  37            }
  38          }
  39          
  40          void s_interruption() interrupt 4 {
  41            if (RI) {
  42              RI = 0;
  43              P2 = SBUF;
  44              SBUF = P2;
  45              busyT = 1;
  46              
  47              g_buf1[0] = P2;
  48              if (g_UART_callback) {
  49                g_UART_callback(g_buf1, 1);
  50              }
  51            }
  52            if (TI) {
  53              TI = 0;
C51 COMPILER V9.60.0.0   UART                                                              08/01/2022 01:38:24 PAGE 2   

  54              busyT = 0;
  55            }
  56          }

C51 COMPILATION COMPLETE.  0 WARNING(S),  1 ERROR(S)
