C51 COMPILER V9.60.0.0   MAIN                                                              05/07/2022 11:21:50 PAGE 1   


C51 COMPILER V9.60.0.0, COMPILATION OF MODULE MAIN
OBJECT MODULE PLACED IN .\Objects\main.obj
COMPILER INVOKED BY: d:\Keil_v5\C51\BIN\C51.EXE main.c OPTIMIZE(8,SPEED) BROWSE DEBUG OBJECTEXTEND PRINT(.\Listings\main
                    -.lst) TABS(2) OBJECT(.\Objects\main.obj)

line level    source

   1          #include <reg51.h>
   2          #include "DigitalDisplay_8.h"
   3          
   4          void main() {
   5   1        unsigned char n[8] = {0, 1, 2, 3, 4, 5, 6, 7};
   6   1        unsigned char m[8] = {4, 5, 6, 7, 8, 9, 10, 11};
   7   1        DigitalDisplay_8_Set(n, 8);
   8   1        while (1) {
   9   2          // DigitalDisplay_8_Loop();
  10   2          DigitalDisplay_8_Display(m, 8);
  11   2        }
  12   1      }


MODULE INFORMATION:   STATIC OVERLAYABLE
   CODE SIZE        =     62    ----
   CONSTANT SIZE    =     16    ----
   XDATA SIZE       =   ----    ----
   PDATA SIZE       =   ----    ----
   DATA SIZE        =   ----      16
   IDATA SIZE       =   ----    ----
   BIT SIZE         =   ----    ----
END OF MODULE INFORMATION.


C51 COMPILATION COMPLETE.  0 WARNING(S),  0 ERROR(S)
