C51 COMPILER V9.60.0.0   MAIN                                                              09/03/2022 17:51:53 PAGE 1   


C51 COMPILER V9.60.0.0, COMPILATION OF MODULE MAIN
OBJECT MODULE PLACED IN .\Objects\main.obj
COMPILER INVOKED BY: d:\Keil_v5\C51\BIN\C51.EXE src\main.c OPTIMIZE(8,SPEED) BROWSE DEBUG OBJECTEXTEND PRINT(.\Listings\
                    -main.lst) TABS(2) OBJECT(.\Objects\main.obj)

line level    source

   1          #include "stc8a8k64d4.h"
   2          #include "typedef.h"
   3          #include "uart.h"
   4          #include "shanwai.h"
   5          
   6          void main() {
   7   1        int d1 = 0;
   8   1        int d2 = 0;
   9   1        
  10   1        UART_config();
  11   1        EA = 1;
  12   1        
  13   1        /*while(1) {
  14   1          // UART_writeByte(0xab);
  15   1          UART_writeStr("123kjl\n");
  16   1        }*/
  17   1      
  18   1        while(1) {
  19   2          float sends[2];
  20   2          sends[0] = d1;
  21   2          sends[1] = d2;
  22   2          SHANWAI_sendWaveValue(&sends, sizeof(sends[0]), 2);
  23   2          if (d1++ > 100) {
  24   3            d1 = 0;
  25   3          }
  26   2          if (d2-- < -100) {
  27   3            d2 = 0;
  28   3          }
  29   2        }
  30   1      }


MODULE INFORMATION:   STATIC OVERLAYABLE
   CODE SIZE        =    113    ----
   CONSTANT SIZE    =   ----    ----
   XDATA SIZE       =   ----    ----
   PDATA SIZE       =   ----    ----
   DATA SIZE        =   ----      12
   IDATA SIZE       =   ----    ----
   BIT SIZE         =   ----    ----
END OF MODULE INFORMATION.


C51 COMPILATION COMPLETE.  0 WARNING(S),  0 ERROR(S)
