C51 COMPILER V9.60.0.0   UART                                                              09/03/2022 17:51:54 PAGE 1   


C51 COMPILER V9.60.0.0, COMPILATION OF MODULE UART
OBJECT MODULE PLACED IN .\Objects\uart.obj
COMPILER INVOKED BY: d:\Keil_v5\C51\BIN\C51.EXE src\uart.c OPTIMIZE(8,SPEED) BROWSE DEBUG OBJECTEXTEND PRINT(.\Listings\
                    -uart.lst) TABS(2) OBJECT(.\Objects\uart.obj)

line level    source

   1          #include "uart.h"
   2          
   3          void  UART_config() {
   4   1        COMx_InitDefine   COMx_InitStructure;         //结构定义
   5   1      
   6   1        COMx_InitStructure.UART_Mode      = UART_8bit_BRTx; //模式, UART_ShiftRight,UART_8bit_BRTx,UART_9bit,UART
             -_9bit_BRTx
   7   1        COMx_InitStructure.UART_BRT_Use   = BRT_Timer1;     //使用波特率, BRT_Timer1, BRT_Timer2 (注意: 串口2固定使
             -用BRT_Timer2)
   8   1        // COMx_InitStructure.UART_BaudRate  = 115200ul;      //波特率, 一般 110 ~ 115200
   9   1        COMx_InitStructure.UART_BaudRate  = 9600ul;     //波特率, 一般 110 ~ 115200
  10   1        COMx_InitStructure.UART_RxEnable  = DISABLE;        //接收允许,   ENABLE或DISABLE
  11   1        COMx_InitStructure.BaudRateDouble = DISABLE;      //波特率加倍, ENABLE或DISABLE
  12   1        UART_Configuration(UART1, &COMx_InitStructure);   //初始化串口1 UART1,UART2,UART3,UART4
  13   1        NVIC_UART1_Init(ENABLE,Priority_1);   //中断使能, ENABLE/DISABLE; 优先级(低到高) Priority_0,Priority_1,Pri
             -ority_2,Priority_3
  14   1      
  15   1        UART1_SW(UART1_SW_P30_P31);   //UART1_SW_P30_P31,UART1_SW_P36_P37,UART1_SW_P16_P17,UART1_SW_P43_P44
  16   1      }
  17          
  18          void UART_writeByte(u8 dat) {
  19   1        SBUF = dat;
  20   1        COM1.B_TX_busy = 1;
  21   1        while(COM1.B_TX_busy);
  22   1      }
  23          
  24          void UART_writeStr(u8 * str) {
  25   1        for (; *str != 0; str++) {
  26   2          UART_writeByte(*str);
  27   2        }
  28   1      }


MODULE INFORMATION:   STATIC OVERLAYABLE
   CODE SIZE        =     71    ----
   CONSTANT SIZE    =   ----    ----
   XDATA SIZE       =   ----    ----
   PDATA SIZE       =   ----    ----
   DATA SIZE        =   ----       9
   IDATA SIZE       =   ----    ----
   BIT SIZE         =   ----    ----
END OF MODULE INFORMATION.


C51 COMPILATION COMPLETE.  0 WARNING(S),  0 ERROR(S)
