C51 COMPILER V9.60.7.0   MAIN                                                              04/08/2024 23:27:08 PAGE 1   


C51 COMPILER V9.60.7.0, COMPILATION OF MODULE MAIN
OBJECT MODULE PLACED IN .\Objects\main.obj
COMPILER INVOKED BY: D:\Keil_v5\C51\BIN\C51.EXE src\main.c OPTIMIZE(8,SPEED) BROWSE DEBUG OBJECTEXTEND PRINT(.\Listings\
                    -main.lst) TABS(2) OBJECT(.\Objects\main.obj)

line level    source

   1          #include "stc8a8k64d4.H"
   2          #include "stc8a_gpio.H"
   3          #include "stc8a_spi.h"
   4          #include "stc8a_nvic.h"
   5          #include "typedef.h"
   6          #include "oled12864.h"
   7          #include "uart.h"
   8          #include "LCD_2_4_240320.h"
   9          
  10          void OLED_GPIO_Config() {
  11   1        GPIO_InitTypeDef conf;
  12   1        conf.Mode = GPIO_PullUp;
  13   1        conf.Pin = GPIO_Pin_4 | GPIO_Pin_5 | GPIO_Pin_6 | GPIO_Pin_7;
  14   1        GPIO_Inilize(GPIO_P1, &conf);
  15   1        
  16   1        conf.Pin = GPIO_Pin_4;
  17   1        GPIO_Inilize(GPIO_P4, &conf);
  18   1      }
  19          
  20          void OLED12864_Init() {
  21   1        OLED_GPIO_Config();
  22   1        OLED_Init();
  23   1      }
  24          
  25          void LCD_2_4_240320_GPIO_Config() {
  26   1        GPIO_InitTypeDef conf;
  27   1        conf.Mode = GPIO_OUT_PP;
  28   1        conf.Pin = GPIO_Pin_1 | GPIO_Pin_2 | GPIO_Pin_3 | GPIO_Pin_4 | GPIO_Pin_5 | GPIO_Pin_6 | GPIO_Pin_7;
  29   1        GPIO_Inilize(GPIO_P0, &conf);
  30   1      }
  31          
  32          void main() {
  33   1        u8 buf[] = {0xfe, 0x12, 0x34, 0x56, 0x70, 0x9a, 0xbc, 0xd0};
  34   1        OLED12864_Init();
  35   1        LCD_2_4_240320_GPIO_Config();
  36   1        
  37   1        OLED_ShowBootIMG();
  38   1        LCD_Init();
  39   1      
  40   1        //循环进行各项测试  
  41   1        while(1) {
  42   2          LCD_Clear(RED);delay_ms(1000);  delay_ms(1000); 
  43   2          LCD_Clear(GREEN);delay_ms(1000);  delay_ms(1000); 
  44   2          LCD_Clear(BLUE);delay_ms(1000); delay_ms(1000); 
  45   2        }
  46   1      }


MODULE INFORMATION:   STATIC OVERLAYABLE
   CODE SIZE        =    137    ----
   CONSTANT SIZE    =      8    ----
   XDATA SIZE       =   ----    ----
   PDATA SIZE       =   ----    ----
   DATA SIZE        =   ----      12
C51 COMPILER V9.60.7.0   MAIN                                                              04/08/2024 23:27:08 PAGE 2   

   IDATA SIZE       =   ----    ----
   BIT SIZE         =   ----    ----
END OF MODULE INFORMATION.


C51 COMPILATION COMPLETE.  0 WARNING(S),  0 ERROR(S)
