C51 COMPILER V9.60.7.0   DRV_SPI                                                           05/07/2023 23:34:00 PAGE 1   


C51 COMPILER V9.60.7.0, COMPILATION OF MODULE DRV_SPI
OBJECT MODULE PLACED IN ..\output\drv_spi.obj
COMPILER INVOKED BY: D:\Keil_v5\C51\BIN\C51.EXE Source_File\drv_mcu\src\drv_spi.c COMPACT OPTIMIZE(8,SPEED) BROWSE INCDI
                    -R(.\Source_File\app\inc;.\Source_File\drv_mcu\inc;.\Source_File\drv_periph\inc) DEBUG OBJECTEXTEND PRINT(..\output\drv_s
                    -pi.lst) TABS(2) OBJECT(..\output\drv_spi.obj)

line level    source

   1          Ôªø/**
*** ERROR C100 IN LINE 1 OF Source_File\drv_mcu\src\drv_spi.c: unprintable character 0xEF skipped
*** ERROR C100 IN LINE 1 OF Source_File\drv_mcu\src\drv_spi.c: unprintable character 0xBB skipped
*** ERROR C100 IN LINE 1 OF Source_File\drv_mcu\src\drv_spi.c: unprintable character 0xBF skipped
   2            ******************************************************************************
   3            * @author  
   4            * @version 
   5            * @date    
   6            * @brief   
   7            ******************************************************************************
   8            * @attention
   9            *
  10            * 
  11            * 
  12            * 
  13            ******************************************************************************
  14            */
  15          
  16          
  17          
  18          #include "drv_spi.h"
*** ERROR C100 IN LINE 1 OF .\Source_File\drv_mcu\inc\drv_spi.h: unprintable character 0xEF skipped
*** ERROR C100 IN LINE 1 OF .\Source_File\drv_mcu\inc\drv_spi.h: unprintable character 0xBB skipped
*** ERROR C100 IN LINE 1 OF .\Source_File\drv_mcu\inc\drv_spi.h: unprintable character 0xBF skipped
*** ERROR C100 IN LINE 1 OF \hw\KeilProjects\µÁ◊”◊ ¡œ\G01-S\Demo≥Ã–Ú\demo_SI24R1\demo_SI24R1\Demo_nRF24L01_V3_0_ZeYao\De
             -mo_RF24L01_Stc89C52\Project_Rf24L01\Source_File\drv_mcu\inc\typedef.h: unprintable character 0xEF skipped
*** ERROR C100 IN LINE 1 OF \hw\KeilProjects\µÁ◊”◊ ¡œ\G01-S\Demo≥Ã–Ú\demo_SI24R1\demo_SI24R1\Demo_nRF24L01_V3_0_ZeYao\De
             -mo_RF24L01_Stc89C52\Project_Rf24L01\Source_File\drv_mcu\inc\typedef.h: unprintable character 0xBB skipped
*** ERROR C100 IN LINE 1 OF \hw\KeilProjects\µÁ◊”◊ ¡œ\G01-S\Demo≥Ã–Ú\demo_SI24R1\demo_SI24R1\Demo_nRF24L01_V3_0_ZeYao\De
             -mo_RF24L01_Stc89C52\Project_Rf24L01\Source_File\drv_mcu\inc\typedef.h: unprintable character 0xBF skipped
  19          
  20          
  21          /**
  22            * @brief :SPIÂàùÂßãÂåñ(ËΩØ‰ª∂)
  23            * @param :Êó†
  24            * @note  :Êó†
  25            * @retval:Êó†
  26            */
  27          void drv_spi_init( void )
  28          {
  29   1        //ÂºïËÑöÈÖçÁΩÆ ÈÉ®ÂàÜ51ÂçïÁâáÊú∫‰∏çÈúÄË¶Å
  30   1        //SCK MOSI NSS ÈÖçÁΩÆ‰∏∫Êé®ÊåΩËæìÂá∫
  31   1        SPI_SCK_PxM0 = IO_OUT_PUT_PP_M0 << SPI_SCK_PIN_BIT;
  32   1        SPI_SCK_PxM1 = IO_OUT_PUT_PP_M1 << SPI_SCK_PIN_BIT;
  33   1        
  34   1        SPI_MOSI_PxM0 = IO_OUT_PUT_PP_M0 << SPI_MOSI_PIN_BIT;
  35   1        SPI_MOSI_PxM1 = IO_OUT_PUT_PP_M1 << SPI_MOSI_PIN_BIT;
  36   1        
  37   1        SPI_NSS_PxM0 = IO_OUT_PUT_PP_M0 << SPI_NSS_PIN_BIT;
  38   1        SPI_NSS_PxM1 = IO_OUT_PUT_PP_M1 << SPI_NSS_PIN_BIT;
  39   1        
  40   1        //MISO ÈÖçÁΩÆ‰∏∫ËæìÂÖ•
  41   1        SPI_MISO_PxM0 = IO_IN_PUT_ONLY_M0 << SPI_MISO_PIN_BIT;
C51 COMPILER V9.60.7.0   DRV_SPI                                                           05/07/2023 23:34:00 PAGE 2   

  42   1        SPI_MISO_PxM1 = IO_IN_PUT_ONLY_M1 << SPI_MISO_PIN_BIT;
  43   1        
  44   1        //Êó∂ÈíüÁΩÆ‰Ωé
  45   1        SPI_SCK = 0;  
  46   1        //MOSI MISO NSSÁΩÆÈ´ò
  47   1        SPI_MOSI = 1;   
  48   1        SPI_MISO = 1;
  49   1        SPI_NSS = 1;  
  50   1      }
  51          
  52          /**
  53            * @brief :SPIÊî∂Âèë‰∏Ä‰∏™Â≠óËäÇ
  54            * @param :
  55            *     @TxByte: ÂèëÈÄÅÁöÑÊï∞ÊçÆÂ≠óËäÇ
  56            * @note  :ÈùûÂ†µÂ°ûÂºèÔºå‰∏ÄÊó¶Á≠âÂæÖË∂ÖÊó∂ÔºåÂáΩÊï∞‰ºöËá™Âä®ÈÄÄÂá∫
  57            * @retval:Êé•Êî∂Âà∞ÁöÑÂ≠óËäÇ
  58            */
  59          uint8_t drv_spi_read_write_byte( uint8_t TxByte )
  60          {
  61   1        uint8_t i = 0, Data = 0;
  62   1        
  63   1        spi_set_clk_low( );
  64   1        
  65   1        for( i = 0; i < 8; i++ )      //‰∏Ä‰∏™Â≠óËäÇ8byteÈúÄË¶ÅÂæ™ÁéØ8Ê¨°
  66   1        {
  67   2          /** ÂèëÈÄÅ */
  68   2          if( 0x80 == ( TxByte & 0x80 ))
  69   2          {
  70   3            spi_set_mosi_hight( );    //Â¶ÇÊûúÂç≥Â∞ÜË¶ÅÂèëÈÄÅÁöÑ‰Ωç‰∏∫ 1 ÂàôÁΩÆÈ´òIOÂºïËÑö
  71   3          }
  72   2          else
  73   2          {
  74   3            spi_set_mosi_low( );    //Â¶ÇÊûúÂç≥Â∞ÜË¶ÅÂèëÈÄÅÁöÑ‰Ωç‰∏∫ 0 ÂàôÁΩÆ‰ΩéIOÂºïËÑö
  75   3          }
  76   2          TxByte <<= 1;         //Êï∞ÊçÆÂ∑¶Áßª‰∏Ä‰ΩçÔºåÂÖàÂèëÈÄÅÁöÑÊòØÊúÄÈ´ò‰Ωç
  77   2          spi_set_clk_high( );      //Êó∂ÈíüÁ∫øÁΩÆÈ´ò
  78   2          _nop_( );
  79   2        
  80   2          /** Êé•Êî∂ */
  81   2          Data <<= 1;           //Êé•Êî∂Êï∞ÊçÆÂ∑¶Áßª‰∏Ä‰ΩçÔºåÂÖàÊé•Êî∂Âà∞ÁöÑÊòØÊúÄÈ´ò‰Ωç
  82   2          if( 1 == spi_get_miso( ))
  83   2          {
  84   3            Data |= 0x01;       //Â¶ÇÊûúÊé•Êî∂Êó∂IOÂºïËÑö‰∏∫È´òÂàôËÆ§‰∏∫Êé•Êî∂Âà∞ 1
  85   3          }
  86   2          
  87   2          spi_set_clk_low( );       //Êó∂ÈíüÁ∫øÁΩÆ‰Ωé
  88   2          _nop_( );
  89   2        }
  90   1        
  91   1        return Data;    //ËøîÂõûÊé•Êî∂Âà∞ÁöÑÂ≠óËäÇ
  92   1      }
  93          
  94          /**
  95            * @brief :SPIÊî∂ÂèëÂ≠óÁ¨¶‰∏≤
  96            * @param :
  97            *     @ReadBuffer: Êé•Êî∂Êï∞ÊçÆÁºìÂÜ≤Âå∫Âú∞ÂùÄ
  98            *     @WriteBuffer:ÂèëÈÄÅÂ≠óËäÇÁºìÂÜ≤Âå∫Âú∞ÂùÄ
  99            *     @Length:Â≠óËäÇÈïøÂ∫¶
 100            * @note  :ÈùûÂ†µÂ°ûÂºèÔºå‰∏ÄÊó¶Á≠âÂæÖË∂ÖÊó∂ÔºåÂáΩÊï∞‰ºöËá™Âä®ÈÄÄÂá∫
 101            * @retval:Êó†
 102            */
 103          void drv_spi_read_write_string( uint8_t* ReadBuffer, uint8_t* WriteBuffer, uint16_t Length )
C51 COMPILER V9.60.7.0   DRV_SPI                                                           05/07/2023 23:34:00 PAGE 3   

 104          {
 105   1        spi_set_nss_low( );     //ÁâáÈÄâÊãâ‰Ωé
 106   1        
 107   1        while( Length-- )
 108   1        {
 109   2          *ReadBuffer = drv_spi_read_write_byte( *WriteBuffer );    //Êî∂ÂèëÊï∞ÊçÆ
 110   2          ReadBuffer++;
 111   2          WriteBuffer++;      //ËØªÂÜôÂú∞ÂùÄÂä†1
 112   2        }
 113   1        
 114   1        spi_set_nss_high( );    //ÁâáÈÄâÊãâÈ´ò
 115   1      }
 116          

C51 COMPILATION COMPLETE.  0 WARNING(S),  9 ERROR(S)
