C51 COMPILER V9.60.7.0   DRV_BUTTON                                                        05/07/2023 23:34:00 PAGE 1   


C51 COMPILER V9.60.7.0, COMPILATION OF MODULE DRV_BUTTON
OBJECT MODULE PLACED IN ..\output\drv_button.obj
COMPILER INVOKED BY: D:\Keil_v5\C51\BIN\C51.EXE Source_File\drv_mcu\src\drv_button.c COMPACT OPTIMIZE(8,SPEED) BROWSE IN
                    -CDIR(.\Source_File\app\inc;.\Source_File\drv_mcu\inc;.\Source_File\drv_periph\inc) DEBUG OBJECTEXTEND PRINT(..\output\dr
                    -v_button.lst) TABS(2) OBJECT(..\output\drv_button.obj)

line level    source

   1          Ôªø/**
*** ERROR C100 IN LINE 1 OF Source_File\drv_mcu\src\drv_button.c: unprintable character 0xEF skipped
*** ERROR C100 IN LINE 1 OF Source_File\drv_mcu\src\drv_button.c: unprintable character 0xBB skipped
*** ERROR C100 IN LINE 1 OF Source_File\drv_mcu\src\drv_button.c: unprintable character 0xBF skipped
   2            ******************************************************************************
   3            * @author  
   4            * @version 
   5            * @date    
   6            * @brief   
   7            ******************************************************************************
   8            * @attention
   9            *
  10            * 
  11            * 
  12            * 
  13            ******************************************************************************
  14            */
  15          
  16          
  17          #include "drv_button.h"
*** ERROR C100 IN LINE 1 OF .\Source_File\drv_mcu\inc\drv_button.h: unprintable character 0xEF skipped
*** ERROR C100 IN LINE 1 OF .\Source_File\drv_mcu\inc\drv_button.h: unprintable character 0xBB skipped
*** ERROR C100 IN LINE 1 OF .\Source_File\drv_mcu\inc\drv_button.h: unprintable character 0xBF skipped
*** ERROR C100 IN LINE 1 OF \hw\KeilProjects\µÁ◊”◊ ¡œ\G01-S\Demo≥Ã–Ú\demo_SI24R1\demo_SI24R1\Demo_nRF24L01_V3_0_ZeYao\De
             -mo_RF24L01_Stc89C52\Project_Rf24L01\Source_File\drv_mcu\inc\typedef.h: unprintable character 0xEF skipped
*** ERROR C100 IN LINE 1 OF \hw\KeilProjects\µÁ◊”◊ ¡œ\G01-S\Demo≥Ã–Ú\demo_SI24R1\demo_SI24R1\Demo_nRF24L01_V3_0_ZeYao\De
             -mo_RF24L01_Stc89C52\Project_Rf24L01\Source_File\drv_mcu\inc\typedef.h: unprintable character 0xBB skipped
*** ERROR C100 IN LINE 1 OF \hw\KeilProjects\µÁ◊”◊ ¡œ\G01-S\Demo≥Ã–Ú\demo_SI24R1\demo_SI24R1\Demo_nRF24L01_V3_0_ZeYao\De
             -mo_RF24L01_Stc89C52\Project_Rf24L01\Source_File\drv_mcu\inc\typedef.h: unprintable character 0xBF skipped
  18          #include "drv_delay.h"
*** ERROR C100 IN LINE 1 OF .\Source_File\drv_mcu\inc\drv_delay.h: unprintable character 0xEF skipped
*** ERROR C100 IN LINE 1 OF .\Source_File\drv_mcu\inc\drv_delay.h: unprintable character 0xBB skipped
*** ERROR C100 IN LINE 1 OF .\Source_File\drv_mcu\inc\drv_delay.h: unprintable character 0xBF skipped
*** ERROR C100 IN LINE 1 OF \hw\KeilProjects\µÁ◊”◊ ¡œ\G01-S\Demo≥Ã–Ú\demo_SI24R1\demo_SI24R1\Demo_nRF24L01_V3_0_ZeYao\De
             -mo_RF24L01_Stc89C52\Project_Rf24L01\Source_File\drv_mcu\inc\typedef.h: unprintable character 0xEF skipped
*** ERROR C100 IN LINE 1 OF \hw\KeilProjects\µÁ◊”◊ ¡œ\G01-S\Demo≥Ã–Ú\demo_SI24R1\demo_SI24R1\Demo_nRF24L01_V3_0_ZeYao\De
             -mo_RF24L01_Stc89C52\Project_Rf24L01\Source_File\drv_mcu\inc\typedef.h: unprintable character 0xBB skipped
*** ERROR C100 IN LINE 1 OF \hw\KeilProjects\µÁ◊”◊ ¡œ\G01-S\Demo≥Ã–Ú\demo_SI24R1\demo_SI24R1\Demo_nRF24L01_V3_0_ZeYao\De
             -mo_RF24L01_Stc89C52\Project_Rf24L01\Source_File\drv_mcu\inc\typedef.h: unprintable character 0xBF skipped
  19          
  20          
  21          
  22          /**
  23            * @brief :ÊåâÈîÆÂàùÂßãÂåñ
  24            * @param :Êó†
  25            * @note  :Êó†
  26            * @retval:Êó†
  27            */ 
  28          void drv_button_init( void )
  29          {
  30   1        //ÂºïËÑöÈÖçÁΩÆ ÈÉ®ÂàÜ51ÂçïÁâáÊú∫‰∏çÈúÄË¶Å
  31   1        //BUTTONÂºïËÑöÈÖçÁΩÆ‰∏∫ËæìÂÖ•
  32   1        BUTTON_PxM0 = IO_IN_PUT_ONLY_M0 << BUTTON_PIN_BIT;
C51 COMPILER V9.60.7.0   DRV_BUTTON                                                        05/07/2023 23:34:00 PAGE 2   

  33   1        BUTTON_PxM1 = IO_IN_PUT_ONLY_M1 << BUTTON_PIN_BIT;
  34   1        
  35   1        BUTTON_PIN = 1;   //ÈªòËÆ§Áä∂ÊÄÅÁΩÆÈ´ò
  36   1      }
  37          
  38          /**
  39            * @brief :ÊåâÈîÆÊü•ËØ¢
  40            * @param :Êó†
  41            * @note  :Êó†
  42            * @retval:
  43            *     0:ÊåâÈîÆÊ≤°ÊúâÊåâ‰∏ã
  44            *     1:Ê£ÄÊµãÂà∞ÊåâÈîÆÂä®‰Ωú
  45            */
  46          uint8_t drv_button_check( void )
  47          {
  48   1        if( 1 != BUTTON_PIN )   //Ê£ÄÊµãÊåâÈîÆËæìÂÖ•Áä∂ÊÄÅ
  49   1        {
  50   2          drv_delay_ms( 45 );   //Ê∂àÊäñ
  51   2          if( 1 != BUTTON_PIN )
  52   2          {
  53   3            return 1;     //ÊåâÈîÆÊåâ‰∏ãÔºåËøîÂõûÊåâÈîÆÁä∂ÊÄÅ
  54   3          }
  55   2        }
  56   1        
  57   1        return 0;
  58   1      }

C51 COMPILATION COMPLETE.  0 WARNING(S),  15 ERROR(S)
