C51 COMPILER V9.60.7.0   DRV_DELAY                                                         05/07/2023 23:34:00 PAGE 1   


C51 COMPILER V9.60.7.0, COMPILATION OF MODULE DRV_DELAY
OBJECT MODULE PLACED IN ..\output\drv_delay.obj
COMPILER INVOKED BY: D:\Keil_v5\C51\BIN\C51.EXE Source_File\drv_mcu\src\drv_delay.c COMPACT OPTIMIZE(8,SPEED) BROWSE INC
                    -DIR(.\Source_File\app\inc;.\Source_File\drv_mcu\inc;.\Source_File\drv_periph\inc) DEBUG OBJECTEXTEND PRINT(..\output\drv
                    -_delay.lst) TABS(2) OBJECT(..\output\drv_delay.obj)

line level    source

   1          ï»¿/**
*** ERROR C100 IN LINE 1 OF Source_File\drv_mcu\src\drv_delay.c: unprintable character 0xEF skipped
*** ERROR C100 IN LINE 1 OF Source_File\drv_mcu\src\drv_delay.c: unprintable character 0xBB skipped
*** ERROR C100 IN LINE 1 OF Source_File\drv_mcu\src\drv_delay.c: unprintable character 0xBF skipped
   2            ******************************************************************************
   3            * @author  
   4            * @version 
   5            * @date    
   6            * @brief   
   7            ******************************************************************************
   8            * @attention
   9            *
  10            * 
  11            * 
  12            * 
  13            ******************************************************************************
  14            */
  15          
  16          
  17          
  18          #include "drv_delay.h"
*** ERROR C100 IN LINE 1 OF .\Source_File\drv_mcu\inc\drv_delay.h: unprintable character 0xEF skipped
*** ERROR C100 IN LINE 1 OF .\Source_File\drv_mcu\inc\drv_delay.h: unprintable character 0xBB skipped
*** ERROR C100 IN LINE 1 OF .\Source_File\drv_mcu\inc\drv_delay.h: unprintable character 0xBF skipped
*** ERROR C100 IN LINE 1 OF \hw\KeilProjects\µç×Ó×ÊÁÏ\G01-S\Demo³ÌÐò\demo_SI24R1\demo_SI24R1\Demo_nRF24L01_V3_0_ZeYao\De
             -mo_RF24L01_Stc89C52\Project_Rf24L01\Source_File\drv_mcu\inc\typedef.h: unprintable character 0xEF skipped
*** ERROR C100 IN LINE 1 OF \hw\KeilProjects\µç×Ó×ÊÁÏ\G01-S\Demo³ÌÐò\demo_SI24R1\demo_SI24R1\Demo_nRF24L01_V3_0_ZeYao\De
             -mo_RF24L01_Stc89C52\Project_Rf24L01\Source_File\drv_mcu\inc\typedef.h: unprintable character 0xBB skipped
*** ERROR C100 IN LINE 1 OF \hw\KeilProjects\µç×Ó×ÊÁÏ\G01-S\Demo³ÌÐò\demo_SI24R1\demo_SI24R1\Demo_nRF24L01_V3_0_ZeYao\De
             -mo_RF24L01_Stc89C52\Project_Rf24L01\Source_File\drv_mcu\inc\typedef.h: unprintable character 0xBF skipped
  19          
  20          
  21          
  22          /**
  23            * @brief :1MSå»¶æ—¶å‡½æ•°
  24            * @param :
  25            * @note  :12MHz ä¸‹1MSå»¶æ—¶
  26            * @retval:æ— 
  27            */
  28          static void drv_delay_1ms( )
  29          {
  30   1        uint16_t Ms = 1;
  31   1        uint32_t j = 80;
  32   1        
  33   1        while( Ms-- )
  34   1        {
  35   2          while( j-- );
  36   2        }
  37   1      }
  38          
  39          /**
  40            * @brief :MSå»¶æ—¶å‡½æ•°
  41            * @param :
C51 COMPILER V9.60.7.0   DRV_DELAY                                                         05/07/2023 23:34:00 PAGE 2   

  42            *     @Ms:å»¶æ—¶çš„MSæ•°
  43            * @note  :æ— 
  44            * @retval:æ— 
  45            */
  46          void drv_delay_ms( uint16_t Ms )
  47          {
  48   1        while( Ms-- )
  49   1        {
  50   2          drv_delay_1ms( );
  51   2        }
  52   1      }
  53          

C51 COMPILATION COMPLETE.  0 WARNING(S),  9 ERROR(S)
