C51 COMPILER V9.60.7.0   DRV_LED                                                           05/07/2023 23:34:00 PAGE 1   


C51 COMPILER V9.60.7.0, COMPILATION OF MODULE DRV_LED
OBJECT MODULE PLACED IN ..\output\drv_led.obj
COMPILER INVOKED BY: D:\Keil_v5\C51\BIN\C51.EXE Source_File\drv_mcu\src\drv_led.c COMPACT OPTIMIZE(8,SPEED) BROWSE INCDI
                    -R(.\Source_File\app\inc;.\Source_File\drv_mcu\inc;.\Source_File\drv_periph\inc) DEBUG OBJECTEXTEND PRINT(..\output\drv_l
                    -ed.lst) TABS(2) OBJECT(..\output\drv_led.obj)

line level    source

   1          Ôªø/**
*** ERROR C100 IN LINE 1 OF Source_File\drv_mcu\src\drv_led.c: unprintable character 0xEF skipped
*** ERROR C100 IN LINE 1 OF Source_File\drv_mcu\src\drv_led.c: unprintable character 0xBB skipped
*** ERROR C100 IN LINE 1 OF Source_File\drv_mcu\src\drv_led.c: unprintable character 0xBF skipped
   2            ******************************************************************************
   3            * @author  
   4            * @version 
   5            * @date    
   6            * @brief   
   7            ******************************************************************************
   8            * @attention
   9            *
  10            * 
  11            * 
  12            * 
  13            ******************************************************************************
  14            */
  15          
  16          
  17          
  18          #include "drv_led.h"
*** ERROR C100 IN LINE 1 OF .\Source_File\drv_mcu\inc\drv_led.h: unprintable character 0xEF skipped
*** ERROR C100 IN LINE 1 OF .\Source_File\drv_mcu\inc\drv_led.h: unprintable character 0xBB skipped
*** ERROR C100 IN LINE 1 OF .\Source_File\drv_mcu\inc\drv_led.h: unprintable character 0xBF skipped
*** ERROR C100 IN LINE 1 OF \hw\KeilProjects\µÁ◊”◊ ¡œ\G01-S\Demo≥Ã–Ú\demo_SI24R1\demo_SI24R1\Demo_nRF24L01_V3_0_ZeYao\De
             -mo_RF24L01_Stc89C52\Project_Rf24L01\Source_File\drv_mcu\inc\typedef.h: unprintable character 0xEF skipped
*** ERROR C100 IN LINE 1 OF \hw\KeilProjects\µÁ◊”◊ ¡œ\G01-S\Demo≥Ã–Ú\demo_SI24R1\demo_SI24R1\Demo_nRF24L01_V3_0_ZeYao\De
             -mo_RF24L01_Stc89C52\Project_Rf24L01\Source_File\drv_mcu\inc\typedef.h: unprintable character 0xBB skipped
*** ERROR C100 IN LINE 1 OF \hw\KeilProjects\µÁ◊”◊ ¡œ\G01-S\Demo≥Ã–Ú\demo_SI24R1\demo_SI24R1\Demo_nRF24L01_V3_0_ZeYao\De
             -mo_RF24L01_Stc89C52\Project_Rf24L01\Source_File\drv_mcu\inc\typedef.h: unprintable character 0xBF skipped
  19          
  20          
  21          
  22          /**
  23            * @brief :LEDÂàùÂßãÂåñ
  24            * @param :Êó†
  25            * @note  :Êó†
  26            * @retval:Êó†
  27            */ 
  28          void drv_led_init( void )
  29          {
  30   1        //ÂºïËÑöÈÖçÁΩÆ ÈÉ®ÂàÜ51ÂçïÁâáÊú∫‰∏çÈúÄË¶Å
  31   1        //LEDÂºïËÑöÈÖçÁΩÆ‰∏∫Êé®ÊåΩËæìÂá∫
  32   1        LED_RED_PxM0 |= IO_OUT_PUT_PP_M0 << LED_RED_PIN_BIT;
  33   1        LED_RED_PxM1 |= IO_OUT_PUT_PP_M1 << LED_RED_PIN_BIT;
  34   1        
  35   1        LED_RED_PIN = 1;      //IOÂàùÂßãÂåñÁä∂ÊÄÅÁΩÆÈ´òÔºåLEDÁÅ≠
  36   1        LED_GREEN_PIN = 1;
  37   1      }
  38          
  39          /**
  40            * @brief :LED‰∫Æ
  41            * @param :
C51 COMPILER V9.60.7.0   DRV_LED                                                           05/07/2023 23:34:00 PAGE 2   

  42            *     @LedPort:LEDÈÄâÊã©
  43            * @note  :Êó†
  44            * @retval:Êó†
  45            */
  46          void drv_led_on( LedPortType LedPort )
  47          {
  48   1        //IOÁîµÂπ≥ÁΩÆ‰ΩéÔºåLED‰∫Æ
  49   1        if( LED_RED == LedPort )
  50   1        {
  51   2          LED_RED_PIN = 0;    
  52   2        }
  53   1        else
  54   1        {
  55   2          LED_GREEN_PIN = 0;
  56   2        }
  57   1      }
  58          
  59          /**
  60            * @brief :LEDÁÅ≠
  61            * @param :
  62            *     @LedPort:LEDÈÄâÊã©
  63            * @note  :Êó†
  64            * @retval:Êó†
  65            */
  66          void drv_led_off( LedPortType LedPort )
  67          {
  68   1        //IOÁîµÂπ≥ÁΩÆÈ´òÔºåLEDÁÅ≠
  69   1        if( LED_RED == LedPort )
  70   1        {
  71   2          LED_RED_PIN = 1;    
  72   2        }
  73   1        else
  74   1        {
  75   2          LED_GREEN_PIN = 1;
  76   2        }
  77   1      }
  78          
  79          /**
  80            * @brief :LEDÈó™ÁÉÅ
  81            * @param :
  82            *     @LedPort:LEDÈÄâÊã©
  83            * @note  :Êó†
  84            * @retval:Êó†
  85            */
  86          void drv_led_flashing( LedPortType LedPort )
  87          {
  88   1        if( LED_RED == LedPort )
  89   1        {
  90   2          if( 1 == LED_RED_PIN )  
  91   2          {
  92   3            LED_RED_PIN = 0;
  93   3          }
  94   2          else
  95   2          {
  96   3            LED_RED_PIN = 1;
  97   3          }
  98   2        }
  99   1        else
 100   1        {
 101   2          if( 1 == LED_GREEN_PIN )  
 102   2          {
 103   3            LED_GREEN_PIN = 0;
C51 COMPILER V9.60.7.0   DRV_LED                                                           05/07/2023 23:34:00 PAGE 3   

 104   3          }
 105   2          else
 106   2          {
 107   3            LED_GREEN_PIN = 1;
 108   3          }
 109   2        }
 110   1      }
 111          
 112          

C51 COMPILATION COMPLETE.  0 WARNING(S),  9 ERROR(S)
