C51 COMPILER V9.60.0.0   MAIN                                                              11/27/2022 16:12:07 PAGE 1   


C51 COMPILER V9.60.0.0, COMPILATION OF MODULE MAIN
OBJECT MODULE PLACED IN .\Objects\main.obj
COMPILER INVOKED BY: d:\Keil_v5\C51\BIN\C51.EXE src\main.c OPTIMIZE(8,SPEED) BROWSE DEBUG OBJECTEXTEND PRINT(.\Listings\
                    -main.lst) TABS(2) OBJECT(.\Objects\main.obj)

line level    source

   1          #include "stc8a8k64d4.H"
   2          #include "stc8a_gpio.H"
   3          #include "stc8a_spi.h"
   4          #include "stc8a_nvic.h"
   5          #include "typedef.h"
   6          #include "oled12864.h"
   7          #include  "STC8A_UART.h"
   8          #include "stc8a_switch.h"
   9          
  10          void OLED_GPIO_Config() {
  11   1        GPIO_InitTypeDef conf;
  12   1        conf.Mode = GPIO_OUT_PP;
  13   1        conf.Pin = GPIO_Pin_All;
  14   1        GPIO_Inilize(GPIO_P4, &conf);
  15   1      }
  16          
  17          void UART_GPIO_Config() {
  18   1        GPIO_InitTypeDef GPIO_InitStructure;
  19   1        GPIO_InitStructure.Pin = GPIO_Pin_6 | GPIO_Pin_7;
  20   1        GPIO_InitStructure.Mode = GPIO_PullUp;
  21   1        GPIO_Inilize(GPIO_P3, &GPIO_InitStructure);
  22   1      }
  23          
  24          
  25          void OLED12864_Init() {
  26   1        OLED_GPIO_Config();
  27   1        OLED_Init();
  28   1      }
  29          
  30          u8 cnt = 0;
  31          u8 se;
  32          
  33          void on_UART_Rec_1Byte(u8 d) {
  34   1        u8 buf[2];
  35   1        cnt++;
  36   1        buf[0] = d;
  37   1        buf[1] = cnt;
  38   1        // buf[1] = se;
  39   1        OLED_ShowHexBuf8(0, 0, buf, 2);
  40   1      }
  41          
  42          void  UART_config() {
  43   1        COMx_InitDefine COMx_InitStructure; //结构定义
  44   1        UART_GPIO_Config();
  45   1        UART1_SW(P_UART);
  46   1        COMx_InitStructure.UART_Mode = UART_8bit_BRTx; //模式,   UART_ShiftRight,UART_8bit_BRTx,UART_9bit,UART_9b
             -it_BRTx
  47   1        COMx_InitStructure.UART_BRT_Use = BRT_Timer1; //使用波特率, BRT_Timer1, BRT_Timer2 (注意: 串口2固定使用BR
             -T_Timer2)
  48   1        COMx_InitStructure.UART_BaudRate = 115200ul; //波特率,     110 ~ 115200
  49   1        COMx_InitStructure.UART_RxEnable = ENABLE; //接收允许,   ENABLE或DISABLE
  50   1        COMx_InitStructure.BaudRateDouble = DISABLE;
  51   1        UART_Configuration(UART1, &COMx_InitStructure); //初始化串口2 USART1,USART2,USART3,USART4
  52   1        NVIC_UART1_Init(ENABLE, Priority_0); //中断使能, ENABLE/DISABLE; 优先级(低到高) Priority_0,Priority_1,Pri
C51 COMPILER V9.60.0.0   MAIN                                                              11/27/2022 16:12:07 PAGE 2   

             -ority_2,Priority_3
  53   1      }
  54          
  55          void delay1s() {
  56   1        u8 i;
  57   1        for (i = 0; i < 100; ++i) {
  58   2          delay_ms(100);
  59   2        }
  60   1      }
  61          
  62          void main() {
  63   1        OLED12864_Init();
  64   1        g_onURAT_1Byte_CB = on_UART_Rec_1Byte;
  65   1        UART_config();
  66   1        se = 0;
  67   1        on_UART_Rec_1Byte(0x3d);
  68   1        EA = 1;
  69   1        while(1) {
  70   2          /*delay1s();
  71   2          ++se;
  72   2          TX1_write2buff(se);*/
  73   2        }
  74   1      }


MODULE INFORMATION:   STATIC OVERLAYABLE
   CODE SIZE        =    164    ----
   CONSTANT SIZE    =   ----    ----
   XDATA SIZE       =   ----    ----
   PDATA SIZE       =   ----    ----
   DATA SIZE        =      2      16
   IDATA SIZE       =   ----    ----
   BIT SIZE         =   ----    ----
END OF MODULE INFORMATION.


C51 COMPILATION COMPLETE.  0 WARNING(S),  0 ERROR(S)
