C51 COMPILER V9.60.0.0   STC8A_PWM15BIT_ISR                                                08/16/2022 23:21:11 PAGE 1   


C51 COMPILER V9.60.0.0, COMPILATION OF MODULE STC8A_PWM15BIT_ISR
OBJECT MODULE PLACED IN .\Objects\STC8A_PWM15bit_Isr.obj
COMPILER INVOKED BY: d:\Keil_v5\C51\BIN\C51.EXE src\STC8A_PWM15bit_Isr.c OPTIMIZE(8,SPEED) BROWSE DEBUG OBJECTEXTEND PRI
                    -NT(.\Listings\STC8A_PWM15bit_Isr.lst) TABS(2) OBJECT(.\Objects\STC8A_PWM15bit_Isr.obj)

line level    source

   1          /*---------------------------------------------------------------------*/
   2          /* --- STC MCU Limited ------------------------------------------------*/
   3          /* --- STC 1T Series MCU Demo Programme -------------------------------*/
   4          /* --- Mobile: (86)13922805190 ----------------------------------------*/
   5          /* --- Fax: 86-0513-55012956,55012947,55012969 ------------------------*/
   6          /* --- Tel: 86-0513-55012928,55012929,55012966 ------------------------*/
   7          /* --- Web: www.STCMCU.com --------------------------------------------*/
   8          /* --- Web: www.STCMCUDATA.com  ---------------------------------------*/
   9          /* --- QQ:  800003751 -------------------------------------------------*/
  10          /* 如果要在程序中使用此代码,请在程序中注明使用了STC的资料及程序            */
  11          /*---------------------------------------------------------------------*/
  12          
  13          #include  "STC8A_PWM15bit.h"
  14          
  15          //========================================================================
  16          // 函数: PWM_ISR_Handler
  17          // 描述: 15位增强型PWM中断函数.
  18          // 参数: none.
  19          // 返回: none.
  20          // 版本: V1.0, 2020-09-23
  21          //========================================================================
  22          void  PWM_ISR_Handler (void) interrupt PWM_VECTOR
  23          {
  24   1        char store;
  25   1        store = P_SW2;
  26   1        P_SW2 |= 0x80;
  27   1      
  28   1        if(PWMCFG & 0x08)   //PWM计数器中断
  29   1        {
  30   2          PWMCFG &= ~0x08;    //清PWM计数器中断标志
  31   2          // TODO: 在此处添加用户代码
  32   2        }
  33   1        if(PWMIF)   //PWM0匹配中断
  34   1        {
  35   2          PWMIF = 0;
  36   2          // TODO: 在此处添加用户代码
  37   2        }
  38   1        P_SW2 = store;
  39   1      }


MODULE INFORMATION:   STATIC OVERLAYABLE
   CODE SIZE        =     47    ----
   CONSTANT SIZE    =   ----    ----
   XDATA SIZE       =   ----    ----
   PDATA SIZE       =   ----    ----
   DATA SIZE        =   ----    ----
   IDATA SIZE       =   ----    ----
   BIT SIZE         =   ----    ----
END OF MODULE INFORMATION.


C51 COMPILATION COMPLETE.  0 WARNING(S),  0 ERROR(S)
