C51 COMPILER V9.59.0.0   MAIN                                                              09/18/2020 18:58:07 PAGE 1   


C51 COMPILER V9.59.0.0, COMPILATION OF MODULE MAIN
OBJECT MODULE PLACED IN .\list\main.obj
COMPILER INVOKED BY: C:\Keil_v5\C51\BIN\C51.EXE main.c OPTIMIZE(8,SPEED) BROWSE DEBUG OBJECTEXTEND PRINT(.\list\main.lst
                    -) TABS(2) OBJECT(.\list\main.obj)

line level    source

   1          /*---------------------------------------------------------------------*/
   2          /* --- STC MCU Limited ------------------------------------------------*/
   3          /* --- STC 1T Series MCU Demo Programme -------------------------------*/
   4          /* --- Mobile: (86)13922805190 ----------------------------------------*/
   5          /* --- Fax: 86-0513-55012956,55012947,55012969 ------------------------*/
   6          /* --- Tel: 86-0513-55012928,55012929,55012966 ------------------------*/
   7          /* --- Web: www.STCMCU.com --------------------------------------------*/
   8          /* --- Web: www.STCMCUDATA.com  ---------------------------------------*/
   9          /* --- QQ:  800003751 -------------------------------------------------*/
  10          /* 如果要在程序中使用此代码,请在程序中注明使用了STC的资料及程序            */
  11          /*---------------------------------------------------------------------*/
  12          
  13          #include  "config.h"
  14          #include  "GPIO.h"
  15          #include  "WDT.h"
  16          #include  "delay.h"
  17          
  18          /*************   功能说明   ***************
  19          
  20          本例程基于STC8H8K64U为主控芯片的实验箱8进行编写测试，STC8G、STC8H系列芯片可通用参考.
  21          
  22          初始化翻转电平, 5秒后不喂狗, 等待看门狗复位.
  23          
  24          下载时, 选择时钟 24MHz (用户可在"config.h"修改频率).
  25          
  26          ******************************************/
  27          
  28          /*************  本地常量声明  **************/
  29          
  30          
  31          /*************  本地变量声明  **************/
  32          u16 ms_cnt;
  33          u8  second;    //测试用的计数变量
  34          
  35          /*************  本地函数声明  **************/
  36          
  37          
  38          /*************  外部函数和变量声明 *****************/
  39          
  40          
  41          
  42          /******************** IO口配置 ********************/
  43          void  GPIO_config(void)
  44          {
  45   1        GPIO_InitTypeDef  GPIO_InitStructure;       //结构定义
  46   1      
  47   1        GPIO_InitStructure.Pin  = GPIO_Pin_0;       //指定要初始化的IO, GPIO_Pin_0 ~ GPIO_Pin_7, 或操作
  48   1        GPIO_InitStructure.Mode = GPIO_PullUp;      //指定IO的输入或输出方式,GPIO_PullUp,GPIO_HighZ,GPIO_OUT_OD,GPIO
             -_OUT_PP
  49   1        GPIO_Inilize(GPIO_P1,&GPIO_InitStructure);  //初始化
  50   1      }
  51          
  52          /******************** INT配置 ********************/
  53          void  WDT_config(void)
C51 COMPILER V9.59.0.0   MAIN                                                              09/18/2020 18:58:07 PAGE 2   

  54          {
  55   1        WDT_InitTypeDef WDT_InitStructure;          //结构定义
  56   1      
  57   1        WDT_InitStructure.WDT_Enable     = ENABLE;          //中断使能   ENABLE或DISABLE
  58   1        WDT_InitStructure.WDT_IDLE_Mode  = WDT_IDLE_STOP;   //IDLE模式是否停止计数    WDT_IDLE_STOP,WDT_IDLE_RUN
  59   1        WDT_InitStructure.WDT_PS         = WDT_SCALE_16;    //看门狗定时器时钟分频系数    WDT_SCALE_2,WDT_SCALE_4,WDT
             -_SCALE_8,WDT_SCALE_16,WDT_SCALE_32,WDT_SCALE_64,WDT_SCALE_128,WDT_SCALE_256
  60   1        WDT_Inilize(&WDT_InitStructure);          //初始化
  61   1      }
  62          
  63          /******************** 主函数***********************/
  64          void main(void)
  65          {
  66   1        GPIO_config();
  67   1        
  68   1        P10 = 0;
  69   1        delay_ms(100);
  70   1        P10 = 1;
  71   1        delay_ms(100);
  72   1        P10 = 0;
  73   1        delay_ms(100);
  74   1        P10 = 1;
  75   1        delay_ms(100);
  76   1        P10 = 0;
  77   1        
  78   1        WDT_config();
  79   1      
  80   1        while(1)
  81   1        {
  82   2          delay_ms(1);    //延时1ms
  83   2          if(second <= 5)    //5秒后不喂狗, 将复位,
  84   2            WDT_Clear();    // 喂狗
  85   2      
  86   2          if(++ms_cnt >= 1000)
  87   2          {
  88   3            ms_cnt = 0;
  89   3            second++;
  90   3          }
  91   2        }
  92   1      }
  93          


MODULE INFORMATION:   STATIC OVERLAYABLE
   CODE SIZE        =    114    ----
   CONSTANT SIZE    =   ----    ----
   XDATA SIZE       =   ----    ----
   PDATA SIZE       =   ----    ----
   DATA SIZE        =      3       5
   IDATA SIZE       =   ----    ----
   BIT SIZE         =   ----    ----
END OF MODULE INFORMATION.


C51 COMPILATION COMPLETE.  0 WARNING(S),  0 ERROR(S)
