C51 COMPILER V9.60.7.0   MAIN                                                              07/09/2023 18:03:53 PAGE 1   


C51 COMPILER V9.60.7.0, COMPILATION OF MODULE MAIN
OBJECT MODULE PLACED IN .\Objects\main.obj
COMPILER INVOKED BY: D:\Keil_v5\C51\BIN\C51.EXE src\main.c OPTIMIZE(8,SPEED) BROWSE DEBUG OBJECTEXTEND PRINT(.\Listings\
                    -main.lst) TABS(2) OBJECT(.\Objects\main.obj)

line level    source

   1          #include "stc8a8k64d4.H"
   2          #include "stc8a_gpio.H"
   3          #include "stc8a_spi.h"
   4          #include "stc8a_nvic.h"
   5          #include "typedef.h"
   6          #include "oled12864.h"
   7          #include "stc8a_adc.h"
   8          #include "stc8a_switch.h"
   9          #include "dtos.h"
  10          #include "STC8A_UART.h"
  11          
  12          void OLED_GPIO_Config() {
  13   1        xdata GPIO_InitTypeDef conf;
  14   1        conf.Mode = GPIO_PullUp;
  15   1        conf.Pin = GPIO_Pin_4 | GPIO_Pin_5 | GPIO_Pin_6 | GPIO_Pin_7;
  16   1        GPIO_Inilize(GPIO_P1, &conf);
  17   1        
  18   1        conf.Pin = GPIO_Pin_4;
  19   1        GPIO_Inilize(GPIO_P4, &conf);
  20   1      }
  21          
  22          void OLED12864_Init() {
  23   1        OLED_GPIO_Config();
  24   1        OLED_Init();
  25   1      }
  26          
  27          void UART_GPIO_Config() {
  28   1        GPIO_InitTypeDef GPIO_InitStructure;
  29   1        GPIO_InitStructure.Pin = GPIO_Pin_0 | GPIO_Pin_1;
  30   1        GPIO_InitStructure.Mode = GPIO_PullUp;
  31   1        GPIO_Inilize(GPIO_P3, &GPIO_InitStructure);
  32   1      }
  33          
  34          void  UART_config() {
  35   1        xdata COMx_InitDefine COMx_InitStructure; //结构定义
  36   1        UART1_SW(P_UART);
  37   1        COMx_InitStructure.UART_Mode = UART_8bit_BRTx; //模式,   UART_ShiftRight,UART_8bit_BRTx,UART_9bit,UART_9b
             -it_BRTx
  38   1        COMx_InitStructure.UART_BRT_Use = BRT_Timer1; //使用波特率, BRT_Timer1, BRT_Timer2 (注意: 串口2固定使用BR
             -T_Timer2)
  39   1        COMx_InitStructure.UART_BaudRate = 115200ul; //波特率,     110 ~ 115200
  40   1        COMx_InitStructure.UART_RxEnable = ENABLE; //接收允许,   ENABLE或DISABLE
  41   1      
  42   1        UART_Configuration(UART1, &COMx_InitStructure); //初始化串口2 USART1,USART2,USART3,USART4
  43   1        NVIC_UART1_Init(ENABLE, Priority_1); //中断使能, ENABLE/DISABLE; 优先级(低到高) Priority_0,Priority_1,Pri
             -ority_2,Priority_3
  44   1      }
  45          
  46          void on_UART_Rec_1Byte(u8 d) {
  47   1        if(COM1.B_RX_OK == 0) {
  48   2          RX1_Buffer[COM1.RX_Cnt++] = d;
  49   2          if(COM1.RX_Cnt >= COM_RX1_Lenth) {
  50   3            COM1.RX_Cnt = 0;
  51   3          }
C51 COMPILER V9.60.7.0   MAIN                                                              07/09/2023 18:03:53 PAGE 2   

  52   2          COM1.RX_TimeOut = TimeOutSet1;
  53   2        }
  54   1      }
  55          
  56          void UART_Init() {
  57   1        COM1.TX_read = 0;
  58   1        COM1.RX_Cnt = 0;
  59   1        UART_GPIO_Config();
  60   1        g_onURAT_1Byte_CB = on_UART_Rec_1Byte;
  61   1        UART_config();
  62   1      }
  63          
  64          void main() {
  65   1        OLED12864_Init();
  66   1        OLED_ShowString(0, 0, "Init...");
  67   1        
  68   1        UART_Init();
  69   1        EA = 1;
  70   1      
  71   1        while(1) {
  72   2          if (COM1.TX_read != COM1.RX_Cnt) {
  73   3            TX1_write2buff(RX1_Buffer[COM1.TX_read++]);
  74   3            if (COM1.TX_read >= COM_RX1_Lenth) {
  75   4              COM1.TX_read = 0;
  76   4            }
  77   3          }
  78   2        }
  79   1      }


MODULE INFORMATION:   STATIC OVERLAYABLE
   CODE SIZE        =    218    ----
   CONSTANT SIZE    =      8    ----
   XDATA SIZE       =   ----      11
   PDATA SIZE       =   ----    ----
   DATA SIZE        =   ----       2
   IDATA SIZE       =   ----    ----
   BIT SIZE         =   ----    ----
END OF MODULE INFORMATION.


C51 COMPILATION COMPLETE.  0 WARNING(S),  0 ERROR(S)
