C51 COMPILER V9.60.0.0   DRV_DELAY                                                         05/13/2022 21:57:19 PAGE 1   


C51 COMPILER V9.60.0.0, COMPILATION OF MODULE DRV_DELAY
OBJECT MODULE PLACED IN ..\output\drv_delay.obj
COMPILER INVOKED BY: d:\Keil_v5\C51\BIN\C51.EXE Source_File\drv_mcu\src\drv_delay.c COMPACT OPTIMIZE(8,SPEED) BROWSE INC
                    -DIR(.\Source_File\app\inc;.\Source_File\drv_mcu\inc;.\Source_File\drv_periph\inc) DEBUG OBJECTEXTEND PRINT(..\output\drv
                    -_delay.lst) TABS(2) OBJECT(..\output\drv_delay.obj)

line level    source

   1          #include "drv_delay.h"
   2          
   3          
   4          
   5          /**
   6            * @brief :1MS延时函数
   7            * @param :
   8            * @note  :12MHz 下1MS延时
   9            * @retval:无
  10            */
  11          static void drv_delay_1ms( )
  12          {
  13   1        uint16_t Ms = 1;
  14   1        uint32_t j = 80;
  15   1        
  16   1        while( Ms-- )
  17   1        {
  18   2          while( j-- );
  19   2        }
  20   1      }
  21          
  22          /**
  23            * @brief :MS延时函数
  24            * @param :
  25            *     @Ms:延时的MS数
  26            * @note  :无
  27            * @retval:无
  28            */
  29          void drv_delay_ms( uint16_t Ms )
  30          {
  31   1        while( Ms-- )
  32   1        {
  33   2          drv_delay_1ms( );
  34   2        }
  35   1      }
  36          


MODULE INFORMATION:   STATIC OVERLAYABLE
   CODE SIZE        =     62    ----
   CONSTANT SIZE    =   ----    ----
   XDATA SIZE       =   ----    ----
   PDATA SIZE       =   ----       2
   DATA SIZE        =   ----    ----
   IDATA SIZE       =   ----    ----
   BIT SIZE         =   ----    ----
END OF MODULE INFORMATION.


C51 COMPILATION COMPLETE.  0 WARNING(S),  0 ERROR(S)
