C51 COMPILER V9.60.0.0   DRV_LED                                                           05/13/2022 21:57:19 PAGE 1   


C51 COMPILER V9.60.0.0, COMPILATION OF MODULE DRV_LED
OBJECT MODULE PLACED IN ..\output\drv_led.obj
COMPILER INVOKED BY: d:\Keil_v5\C51\BIN\C51.EXE Source_File\drv_mcu\src\drv_led.c COMPACT OPTIMIZE(8,SPEED) BROWSE INCDI
                    -R(.\Source_File\app\inc;.\Source_File\drv_mcu\inc;.\Source_File\drv_periph\inc) DEBUG OBJECTEXTEND PRINT(..\output\drv_l
                    -ed.lst) TABS(2) OBJECT(..\output\drv_led.obj)

line level    source

   1          #include "drv_led.h"
   2          
   3          
   4          
   5          /**
   6            * @brief :LED初始化
   7            * @param :无
   8            * @note  :无
   9            * @retval:无
  10            */ 
  11          void drv_led_init( void )
  12          {
  13   1        //引脚配置 部分51单片机不需要
  14   1        //LED引脚配置为推挽输出
  15   1        LED_RED_PxM0 |= IO_OUT_PUT_PP_M0 << LED_RED_PIN_BIT;
  16   1        LED_RED_PxM1 |= IO_OUT_PUT_PP_M1 << LED_RED_PIN_BIT;
  17   1        
  18   1        LED_RED_PIN = 1;      //IO初始化状态置高，LED灭
  19   1        LED_GREEN_PIN = 1;
  20   1      }
  21          
  22          /**
  23            * @brief :LED亮
  24            * @param :
  25            *     @LedPort:LED选择
  26            * @note  :无
  27            * @retval:无
  28            */
  29          void drv_led_on( LedPortType LedPort )
  30          {
  31   1        //IO电平置低，LED亮
  32   1        if( LED_RED == LedPort )
  33   1        {
  34   2          LED_RED_PIN = 0;    
  35   2        }
  36   1        else
  37   1        {
  38   2          LED_GREEN_PIN = 0;
  39   2        }
  40   1      }
  41          
  42          /**
  43            * @brief :LED灭
  44            * @param :
  45            *     @LedPort:LED选择
  46            * @note  :无
  47            * @retval:无
  48            */
  49          void drv_led_off( LedPortType LedPort )
  50          {
  51   1        //IO电平置高，LED灭
  52   1        if( LED_RED == LedPort )
  53   1        {
C51 COMPILER V9.60.0.0   DRV_LED                                                           05/13/2022 21:57:19 PAGE 2   

  54   2          LED_RED_PIN = 1;    
  55   2        }
  56   1        else
  57   1        {
  58   2          LED_GREEN_PIN = 1;
  59   2        }
  60   1      }
  61          
  62          /**
  63            * @brief :LED闪烁
  64            * @param :
  65            *     @LedPort:LED选择
  66            * @note  :无
  67            * @retval:无
  68            */
  69          void drv_led_flashing( LedPortType LedPort )
  70          {
  71   1        if( LED_RED == LedPort )
  72   1        {
  73   2          if( 1 == LED_RED_PIN )  
  74   2          {
  75   3            LED_RED_PIN = 0;
  76   3          }
  77   2          else
  78   2          {
  79   3            LED_RED_PIN = 1;
  80   3          }
  81   2        }
  82   1        else
  83   1        {
  84   2          if( 1 == LED_GREEN_PIN )  
  85   2          {
  86   3            LED_GREEN_PIN = 0;
  87   3          }
  88   2          else
  89   2          {
  90   3            LED_GREEN_PIN = 1;
  91   3          }
  92   2        }
  93   1      }
  94          
  95          


MODULE INFORMATION:   STATIC OVERLAYABLE
   CODE SIZE        =     47    ----
   CONSTANT SIZE    =   ----    ----
   XDATA SIZE       =   ----    ----
   PDATA SIZE       =   ----    ----
   DATA SIZE        =   ----    ----
   IDATA SIZE       =   ----    ----
   BIT SIZE         =   ----    ----
END OF MODULE INFORMATION.


C51 COMPILATION COMPLETE.  0 WARNING(S),  0 ERROR(S)
