C51 COMPILER V9.60.0.0   DRV_BUTTON                                                        05/13/2022 21:57:19 PAGE 1   


C51 COMPILER V9.60.0.0, COMPILATION OF MODULE DRV_BUTTON
OBJECT MODULE PLACED IN ..\output\drv_button.obj
COMPILER INVOKED BY: d:\Keil_v5\C51\BIN\C51.EXE Source_File\drv_mcu\src\drv_button.c COMPACT OPTIMIZE(8,SPEED) BROWSE IN
                    -CDIR(.\Source_File\app\inc;.\Source_File\drv_mcu\inc;.\Source_File\drv_periph\inc) DEBUG OBJECTEXTEND PRINT(..\output\dr
                    -v_button.lst) TABS(2) OBJECT(..\output\drv_button.obj)

line level    source

   1          #include "drv_button.h"
   2          #include "drv_delay.h"
   3          
   4          
   5          
   6          /**
   7            * @brief :按键初始化
   8            * @param :无
   9            * @note  :无
  10            * @retval:无
  11            */ 
  12          void drv_button_init( void )
  13          {
  14   1        //引脚配置 部分51单片机不需要
  15   1        //BUTTON引脚配置为输入
  16   1        BUTTON_PxM0 = IO_IN_PUT_ONLY_M0 << BUTTON_PIN_BIT;
  17   1        BUTTON_PxM1 = IO_IN_PUT_ONLY_M1 << BUTTON_PIN_BIT;
  18   1        
  19   1        BUTTON_PIN = 1;   //默认状态置高
  20   1      }
  21          
  22          /**
  23            * @brief :按键查询
  24            * @param :无
  25            * @note  :无
  26            * @retval:
  27            *     0:按键没有按下
  28            *     1:检测到按键动作
  29            */
  30          uint8_t drv_button_check( void )
  31          {
  32   1        if( 1 != BUTTON_PIN )   //检测按键输入状态
  33   1        {
  34   2          drv_delay_ms( 45 );   //消抖
  35   2          if( 1 != BUTTON_PIN )
  36   2          {
  37   3            return 1;     //按键按下，返回按键状态
  38   3          }
  39   2        }
  40   1        
  41   1        return 0;
  42   1      }


MODULE INFORMATION:   STATIC OVERLAYABLE
   CODE SIZE        =     28    ----
   CONSTANT SIZE    =   ----    ----
   XDATA SIZE       =   ----    ----
   PDATA SIZE       =   ----    ----
   DATA SIZE        =   ----    ----
   IDATA SIZE       =   ----    ----
   BIT SIZE         =   ----    ----
END OF MODULE INFORMATION.

C51 COMPILER V9.60.0.0   DRV_BUTTON                                                        05/13/2022 21:57:19 PAGE 2   


C51 COMPILATION COMPLETE.  0 WARNING(S),  0 ERROR(S)
