C51 COMPILER V9.60.0.0   STEERINGSG90                                                      05/11/2022 22:59:17 PAGE 1   


C51 COMPILER V9.60.0.0, COMPILATION OF MODULE STEERINGSG90
OBJECT MODULE PLACED IN .\Objects\SteeringSG90.obj
COMPILER INVOKED BY: d:\Keil_v5\C51\BIN\C51.EXE SteeringSG90.c OPTIMIZE(8,SPEED) BROWSE DEBUG OBJECTEXTEND PRINT(.\Listi
                    -ngs\SteeringSG90.lst) TABS(2) OBJECT(.\Objects\SteeringSG90.obj)

line level    source

   1          #include <reg51.h>
   2          #include "SteeringSG90.h"
   3          
   4          #define TIMERCNT_20MS 200
   5          #define TIMERCNT_0D   5
   6          #define TIMERCNT_180D 25
   7          #define TIMERCNT_ANY(D) D * (TIMERCNT_180D - TIMERCNT_0D) / TIMERCNT_180D + TIMERCNT_0D
   8          
   9          #define DEGREE_MIN 0
  10          #define DEGREE_MAX 180
  11          
  12          unsigned char g_timercnt;
  13          unsigned char g_cntH = 25;
  14          
  15          /*
  16           * 12T 8位自动重载
  17           * 100us
  18           */
  19          void initSteeringPWMTimer() {
  20   1        TMOD &= 0x0F;   //设置定时器模式
  21   1        TMOD |= 0x20;   //设置定时器模式
  22   1        TL1 = 0x9C;   //设置定时初始值
  23   1        TH1 = 0x9C;   //设置定时重载值
  24   1        TF1 = 0;    //清除TF0标志
  25   1        TR1 = 1;    //定时器0开始计时
  26   1        ET1 = 1;
  27   1        EA = 1;
  28   1        g_timercnt = 0;
  29   1      }
  30          
  31          void setSteeringDegree(unsigned char d) {
  32   1        if (d > DEGREE_MAX) {
  33   2          d = DEGREE_MAX;
  34   2        }
  35   1        g_cntH = d / 9 + 5;
  36   1      }
  37          
  38          sbit P_PWM = P0 ^ 0;
  39          
  40          void SteeringPWMTimerInterruption() {
  41   1        ++g_timercnt;
  42   1        if (g_timercnt <= g_cntH) {
  43   2          P_PWM = 1;
  44   2        } else {
  45   2          P_PWM = 0;
  46   2        }
  47   1        
  48   1        if (g_timercnt >= TIMERCNT_20MS) {
  49   2          g_timercnt = 0;
  50   2        }
  51   1      }


MODULE INFORMATION:   STATIC OVERLAYABLE
C51 COMPILER V9.60.0.0   STEERINGSG90                                                      05/11/2022 22:59:17 PAGE 2   

   CODE SIZE        =     76    ----
   CONSTANT SIZE    =   ----    ----
   XDATA SIZE       =   ----    ----
   PDATA SIZE       =   ----    ----
   DATA SIZE        =      2    ----
   IDATA SIZE       =   ----    ----
   BIT SIZE         =   ----    ----
END OF MODULE INFORMATION.


C51 COMPILATION COMPLETE.  0 WARNING(S),  0 ERROR(S)
