C51 COMPILER V9.59.0.0   STC8A_TIMER_ISR                                                   06/10/2021 10:10:14 PAGE 1   


C51 COMPILER V9.59.0.0, COMPILATION OF MODULE STC8A_TIMER_ISR
OBJECT MODULE PLACED IN .\list\STC8A_Timer_Isr.obj
COMPILER INVOKED BY: C:\Keil_v5\C51\BIN\C51.EXE STC8A_Timer_Isr.c OMF2 OPTIMIZE(8,SPEED) BROWSE DEBUG PRINT(.\list\STC8A
                    -_Timer_Isr.lst) TABS(2) OBJECT(.\list\STC8A_Timer_Isr.obj)

line level    source

   1          /*---------------------------------------------------------------------*/
   2          /* --- STC MCU Limited ------------------------------------------------*/
   3          /* --- STC 1T Series MCU Demo Programme -------------------------------*/
   4          /* --- Mobile: (86)13922805190 ----------------------------------------*/
   5          /* --- Fax: 86-0513-55012956,55012947,55012969 ------------------------*/
   6          /* --- Tel: 86-0513-55012928,55012929,55012966 ------------------------*/
   7          /* --- Web: www.STCMCU.com --------------------------------------------*/
   8          /* --- Web: www.STCMCUDATA.com  ---------------------------------------*/
   9          /* --- QQ:  800003751 -------------------------------------------------*/
  10          /* 如果要在程序中使用此代码,请在程序中注明使用了STC的资料及程序            */
  11          /*---------------------------------------------------------------------*/
  12          
  13          #include  "STC8A_Timer.h"
  14          
  15          extern bit B_1ms;
  16          
  17          //========================================================================
  18          // 函数: Timer0_ISR_Handler
  19          // 描述: Timer0中断函数.
  20          // 参数: none.
  21          // 返回: none.
  22          // 版本: V1.0, 2020-09-23
  23          //========================================================================
  24          void Timer0_ISR_Handler (void) interrupt TIMER0_VECTOR    //进中断时已经清除标志
  25          {
  26   1        B_1ms = 1;
  27   1      }
  28          
  29          //========================================================================
  30          // 函数: Timer1_ISR_Handler
  31          // 描述: Timer1中断函数.
  32          // 参数: none.
  33          // 返回: none.
  34          // 版本: V1.0, 2020-09-23
  35          //========================================================================
  36          void Timer1_ISR_Handler (void) interrupt TIMER1_VECTOR    //进中断时已经清除标志
  37          {
  38   1        // TODO: 在此处添加用户代码
  39   1      //  P66 = ~P66;
  40   1      }
  41          
  42          //========================================================================
  43          // 函数: Timer2_ISR_Handler
  44          // 描述: Timer2中断函数.
  45          // 参数: none.
  46          // 返回: none.
  47          // 版本: V1.0, 2020-09-23
  48          //========================================================================
  49          void Timer2_ISR_Handler (void) interrupt TIMER2_VECTOR    //进中断时已经清除标志
  50          {
  51   1        // TODO: 在此处添加用户代码
  52   1      //  P65 = ~P65;
  53   1      }
  54          
C51 COMPILER V9.59.0.0   STC8A_TIMER_ISR                                                   06/10/2021 10:10:14 PAGE 2   

  55          //========================================================================
  56          // 函数: Timer3_ISR_Handler
  57          // 描述: Timer3中断函数.
  58          // 参数: none.
  59          // 返回: none.
  60          // 版本: V1.0, 2020-09-23
  61          //========================================================================
  62          void Timer3_ISR_Handler (void) interrupt TIMER3_VECTOR    //进中断时已经清除标志
  63          {
  64   1        // TODO: 在此处添加用户代码
  65   1      //  P64 = ~P64;
  66   1      }
  67          
  68          //========================================================================
  69          // 函数: Timer4_ISR_Handler
  70          // 描述: Timer4中断函数.
  71          // 参数: none.
  72          // 返回: none.
  73          // 版本: V1.0, 2020-09-23
  74          //========================================================================
  75          void Timer4_ISR_Handler (void) interrupt TIMER4_VECTOR    //进中断时已经清除标志
  76          {
  77   1        // TODO: 在此处添加用户代码
  78   1      //  P63 = ~P63;
  79   1      }


MODULE INFORMATION:   STATIC OVERLAYABLE
   CODE SIZE        =     22    ----
   CONSTANT SIZE    =   ----    ----
   XDATA SIZE       =   ----    ----
   PDATA SIZE       =   ----    ----
   DATA SIZE        =   ----    ----
   IDATA SIZE       =   ----    ----
   BIT SIZE         =   ----    ----
   EDATA SIZE       =   ----    ----
   HDATA SIZE       =   ----    ----
   XDATA CONST SIZE =   ----    ----
   FAR CONST SIZE   =   ----    ----
END OF MODULE INFORMATION.


C51 COMPILATION COMPLETE.  0 WARNING(S),  0 ERROR(S)
