C51 COMPILER V9.60.0.0   MAIN                                                              06/26/2022 18:27:20 PAGE 1   


C51 COMPILER V9.60.0.0, COMPILATION OF MODULE MAIN
OBJECT MODULE PLACED IN .\Objects\main.obj
COMPILER INVOKED BY: d:\Keil_v5\C51\BIN\C51.EXE main.c OPTIMIZE(8,SPEED) BROWSE DEBUG OBJECTEXTEND PRINT(.\Listings\main
                    -.lst) TABS(2) OBJECT(.\Objects\main.obj)

line level    source

   1          #include "uart.h"
   2          #include <reg51.h>
   3          #include "delay.h"
   4          
   5          sbit P10 = P1 ^ 0;
   6          sbit P11 = P1 ^ 1;
   7          
   8          void main() {
   9   1        P10 = 0;
  10   1        UART_Init(0);
  11   1        while (1) {
  12   2          delay_ms(1000);
  13   2          UART_sendByte(0x12);
  14   2          P10 = ~P10;
  15   2        }
  16   1      }


MODULE INFORMATION:   STATIC OVERLAYABLE
   CODE SIZE        =     25    ----
   CONSTANT SIZE    =   ----    ----
   XDATA SIZE       =   ----    ----
   PDATA SIZE       =   ----    ----
   DATA SIZE        =   ----    ----
   IDATA SIZE       =   ----    ----
   BIT SIZE         =   ----    ----
END OF MODULE INFORMATION.


C51 COMPILATION COMPLETE.  0 WARNING(S),  0 ERROR(S)
