C51 COMPILER V9.60.0.0   MAIN                                                              05/27/2022 23:45:19 PAGE 1   


C51 COMPILER V9.60.0.0, COMPILATION OF MODULE MAIN
OBJECT MODULE PLACED IN .\Objects\main.obj
COMPILER INVOKED BY: d:\Keil_v5\C51\BIN\C51.EXE main.c OPTIMIZE(8,SPEED) BROWSE DEBUG OBJECTEXTEND PRINT(.\Listings\main
                    -.lst) TABS(2) OBJECT(.\Objects\main.obj)

line level    source

   1          #include <reg51.h>
   2          
   3          sbit EN = P0 ^ 0;
   4          sbit INPUT1 = P0 ^ 1;
   5          sbit INPUT2 = P0 ^ 2;
   6          
   7          void main() {
   8   1        EN = 1;
   9   1        INPUT1 = 0;
  10   1        INPUT2 = 1;
  11   1        P2 = 0xff;
  12   1        // P0 = 0xff;
  13   1        while(1);
  14   1      }


MODULE INFORMATION:   STATIC OVERLAYABLE
   CODE SIZE        =     11    ----
   CONSTANT SIZE    =   ----    ----
   XDATA SIZE       =   ----    ----
   PDATA SIZE       =   ----    ----
   DATA SIZE        =   ----    ----
   IDATA SIZE       =   ----    ----
   BIT SIZE         =   ----    ----
END OF MODULE INFORMATION.


C51 COMPILATION COMPLETE.  0 WARNING(S),  0 ERROR(S)
