C51 COMPILER V9.60.7.0   MAIN                                                              07/15/2023 20:50:30 PAGE 1   


C51 COMPILER V9.60.7.0, COMPILATION OF MODULE MAIN
OBJECT MODULE PLACED IN .\Objects\main.obj
COMPILER INVOKED BY: D:\Keil_v5\C51\BIN\C51.EXE src\main.c OPTIMIZE(8,SPEED) BROWSE DEBUG OBJECTEXTEND PRINT(.\Listings\
                    -main.lst) TABS(2) OBJECT(.\Objects\main.obj)

line level    source

   1          #include "stc8a8k64d4.H"
   2          #include "stc8a_gpio.H"
   3          #include "stc8a_spi.h"
   4          #include "stc8a_nvic.h"
   5          #include "typedef.h"
   6          #include "oled12864.h"
   7          #include "stc8a_adc.h"
   8          #include "stc8a_switch.h"
   9          #include "dtos.h"
  10          #include "STC8A_UART.h"
  11          
  12          
  13          xdata u8 g_received_buf[MAX_CHAR6_COL];
  14          xdata u8 gLine = 0;
  15          
  16          void OLED_GPIO_Config() {
  17   1        xdata GPIO_InitTypeDef conf;
  18   1        conf.Mode = GPIO_PullUp;
  19   1        conf.Pin = GPIO_Pin_4 | GPIO_Pin_5 | GPIO_Pin_6 | GPIO_Pin_7;
  20   1        GPIO_Inilize(GPIO_P1, &conf);
  21   1        
  22   1        conf.Pin = GPIO_Pin_4;
  23   1        GPIO_Inilize(GPIO_P4, &conf);
  24   1      }
  25          
  26          void OLED12864_Init() {
  27   1        OLED_GPIO_Config();
  28   1        OLED_Init();
  29   1      }
  30          
  31          void UART_GPIO_Config() {
  32   1        GPIO_InitTypeDef GPIO_InitStructure;
  33   1        GPIO_InitStructure.Pin = GPIO_Pin_6 | GPIO_Pin_7;
  34   1        GPIO_InitStructure.Mode = GPIO_PullUp;
  35   1        GPIO_Inilize(GPIO_P3, &GPIO_InitStructure);
  36   1      }
  37          
  38          void UART_config() {
  39   1        xdata COMx_InitDefine COMx_InitStructure; //结构定义
  40   1        UART1_SW(P_UART);
  41   1        COMx_InitStructure.UART_Mode = UART_8bit_BRTx; //模式,   UART_ShiftRight,UART_8bit_BRTx,UART_9bit,UART_9b
             -it_BRTx
  42   1        COMx_InitStructure.UART_BRT_Use = BRT_Timer1; //使用波特率, BRT_Timer1, BRT_Timer2 (注意: 串口2固定使用BR
             -T_Timer2)
  43   1        COMx_InitStructure.UART_BaudRate = 9600ul; //波特率,     110 ~ 115200
  44   1        COMx_InitStructure.UART_RxEnable = ENABLE; //接收允许,   ENABLE或DISABLE
  45   1      
  46   1        UART_Configuration(UART1, &COMx_InitStructure); //初始化串口2 USART1,USART2,USART3,USART4
  47   1        NVIC_UART1_Init(ENABLE, Priority_1); //中断使能, ENABLE/DISABLE; 优先级(低到高) Priority_0,Priority_1,Pri
             -ority_2,Priority_3
  48   1      }
  49          
  50          void on_UART_Rec_1Byte(u8 d) {
  51   1        COM1.B_RX_OK = 0;
C51 COMPILER V9.60.7.0   MAIN                                                              07/15/2023 20:50:30 PAGE 2   

  52   1        COM1.RX_TimeOut = TimeOutSet1;
  53   1        RX1_Buffer[COM1.RX_Cnt++] = d;
  54   1        if(COM1.RX_Cnt >= COM_RX1_Lenth) {
  55   2          COM1.RX_Cnt = 0;
  56   2        }
  57   1        COM1.B_RX_OK = 1;
  58   1      }
  59          
  60          void UART_Init() {
  61   1        COM1.TX_read = 0;
  62   1        COM1.RX_Cnt = 0;
  63   1        COM1.B_RX_OK = 0;
  64   1        COM1.RX_TimeOut = TimeOutSet1;
  65   1        
  66   1        UART_GPIO_Config();
  67   1        g_onURAT_1Byte_CB = on_UART_Rec_1Byte;
  68   1        UART_config();
  69   1      }
  70          
  71          void boot_delay() {
  72   1        xdata u8 t;
  73   1        for (t = 0; t < 20; ++t) {
  74   2          delay_ms(100);
  75   2        }
  76   1      }
  77          
  78          void copy_buf(u8 * dst, u8 l) {
  79   1        xdata u8 i;
  80   1        --l;
  81   1        for (i = 0; i < l; ++i) {
  82   2          if (i < COM1.RX_Cnt) {
  83   3            dst[i] = RX1_Buffer[i];
  84   3          } else {
  85   3            dst[i] = ' ';
  86   3          }
  87   2        }
  88   1        dst[l] = 0;
  89   1        COM1.RX_Cnt = 0;
  90   1        COM1.B_RX_OK = 0;
  91   1      }
  92          
  93          void main() {
  94   1        OLED12864_Init();
  95   1        OLED_ShowString(0, 0, "Init...");
  96   1        
  97   1        UART_Init();
  98   1        EA = 1;
  99   1        
 100   1        boot_delay();
 101   1        OLED_ShowString(0, 0, "Init Done");
 102   1        PrintString1("AT\r\n");
 103   1        gLine = 0;
 104   1      
 105   1        while(1) {
 106   2          delay_ms(1);
 107   2          if (COM1.B_RX_OK && COM1.RX_TimeOut-- <= 0) {
 108   3            copy_buf(g_received_buf, MAX_CHAR8_COL);
 109   3            OLED_ShowString8(0, gLine, g_received_buf);
 110   3            switch(gLine) {
 111   4              case 0:
 112   4                PrintString1("AT+VERSION\r\n");
 113   4                break;
C51 COMPILER V9.60.7.0   MAIN                                                              07/15/2023 20:50:30 PAGE 3   

 114   4              case 1:
 115   4                PrintString1("AT+LADDR\r\n");
 116   4                break;
 117   4              case 2:
 118   4                PrintString1("AT+NAME\r\n");
 119   4                break;
 120   4                break;
 121   4              case 3:
 122   4                PrintString1("AT+BAUD\r\n");
 123   4                break;
 124   4              case 4:
 125   4                PrintString1("AT+UUID\r\n");
 126   4                break;
 127   4              case 5:
 128   4                PrintString1("AT+CHAR\r\n");
 129   4                break;
 130   4              case 6:
 131   4                PrintString1("AT+WRITE\r\n");
 132   4                break;
 133   4              case 7:
 134   4                PrintString1("AT+NAMEHW-S1\r\n");
 135   4                break;
 136   4            }
 137   3            ++gLine;
 138   3          }
 139   2        }
 140   1      }


MODULE INFORMATION:   STATIC OVERLAYABLE
   CODE SIZE        =    507    ----
   CONSTANT SIZE    =    113    ----
   XDATA SIZE       =     23      13
   PDATA SIZE       =   ----    ----
   DATA SIZE        =   ----       5
   IDATA SIZE       =   ----    ----
   BIT SIZE         =   ----    ----
END OF MODULE INFORMATION.


C51 COMPILATION COMPLETE.  0 WARNING(S),  0 ERROR(S)
