C51 COMPILER V9.60.0.0   MAIN                                                              07/30/2022 00:54:39 PAGE 1   


C51 COMPILER V9.60.0.0, COMPILATION OF MODULE MAIN
OBJECT MODULE PLACED IN .\Objects\main.obj
COMPILER INVOKED BY: d:\Keil_v5\C51\BIN\C51.EXE main.c OPTIMIZE(8,SPEED) BROWSE INCDIR(.\src) DEBUG OBJECTEXTEND PRINT(.
                    -\Listings\main.lst) TABS(2) OBJECT(.\Objects\main.obj)

line level    source

   1          #include "stc/stc8a8k64d4.H"
   2          #include "stc/stc8a_gpio.H"
   3          
   4          void GPIO_Config() {
   5   1        GPIO_InitTypeDef conf;
   6   1        conf.Mode = GPIO_PullUp;
   7   1        conf.Pin = GPIO_Pin_All;
   8   1        GPIO_Inilize(GPIO_P0, &conf);
   9   1      }
  10          
  11          void main() {
  12   1        GPIO_Config();
  13   1        P00 = 0;
  14   1        while(1) {
  15   2        }
  16   1      }


MODULE INFORMATION:   STATIC OVERLAYABLE
   CODE SIZE        =     22    ----
   CONSTANT SIZE    =   ----    ----
   XDATA SIZE       =   ----    ----
   PDATA SIZE       =   ----    ----
   DATA SIZE        =   ----       2
   IDATA SIZE       =   ----    ----
   BIT SIZE         =   ----    ----
END OF MODULE INFORMATION.


C51 COMPILATION COMPLETE.  0 WARNING(S),  0 ERROR(S)
