C51 COMPILER V9.60.7.0   MAIN                                                              12/17/2023 09:31:50 PAGE 1   


C51 COMPILER V9.60.7.0, COMPILATION OF MODULE MAIN
OBJECT MODULE PLACED IN .\Objects\main.obj
COMPILER INVOKED BY: D:\Keil_v5\C51\BIN\C51.EXE src\main.c OPTIMIZE(8,SPEED) BROWSE DEBUG OBJECTEXTEND PRINT(.\Listings\
                    -main.lst) TABS(2) OBJECT(.\Objects\main.obj)

line level    source

   1          #include "typedef.h"
   2          #include "dtos.h"
   3          #include "STC8xxxx.h"
   4          #include "GPIO.h"
   5          
   6          void RZ7899_GPIO_Config() {
   7   1        xdata GPIO_InitTypeDef conf;
   8   1        conf.Mode = GPIO_OUT_PP;
   9   1        conf.Pin = GPIO_Pin_4 | GPIO_Pin_5;
  10   1        GPIO_Inilize(GPIO_P1, &conf);
  11   1      }
  12          
  13          void main() {
  14   1        RZ7899_GPIO_Config();
  15   1        
  16   1        P_VM1_RZ7899_I1 = 0;
  17   1        P_VM1_RZ7899_I2 = 1;
  18   1      
  19   1        while(1) {
  20   2        }
  21   1      }


MODULE INFORMATION:   STATIC OVERLAYABLE
   CODE SIZE        =     30    ----
   CONSTANT SIZE    =   ----    ----
   XDATA SIZE       =   ----       2
   PDATA SIZE       =   ----    ----
   DATA SIZE        =   ----    ----
   IDATA SIZE       =   ----    ----
   BIT SIZE         =   ----    ----
END OF MODULE INFORMATION.


C51 COMPILATION COMPLETE.  0 WARNING(S),  0 ERROR(S)
