C51 COMPILER V9.60.0.0   MAIN                                                              08/15/2022 20:21:00 PAGE 1   


C51 COMPILER V9.60.0.0, COMPILATION OF MODULE MAIN
OBJECT MODULE PLACED IN .\Objects\main.obj
COMPILER INVOKED BY: d:\Keil_v5\C51\BIN\C51.EXE src\main.c OPTIMIZE(8,SPEED) BROWSE DEBUG OBJECTEXTEND PRINT(.\Listings\
                    -main.lst) TABS(2) OBJECT(.\Objects\main.obj)

line level    source

   1          #include "stc8a8k64d4.h"
   2          #include "stc8a_gpio.h"
   3          #include "stc8a_pwm15bit.h"
   4          #include "typedef.h"
   5          
   6          void GPIO_Config() {
   7   1        GPIO_InitTypeDef conf;
   8   1        conf.Mode = GPIO_OUT_PP;
   9   1        conf.Pin = GPIO_Pin_All;
  10   1        GPIO_Inilize(GPIO_P0, &conf);
  11   1        GPIO_Inilize(GPIO_P1, &conf);
  12   1        GPIO_Inilize(GPIO_P2, &conf);
  13   1      }
  14          
  15          void PWM15bit_init() {
  16   1        PWM15_InitTypeDef PWM15_InitStructure;
  17   1      
  18   1        PWM15_InitStructure.PWM_Enable    = ENABLE;   //PWM使能,  ENABLE, DISABLE
  19   1        PWM15_InitStructure.PWM_Period    = 0x7fff;   //PWM周期,  0~0x7fff
  20   1        PWM15_InitStructure.PWM_Clock_Sel = PWM_CLK_SYS; //时钟源选择,  PWM_CLK_SYS, PWM_CLK_TM2
  21   1        PWM15_InitStructure.PWM_Clock_PS  = 0;        //系统时钟分频参数(PS+1分频),  0~15
  22   1        PWM15_InitStructure.PWM_CInt      = DISABLE;  //计数器归零中断使能,  ENABLE, DISABLE
  23   1        PWM15_InitStructure.PWM_Counter   = ENABLE;   //计数器使能,  ENABLE, DISABLE
  24   1        PWM15_Init(&PWM15_InitStructure);
  25   1        
  26   1        // PWM15Duty(PWM15_1, 0, 999);    //PWM_ID, 输出低电平位置, 输出高电平位置
  27   1        PWMChannelCtrl(PWM15_1,ENABLE,0,DISABLE,DISABLE,DISABLE); //PWM_ID, 输出使能, 初始电平, PWM中断, 第二个触
             -发点中断, 第一触发点中断
  28   1      }
  29          
  30          void main() {
  31   1        GPIO_Config();
  32   1        PWM15bit_init();
  33   1        PWM15Duty(PWM15_1, 0, 0x7fff / 2);
  34   1        P_MOTOR_B = 0;
  35   1        // P_MOTOR_A = 1;
  36   1      
  37   1        while (1) {
  38   2        }
  39   1      }


MODULE INFORMATION:   STATIC OVERLAYABLE
   CODE SIZE        =    103    ----
   CONSTANT SIZE    =   ----    ----
   XDATA SIZE       =   ----    ----
   PDATA SIZE       =   ----    ----
   DATA SIZE        =   ----       9
   IDATA SIZE       =   ----    ----
   BIT SIZE         =   ----    ----
END OF MODULE INFORMATION.


C51 COMPILATION COMPLETE.  0 WARNING(S),  0 ERROR(S)
