C51 COMPILER V9.60.7.0   MAIN                                                              03/12/2024 19:23:53 PAGE 1   


C51 COMPILER V9.60.7.0, COMPILATION OF MODULE MAIN
OBJECT MODULE PLACED IN .\Objects\main.obj
COMPILER INVOKED BY: D:\Keil_v5\C51\BIN\C51.EXE src\main.c OPTIMIZE(8,SPEED) BROWSE DEBUG OBJECTEXTEND PRINT(.\Listings\
                    -main.lst) TABS(2) OBJECT(.\Objects\main.obj)

line level    source

   1          #include "stc8a8k64d4.H"
   2          #include "stc8a_gpio.H"
   3          #include "stc8a_spi.h"
   4          #include "stc8a_nvic.h"
   5          #include "typedef.h"
   6          #include "oled12864.h"
   7          #include "uart.h"
   8          #include "stc8a_adc.h"
   9          #include "stc8a_switch.h"
  10          #include "dtos.h"
  11          #include "G01_S.h"
  12          
  13          void OLED_GPIO_Config() {
  14   1        GPIO_InitTypeDef conf;
  15   1        conf.Mode = GPIO_OUT_PP;
  16   1        conf.Pin = GPIO_Pin_2;
  17   1        GPIO_Inilize(GPIO_P4, &conf);
  18   1      
  19   1        conf.Mode = GPIO_OUT_PP;
  20   1        conf.Pin = GPIO_Pin_1 | GPIO_Pin_2 | GPIO_Pin_3 | GPIO_Pin_4;
  21   1        GPIO_Inilize(GPIO_P2, &conf);
  22   1      }
  23          
  24          void G01_S_GPIO_config() {
  25   1        xdata GPIO_InitTypeDef conf;
  26   1        conf.Mode = GPIO_PullUp;  
  27   1        conf.Pin = GPIO_Pin_0 | GPIO_Pin_1 | GPIO_Pin_2 | GPIO_Pin_3 | GPIO_Pin_4;
  28   1        GPIO_Inilize(GPIO_P0, &conf);
  29   1        
  30   1        conf.Pin = GPIO_Pin_3;
  31   1        GPIO_Inilize(GPIO_P4, &conf);
  32   1        
  33   1        NRF24L01_Gpio_Init();
  34   1      }
  35          
  36          void GOPI_Config() {
  37   1        OLED_GPIO_Config();
  38   1      
  39   1        G01_S_GPIO_config();
  40   1      }
  41          
  42          void main() {
  43   1        bit exist;
  44   1        GOPI_Config();
  45   1      
  46   1        OLED_Init();
  47   1      
  48   1        OLED_ShowString(0, 0, "CHECK MODULE...");
  49   1        exist = NRF24L01_check();
  50   1        
  51   1        if (exist) {
  52   2          OLED_ShowString(0, 2, "DONE");
  53   2        } else {
  54   2          OLED_ShowString(0, 2, "NOT EXIST");
C51 COMPILER V9.60.7.0   MAIN                                                              03/12/2024 19:23:53 PAGE 2   

  55   2        }
  56   1      
  57   1        while(1) {
  58   2        }
  59   1      }


MODULE INFORMATION:   STATIC OVERLAYABLE
   CODE SIZE        =    127    ----
   CONSTANT SIZE    =     31    ----
   XDATA SIZE       =   ----       2
   PDATA SIZE       =   ----    ----
   DATA SIZE        =   ----       2
   IDATA SIZE       =   ----    ----
   BIT SIZE         =   ----       1
END OF MODULE INFORMATION.


C51 COMPILATION COMPLETE.  0 WARNING(S),  0 ERROR(S)
