C51 COMPILER V9.60.7.0   MAIN                                                              08/05/2023 11:45:51 PAGE 1   


C51 COMPILER V9.60.7.0, COMPILATION OF MODULE MAIN
OBJECT MODULE PLACED IN .\Objects\main.obj
COMPILER INVOKED BY: D:\Keil_v5\C51\BIN\C51.EXE src\main.c OPTIMIZE(8,SPEED) BROWSE DEBUG OBJECTEXTEND PRINT(.\Listings\
                    -main.lst) TABS(2) OBJECT(.\Objects\main.obj)

line level    source

   1          #include "stc8a8k64d4.H"
   2          #include "stc8a_gpio.H"
   3          #include "stc8a_spi.h"
   4          #include "stc8a_nvic.h"
   5          #include "typedef.h"
   6          #include "oled12864.h"
   7          #include "uart.h"
   8          
   9          void OLED_GPIO_Config() {
  10   1        GPIO_InitTypeDef conf;
  11   1        conf.Mode = GPIO_PullUp;
  12   1        conf.Pin = GPIO_Pin_4 | GPIO_Pin_5 | GPIO_Pin_6 | GPIO_Pin_7;
  13   1        GPIO_Inilize(GPIO_P1, &conf);
  14   1        
  15   1        conf.Pin = GPIO_Pin_4;
  16   1        GPIO_Inilize(GPIO_P4, &conf);
  17   1      }
  18          
  19          void OLED12864_Init() {
  20   1        OLED_GPIO_Config();
  21   1        OLED_Init();
  22   1      }
  23          
  24          void MOTOR_GPIO_Config() {
  25   1        GPIO_InitTypeDef conf;
  26   1        // conf.Mode = GPIO_OUT_PP;
  27   1        conf.Mode = GPIO_PullUp;
  28   1        conf.Pin = GPIO_Pin_All;
  29   1        GPIO_Inilize(GPIO_P6, &conf);
  30   1        
  31   1        conf.Pin = GPIO_Pin_0 | GPIO_Pin_1 | GPIO_Pin_2 | GPIO_Pin_3;
  32   1        GPIO_Inilize(GPIO_P7, &conf);
  33   1        
  34   1        conf.Pin = GPIO_Pin_0;
  35   1        GPIO_Inilize(GPIO_P2, &conf);
  36   1        
  37   1        conf.Pin = GPIO_Pin_0;
  38   1        GPIO_Inilize(GPIO_P4, &conf);
  39   1      }
  40          
  41          void KEY_GPIO_Config() {
  42   1        GPIO_InitTypeDef conf;
  43   1        conf.Mode = GPIO_PullUp;
  44   1        conf.Pin = GPIO_Pin_5;
  45   1        GPIO_Inilize(GPIO_P5, &conf);
  46   1      
  47   1        conf.Pin = GPIO_Pin_1;
  48   1        GPIO_Inilize(GPIO_P4, &conf);
  49   1      
  50   1        conf.Pin = GPIO_Pin_4 | GPIO_Pin_5 | GPIO_Pin_6;
  51   1        GPIO_Inilize(GPIO_P7, &conf);
  52   1      }
  53          
  54          void main() {
C51 COMPILER V9.60.7.0   MAIN                                                              08/05/2023 11:45:51 PAGE 2   

  55   1        OLED12864_Init();
  56   1        KEY_GPIO_Config();
  57   1        OLED_ShowString8(0, 0, "KEYS TEST");
  58   1      
  59   1        while(1) {    
  60   2          if (!P_KEY1) {
  61   3            OLED_ShowString8(0, 1, "KEY1 DOWN");
  62   3          } else {
  63   3            // OLED_ShowString8(0, 1, "         ");
  64   3          }
  65   2          if (!P_KEY2) {
  66   3            OLED_ShowString8(0, 2, "KEY2 DOWN");
  67   3          } else {
  68   3            OLED_ShowString8(0, 2, "         ");
  69   3          }
  70   2          if (!P_KEY3) {
  71   3            OLED_ShowString8(0, 3, "KEY3 DOWN");
  72   3          } else {
  73   3            OLED_ShowString8(0, 3, "         ");
  74   3          }
  75   2          if (!P_KEY4) {
  76   3            OLED_ShowString8(0, 4, "KEY4 DOWN");
  77   3          } else {
  78   3            OLED_ShowString8(0, 4, "         ");
  79   3          }
  80   2          if (!P_KEY5) {
  81   3            OLED_ShowString8(0, 5, "KEY5 DOWN");
  82   3          } else {
  83   3            OLED_ShowString8(0, 5, "         ");
  84   3          }
  85   2        }
  86   1      }


MODULE INFORMATION:   STATIC OVERLAYABLE
   CODE SIZE        =    269    ----
   CONSTANT SIZE    =     70    ----
   XDATA SIZE       =   ----    ----
   PDATA SIZE       =   ----    ----
   DATA SIZE        =   ----       6
   IDATA SIZE       =   ----    ----
   BIT SIZE         =   ----    ----
END OF MODULE INFORMATION.


C51 COMPILATION COMPLETE.  0 WARNING(S),  0 ERROR(S)
