C51 COMPILER V9.60.7.0   MAIN                                                              07/15/2023 19:13:22 PAGE 1   


C51 COMPILER V9.60.7.0, COMPILATION OF MODULE MAIN
OBJECT MODULE PLACED IN .\Objects\main.obj
COMPILER INVOKED BY: D:\Keil_v5\C51\BIN\C51.EXE src\main.c OPTIMIZE(8,SPEED) BROWSE DEBUG OBJECTEXTEND PRINT(.\Listings\
                    -main.lst) TABS(2) OBJECT(.\Objects\main.obj)

line level    source

   1          #include "stc8a8k64d4.H"
   2          #include "stc8a_gpio.H"
   3          #include "stc8a_spi.h"
   4          #include "stc8a_nvic.h"
   5          #include "typedef.h"
   6          #include "oled12864.h"
   7          #include "stc8a_adc.h"
   8          #include "stc8a_switch.h"
   9          #include "dtos.h"
  10          #include "STC8A_UART.h"
  11          
  12          
  13          xdata u8 g_received_buf[MAX_CHAR8_COL];
  14          
  15          void OLED_GPIO_Config() {
  16   1        xdata GPIO_InitTypeDef conf;
  17   1        conf.Mode = GPIO_PullUp;
  18   1        conf.Pin = GPIO_Pin_4 | GPIO_Pin_5 | GPIO_Pin_6 | GPIO_Pin_7;
  19   1        GPIO_Inilize(GPIO_P1, &conf);
  20   1        
  21   1        conf.Pin = GPIO_Pin_4;
  22   1        GPIO_Inilize(GPIO_P4, &conf);
  23   1      }
  24          
  25          void OLED12864_Init() {
  26   1        OLED_GPIO_Config();
  27   1        OLED_Init();
  28   1      }
  29          
  30          void UART_GPIO_Config() {
  31   1        GPIO_InitTypeDef GPIO_InitStructure;
  32   1        GPIO_InitStructure.Pin = GPIO_Pin_6 | GPIO_Pin_7;
  33   1        GPIO_InitStructure.Mode = GPIO_PullUp;
  34   1        GPIO_Inilize(GPIO_P3, &GPIO_InitStructure);
  35   1      }
  36          
  37          void UART_config() {
  38   1        xdata COMx_InitDefine COMx_InitStructure; //结构定义
  39   1        UART1_SW(P_UART);
  40   1        COMx_InitStructure.UART_Mode = UART_8bit_BRTx; //模式,   UART_ShiftRight,UART_8bit_BRTx,UART_9bit,UART_9b
             -it_BRTx
  41   1        COMx_InitStructure.UART_BRT_Use = BRT_Timer1; //使用波特率, BRT_Timer1, BRT_Timer2 (注意: 串口2固定使用BR
             -T_Timer2)
  42   1        COMx_InitStructure.UART_BaudRate = 9600ul; //波特率,     110 ~ 115200
  43   1        COMx_InitStructure.UART_RxEnable = ENABLE; //接收允许,   ENABLE或DISABLE
  44   1      
  45   1        UART_Configuration(UART1, &COMx_InitStructure); //初始化串口2 USART1,USART2,USART3,USART4
  46   1        NVIC_UART1_Init(ENABLE, Priority_1); //中断使能, ENABLE/DISABLE; 优先级(低到高) Priority_0,Priority_1,Pri
             -ority_2,Priority_3
  47   1      }
  48          
  49          void on_UART_Rec_1Byte(u8 d) {
  50   1        COM1.B_RX_OK = 0;
  51   1        COM1.RX_TimeOut = TimeOutSet1;
C51 COMPILER V9.60.7.0   MAIN                                                              07/15/2023 19:13:22 PAGE 2   

  52   1        RX1_Buffer[COM1.RX_Cnt++] = d;
  53   1        if(COM1.RX_Cnt >= COM_RX1_Lenth) {
  54   2          COM1.RX_Cnt = 0;
  55   2        }
  56   1        COM1.B_RX_OK = 1;
  57   1      }
  58          
  59          void UART_Init() {
  60   1        COM1.TX_read = 0;
  61   1        COM1.RX_Cnt = 0;
  62   1        COM1.B_RX_OK = 0;
  63   1        COM1.RX_TimeOut = TimeOutSet1;
  64   1        
  65   1        UART_GPIO_Config();
  66   1        g_onURAT_1Byte_CB = on_UART_Rec_1Byte;
  67   1        UART_config();
  68   1      }
  69          
  70          void boot_delay() {
  71   1        xdata u8 t;
  72   1        for (t = 0; t < 20; ++t) {
  73   2          delay_ms(100);
  74   2        }
  75   1      }
  76          
  77          void copy_buf(u8 * dst, u8 l) {
  78   1        xdata u8 i;
  79   1        --l;
  80   1        for (i = 0; i < l; ++i) {
  81   2          if (i < COM1.RX_Cnt) {
  82   3            dst[i] = RX1_Buffer[i];
  83   3          } else {
  84   3            dst[i] = ' ';
  85   3          }
  86   2        }
  87   1        dst[l] = 0;
  88   1        COM1.RX_Cnt = 0;
  89   1        COM1.B_RX_OK = 0;
  90   1      }
  91          
  92          void main() { 
  93   1        OLED12864_Init();
  94   1        OLED_ShowString(0, 0, "Init...");
  95   1        
  96   1        UART_Init();
  97   1        EA = 1;
  98   1        
  99   1        boot_delay();
 100   1        OLED_ShowString(0, 0, "Init Done");
 101   1        PrintString1("AT\r\n");
 102   1      
 103   1        while(1) {
 104   2          delay_ms(1);
 105   2          if (COM1.B_RX_OK && COM1.RX_TimeOut-- <= 0) {
 106   3            copy_buf(g_received_buf, MAX_CHAR8_COL);
 107   3            OLED_ShowString(0, 2, g_received_buf);
 108   3            PrintString1(g_received_buf);
 109   3          }
 110   2        }
 111   1      }


C51 COMPILER V9.60.7.0   MAIN                                                              07/15/2023 19:13:22 PAGE 3   

MODULE INFORMATION:   STATIC OVERLAYABLE
   CODE SIZE        =    396    ----
   CONSTANT SIZE    =     23    ----
   XDATA SIZE       =     16      13
   PDATA SIZE       =   ----    ----
   DATA SIZE        =   ----       5
   IDATA SIZE       =   ----    ----
   BIT SIZE         =   ----    ----
END OF MODULE INFORMATION.


C51 COMPILATION COMPLETE.  0 WARNING(S),  0 ERROR(S)
