C51 COMPILER V9.60.7.0   STC8A_TIMER_ISR                                                   04/07/2024 16:47:01 PAGE 1   


C51 COMPILER V9.60.7.0, COMPILATION OF MODULE STC8A_TIMER_ISR
OBJECT MODULE PLACED IN .\Objects\STC8A_Timer_Isr.obj
COMPILER INVOKED BY: D:\Keil_v5\C51\BIN\C51.EXE src\STC8A_Timer_Isr.c OPTIMIZE(8,SPEED) BROWSE DEBUG OBJECTEXTEND PRINT(
                    -.\Listings\STC8A_Timer_Isr.lst) TABS(2) OBJECT(.\Objects\STC8A_Timer_Isr.obj)

line level    source

   1          /*---------------------------------------------------------------------*/
   2          /* --- STC MCU Limited ------------------------------------------------*/
   3          /* --- STC 1T Series MCU Demo Programme -------------------------------*/
   4          /* --- Mobile: (86)13922805190 ----------------------------------------*/
   5          /* --- Fax: 86-0513-55012956,55012947,55012969 ------------------------*/
   6          /* --- Tel: 86-0513-55012928,55012929,55012966 ------------------------*/
   7          /* --- Web: www.STCMCU.com --------------------------------------------*/
   8          /* --- Web: www.STCMCUDATA.com  ---------------------------------------*/
   9          /* --- QQ:  800003751 -------------------------------------------------*/
  10          /* 如果要在程序中使用此代码,请在程序中注明使用了STC的资料及程序            */
  11          /*---------------------------------------------------------------------*/
  12          
  13          #include  "STC8A_Timer.h"
  14          #include "servo_t0.h"
  15          #include "servo_t1.h"
  16          #include "action.h"
  17          
  18          //========================================================================
  19          // 函数: Timer0_ISR_Handler
  20          // 描述: Timer0中断函数.
  21          // 参数: none.
  22          // 返回: none.
  23          // 版本: V1.0, 2020-09-23
  24          //========================================================================
  25          void Timer0_ISR_Handler (void) interrupt TIMER0_VECTOR    //进中断时已经清除标志
  26          {
  27   1        Servo_T0_Timer_Callback();
  28   1      }
  29          
  30          //========================================================================
  31          // 函数: Timer1_ISR_Handler
  32          // 描述: Timer1中断函数.
  33          // 参数: none.
  34          // 返回: none.
  35          // 版本: V1.0, 2020-09-23
  36          //========================================================================
  37          void Timer1_ISR_Handler (void) interrupt TIMER1_VECTOR    //进中断时已经清除标志
  38          {
  39   1        Servo_T1_Timer_Callback();
  40   1      }
  41          
  42          //========================================================================
  43          // 函数: Timer2_ISR_Handler
  44          // 描述: Timer2中断函数.
  45          // 参数: none.
  46          // 返回: none.
  47          // 版本: V1.0, 2020-09-23
  48          //========================================================================
  49          void Timer2_ISR_Handler (void) interrupt TIMER2_VECTOR    //进中断时已经清除标志
  50          {
  51   1        Action_Timer_Callback();
  52   1      }
  53          
  54          //========================================================================
C51 COMPILER V9.60.7.0   STC8A_TIMER_ISR                                                   04/07/2024 16:47:01 PAGE 2   

  55          // 函数: Timer3_ISR_Handler
  56          // 描述: Timer3中断函数.
  57          // 参数: none.
  58          // 返回: none.
  59          // 版本: V1.0, 2020-09-23
  60          //========================================================================
  61          void Timer3_ISR_Handler (void) interrupt TIMER3_VECTOR    //进中断时已经清除标志
  62          {
  63   1        // TODO: 在此处添加用户代码
  64   1        P64 = ~P64;
  65   1      }
  66          
  67          //========================================================================
  68          // 函数: Timer4_ISR_Handler
  69          // 描述: Timer4中断函数.
  70          // 参数: none.
  71          // 返回: none.
  72          // 版本: V1.0, 2020-09-23
  73          //========================================================================
  74          void Timer4_ISR_Handler (void) interrupt TIMER4_VECTOR    //进中断时已经清除标志
  75          {
  76   1        // TODO: 在此处添加用户代码
  77   1        P63 = ~P63;
  78   1      }


MODULE INFORMATION:   STATIC OVERLAYABLE
   CODE SIZE        =    183    ----
   CONSTANT SIZE    =   ----    ----
   XDATA SIZE       =   ----    ----
   PDATA SIZE       =   ----    ----
   DATA SIZE        =   ----    ----
   IDATA SIZE       =   ----    ----
   BIT SIZE         =   ----    ----
END OF MODULE INFORMATION.


C51 COMPILATION COMPLETE.  0 WARNING(S),  0 ERROR(S)
