C51 COMPILER V9.60.7.0   74HC165                                                           04/13/2024 08:41:43 PAGE 1   


C51 COMPILER V9.60.7.0, COMPILATION OF MODULE 74HC165
OBJECT MODULE PLACED IN .\Objects\74HC165.obj
COMPILER INVOKED BY: D:\Keil_v5\C51\BIN\C51.EXE src\74HC165.c OPTIMIZE(8,SPEED) BROWSE DEBUG OBJECTEXTEND PRINT(.\Listin
                    -gs\74HC165.lst) TABS(2) OBJECT(.\Objects\74HC165.obj)

line level    source

   1          #include "74hc165.h"
   2          
   3          void load_data_165() {
   4   1        P_165_PL = 0;
   5   1      }
   6          
   7          u8 read_byte_165() {
   8   1        u8 d = 0;
   9   1        P_165_PL = 1;
  10   1        P_165_CE = 0;
  11   1        
  12   1        P_165_CP = 0;
  13   1        d |= P_165_Q7;
  14   1        d <<= 1;
  15   1        P_165_CP = 1;
  16   1        
  17   1        P_165_CP = 0;
  18   1        d |= P_165_Q7;
  19   1        d <<= 1;
  20   1        P_165_CP = 1;
  21   1        
  22   1        P_165_CP = 0;
  23   1        d |= P_165_Q7;
  24   1        d <<= 1;
  25   1        P_165_CP = 1;
  26   1        
  27   1        P_165_CP = 0;
  28   1        d |= P_165_Q7;
  29   1        d <<= 1;
  30   1        P_165_CP = 1;
  31   1      
  32   1        P_165_CP = 0;
  33   1        d |= P_165_Q7;
  34   1        d <<= 1;
  35   1        P_165_CP = 1;
  36   1      
  37   1        P_165_CP = 0;
  38   1        d |= P_165_Q7;
  39   1        d <<= 1;
  40   1        P_165_CP = 1;
  41   1      
  42   1        P_165_CP = 0;
  43   1        d |= P_165_Q7;
  44   1        d <<= 1;
  45   1        P_165_CP = 1;
  46   1      
  47   1        P_165_CP = 0;
  48   1        d |= P_165_Q7;
  49   1        P_165_CP = 1;
  50   1        
  51   1        P_165_CE = 1;
  52   1        return d;
  53   1      }

C51 COMPILER V9.60.7.0   74HC165                                                           04/13/2024 08:41:43 PAGE 2   


MODULE INFORMATION:   STATIC OVERLAYABLE
   CODE SIZE        =    115    ----
   CONSTANT SIZE    =   ----    ----
   XDATA SIZE       =   ----    ----
   PDATA SIZE       =   ----    ----
   DATA SIZE        =   ----    ----
   IDATA SIZE       =   ----    ----
   BIT SIZE         =   ----    ----
END OF MODULE INFORMATION.


C51 COMPILATION COMPLETE.  0 WARNING(S),  0 ERROR(S)
