C51 COMPILER V9.60.7.0   UART                                                              04/13/2024 08:41:43 PAGE 1   


C51 COMPILER V9.60.7.0, COMPILATION OF MODULE UART
OBJECT MODULE PLACED IN .\Objects\uart.obj
COMPILER INVOKED BY: D:\Keil_v5\C51\BIN\C51.EXE src\uart.c OPTIMIZE(8,SPEED) BROWSE DEBUG OBJECTEXTEND PRINT(.\Listings\
                    -uart.lst) TABS(2) OBJECT(.\Objects\uart.obj)

line level    source

   1          #include "uart.h"
   2          
   3          bit busyT;
   4          u8 g_buf1[20];
   5          u8 g_buf2[20];
   6          u8 * g_buf;
   7          
   8          UART_onRec g_UART_callback = 0;
   9          
  10          // 4800bps@24.000MHz 8位自动重装
  11          void UART_Init(UART_onRec cb) {
  12   1        PCON &= 0x7F;   //波特率不倍速
  13   1        SCON = 0x50;    //8位数据,可变波特率
  14   1        AUXR &= 0xBF;   //定时器时钟12T模式
  15   1        AUXR &= 0xFE;   //串口1选择定时器1为波特率发生器
  16   1        TMOD &= 0x0F;   //设置定时器模式
  17   1        TMOD |= 0x20;   //设置定时器模式
  18   1        TL1 = 0xF3;   //设置定时初始值
  19   1        TH1 = 0xF3;   //设置定时重载值
  20   1        ET1 = 0;    //禁止定时器%d中断
  21   1        TR1 = 1;    //定时器1开始计时
  22   1        
  23   1        EA = 1;
  24   1        ES = 1;
  25   1        g_UART_callback = cb;
  26   1      }
  27          
  28          void UART_sendByte(char c) {
  29   1        while(busyT);
  30   1        SBUF = c;
  31   1        busyT = 1;
  32   1      }
  33          
  34          void UART_sendStr(char * s) {
  35   1        while(*s) {
  36   2          UART_sendByte(*s++);
  37   2        }
  38   1      }
  39          
  40          void s_interruption() interrupt 4 {
  41   1        if (RI) {
  42   2          RI = 0;
  43   2          P2 = SBUF;
  44   2          SBUF = P2;
  45   2          busyT = 1;
  46   2          
  47   2          g_buf1[0] = P2;
  48   2          if (g_UART_callback) {
  49   3            g_UART_callback(g_buf1, 1);
  50   3          }
  51   2        }
  52   1        if (TI) {
  53   2          TI = 0;
  54   2          busyT = 0;
C51 COMPILER V9.60.7.0   UART                                                              04/13/2024 08:41:43 PAGE 2   

  55   2        }
  56   1      }


MODULE INFORMATION:   STATIC OVERLAYABLE
   CODE SIZE        =    188    ----
   CONSTANT SIZE    =   ----    ----
   XDATA SIZE       =   ----    ----
   PDATA SIZE       =   ----    ----
   DATA SIZE        =     46       3
   IDATA SIZE       =   ----    ----
   BIT SIZE         =      1    ----
END OF MODULE INFORMATION.


C51 COMPILATION COMPLETE.  0 WARNING(S),  0 ERROR(S)
