C51 COMPILER V9.60.7.0   MAIN                                                              01/05/2024 22:41:38 PAGE 1   


C51 COMPILER V9.60.7.0, COMPILATION OF MODULE MAIN
OBJECT MODULE PLACED IN .\Objects\main.obj
COMPILER INVOKED BY: D:\Keil_v5\C51\BIN\C51.EXE src\main.c OPTIMIZE(8,SPEED) BROWSE DEBUG OBJECTEXTEND PRINT(.\Listings\
                    -main.lst) TABS(2) OBJECT(.\Objects\main.obj)

line level    source

   1          #include "stc8a8k64d4.h"
   2          #include "stc8a_gpio.h"
   3          #include "stc8a_pwm15bit.h"
   4          #include "typedef.h"
   5          
   6          void GPIO_Config() {
   7   1        GPIO_InitTypeDef conf;
   8   1        conf.Mode = GPIO_OUT_PP;
   9   1        conf.Pin = GPIO_Pin_All;
  10   1        GPIO_Inilize(GPIO_P0, &conf);
  11   1      }
  12          
  13          void PWM15bit_init() {
  14   1        GPIO_InitTypeDef GPIO_InitStructure; //结构定义
  15   1        PWM15_InitTypeDef PWM15_InitStructure;
  16   1      
  17   1        GPIO_InitStructure.Pin  = GPIO_Pin_All; //指定要初始化的IO, GPIO_Pin_0 ~ GPIO_Pin_7, 或操作
  18   1        GPIO_InitStructure.Mode = GPIO_PullUp; //指定IO的输入或输出方式,GPIO_PullUp,GPIO_HighZ,GPIO_OUT_OD,GPIO_O
             -UT_PP
  19   1        GPIO_Inilize(GPIO_P2, &GPIO_InitStructure); //初始化
  20   1      
  21   1        PWM15_InitStructure.PWM_Enable    = ENABLE;   //PWM使能,  ENABLE, DISABLE
  22   1        PWM15_InitStructure.PWM_Period    = 24920;    //PWM周期,  0~0x7fff
  23   1        PWM15_InitStructure.PWM_Clock_Sel = PWM_CLK_SYS; //时钟源选择,  PWM_CLK_SYS, PWM_CLK_TM2
  24   1        // PWM15_InitStructure.PWM_Clock_PS  = 0;       //系统时钟分频参数(PS+1分频),  0~15
  25   1        PWM15_InitStructure.PWM_Clock_PS  = 15;       //系统时钟分频参数(PS+1分频),  0~15
  26   1        PWM15_InitStructure.PWM_CInt      = DISABLE;  //计数器归零中断使能,  ENABLE, DISABLE
  27   1        PWM15_InitStructure.PWM_Counter   = ENABLE;   //计数器使能,  ENABLE, DISABLE
  28   1        PWM15_Init(&PWM15_InitStructure);
  29   1        
  30   1        PWM15Duty(PWM15_0, 0, 99);    //PWM_ID, 输出低电平位置, 输出高电平位置
  31   1        PWMChannelCtrl(PWM15_0,ENABLE,0,DISABLE,DISABLE,DISABLE); //PWM_ID, 输出使能, 初始电平, PWM中断, 第二个触
             -发点中断, 第一触发点中断
  32   1        // 输出引脚切换用 PWM15_PWM0_SW()，默认P20
  33   1      }
  34          
  35          
  36          bit debug = 1;
  37          
  38          
  39          void main() {
  40   1        int a = 99, f = 1;
  41   1        GPIO_Config();
  42   1        PWM15bit_init();
  43   1        
  44   1        if (debug) {
  45   2          PWM15Duty(PWM15_0, 1875, 0);
  46   2          while(1);
  47   2        }
  48   1        
  49   1        while (1) {
  50   2          // P_MOTOR_A = 0;
  51   2          // P_MOTOR_B = 1;
  52   2          int i = 0;
C51 COMPILER V9.60.7.0   MAIN                                                              01/05/2024 22:41:38 PAGE 2   

  53   2          if (a >= 99) {
  54   3            f = -1;;
  55   3          } else if (a <= 1) {
  56   3            f = 1;
  57   3          }
  58   2          a += f;
  59   2          for (i = 0; i < 1000; ++i) {
  60   3            PWM15Duty(PWM15_0, 0, a);
  61   3          }
  62   2        }
  63   1      }


MODULE INFORMATION:   STATIC OVERLAYABLE
   CODE SIZE        =    216    ----
   CONSTANT SIZE    =   ----    ----
   XDATA SIZE       =   ----    ----
   PDATA SIZE       =   ----    ----
   DATA SIZE        =   ----      17
   IDATA SIZE       =   ----    ----
   BIT SIZE         =      1    ----
END OF MODULE INFORMATION.


C51 COMPILATION COMPLETE.  0 WARNING(S),  0 ERROR(S)
