C51 COMPILER V9.60.0.0   I2CBUS                                                            08/01/2022 14:28:34 PAGE 1   


C51 COMPILER V9.60.0.0, COMPILATION OF MODULE I2CBUS
OBJECT MODULE PLACED IN .\Objects\I2CBus.obj
COMPILER INVOKED BY: d:\Keil_v5\C51\BIN\C51.EXE I2CBus.c OPTIMIZE(8,SPEED) BROWSE DEBUG OBJECTEXTEND PRINT(.\Listings\I2
                    -CBus.lst) TABS(2) OBJECT(.\Objects\I2CBus.obj)

line level    source

   1          #include "I2CBus.h"
   2          
   3          #define PIN_SCL P_MPU6500_SCL
   4          #define PIN_SDA P_MPU6500_SDA
   5          
   6          void I2CBus_Start() {
   7   1        PIN_SDA = 1;
   8   1        PIN_SCL = 1;
   9   1        _nop_();_nop_();_nop_();_nop_();_nop_(); // 5us > 4.7us
  10   1        PIN_SDA = 0;
  11   1        _nop_();_nop_();_nop_();_nop_();_nop_(); // 5us > 4us
  12   1        PIN_SCL = 0;
  13   1      }
  14          
  15          void I2CBus_Stop() {
  16   1        PIN_SDA = 0;
  17   1        PIN_SCL = 1;
  18   1        _nop_();_nop_();_nop_();_nop_();_nop_(); // 5us > 4us
  19   1        PIN_SDA = 1;
  20   1        _nop_();_nop_();_nop_();_nop_();_nop_(); // 5us > 4.7us
  21   1        PIN_SCL = 0;
  22   1      }
  23          
  24          bit I2CBus_Write(unsigned char d) {
  25   1        bit s;
  26   1        // 0
  27   1        PIN_SCL = 0;
  28   1        s = (d >> 7) & 0x01; // 以上 > 4.7us
  29   1        PIN_SDA = s;
  30   1        PIN_SCL = 1;
  31   1        _nop_();_nop_();_nop_();_nop_();_nop_(); // 5us > 4us
  32   1        // 1
  33   1        PIN_SCL = 0;
  34   1        s = (d >> 6) & 0x01; // 以上 > 4.7us
  35   1        PIN_SDA = s;
  36   1        PIN_SCL = 1;
  37   1        _nop_();_nop_();_nop_();_nop_();_nop_(); // 5us > 4us
  38   1        // 2
  39   1        PIN_SCL = 0;
  40   1        s = (d >> 5) & 0x01; // 以上 > 4.7us
  41   1        PIN_SDA = s;
  42   1        PIN_SCL = 1;
  43   1        _nop_();_nop_();_nop_();_nop_();_nop_(); // 5us > 4us
  44   1        // 3
  45   1        PIN_SCL = 0;
  46   1        s = (d >> 4) & 0x01; // 以上 > 4.7us
  47   1        PIN_SDA = s;
  48   1        PIN_SCL = 1;
  49   1        _nop_();_nop_();_nop_();_nop_();_nop_(); // 5us > 4us
  50   1        // 4
  51   1        PIN_SCL = 0;
  52   1        s = (d >> 3) & 0x01; // 以上 > 4.7us
  53   1        PIN_SDA = s;
  54   1        PIN_SCL = 1;
C51 COMPILER V9.60.0.0   I2CBUS                                                            08/01/2022 14:28:34 PAGE 2   

  55   1        _nop_();_nop_();_nop_();_nop_();_nop_(); // 5us > 4us
  56   1        // 5
  57   1        PIN_SCL = 0;
  58   1        s = (d >> 2) & 0x01; // 以上 > 4.7us
  59   1        PIN_SDA = s;
  60   1        PIN_SCL = 1;
  61   1        _nop_();_nop_();_nop_();_nop_();_nop_(); // 5us > 4us
  62   1        // 6
  63   1        PIN_SCL = 0;
  64   1        s = (d >> 1) & 0x01; // 以上 > 4.7us
  65   1        PIN_SDA = s;
  66   1        PIN_SCL = 1;
  67   1        _nop_();_nop_();_nop_();_nop_();_nop_(); // 5us > 4us
  68   1        // 7
  69   1        PIN_SCL = 0;
  70   1        s = d & 0x01;
  71   1          _nop_();  // 以上 > 4.7us
  72   1        PIN_SDA = s;
  73   1        PIN_SCL = 1;
  74   1        _nop_();_nop_();_nop_();_nop_();_nop_(); // 5us > 4us
  75   1      
  76   1        PIN_SCL = 0;
  77   1        _nop_();_nop_();_nop_();_nop_();_nop_(); // 5us > 4.7us
  78   1        PIN_SDA = 1;
  79   1        PIN_SCL = 1;
  80   1        _nop_();_nop_();_nop_();_nop_();_nop_(); // 5us > 4us
  81   1      
  82   1        s = PIN_SDA;
  83   1        PIN_SCL = 0;
  84   1        return s;
  85   1      }
  86          
  87          unsigned char I2CBus_Read(bit fi) {
  88   1        unsigned char d;
  89   1        // 0
  90   1        PIN_SCL = 0;
  91   1        d = 0x00;
  92   1        _nop_();_nop_();_nop_(); // 以上5us > 4.7us
  93   1        PIN_SCL = 1;
  94   1        _nop_();_nop_();_nop_();_nop_();_nop_(); // 5us > 4us
  95   1        d |= PIN_SDA;
  96   1        // 1
  97   1        PIN_SCL = 0;
  98   1        d <<= 1;
  99   1        _nop_();_nop_();_nop_(); // 以上5us > 4.7us
 100   1        PIN_SCL = 1;
 101   1        _nop_();_nop_();_nop_();_nop_();_nop_(); // 5us > 4us
 102   1        d |= PIN_SDA;
 103   1        // 2
 104   1        PIN_SCL = 0;
 105   1        d <<= 1;
 106   1        _nop_();_nop_();_nop_(); // 以上5us > 4.7us
 107   1        PIN_SCL = 1;
 108   1        _nop_();_nop_();_nop_();_nop_();_nop_(); // 5us > 4us
 109   1        d |= PIN_SDA;
 110   1        // 3
 111   1        PIN_SCL = 0;
 112   1        d <<= 1;
 113   1        _nop_();_nop_();_nop_(); // 以上5us > 4.7us
 114   1        PIN_SCL = 1;
 115   1        _nop_();_nop_();_nop_();_nop_();_nop_(); // 5us > 4us
 116   1        d |= PIN_SDA;
C51 COMPILER V9.60.0.0   I2CBUS                                                            08/01/2022 14:28:34 PAGE 3   

 117   1        // 4
 118   1        PIN_SCL = 0;
 119   1        d <<= 1;
 120   1        _nop_();_nop_();_nop_(); // 以上5us > 4.7us
 121   1        PIN_SCL = 1;
 122   1        _nop_();_nop_();_nop_();_nop_();_nop_(); // 5us > 4us
 123   1        d |= PIN_SDA;
 124   1        // 5
 125   1        PIN_SCL = 0;
 126   1        d <<= 1;
 127   1        _nop_();_nop_();_nop_(); // 以上5us > 4.7us
 128   1        PIN_SCL = 1;
 129   1        _nop_();_nop_();_nop_();_nop_();_nop_(); // 5us > 4us
 130   1        d |= PIN_SDA;
 131   1        // 6
 132   1        PIN_SCL = 0;
 133   1        d <<= 1;
 134   1        _nop_();_nop_();_nop_(); // 以上5us > 4.7us
 135   1        PIN_SCL = 1;
 136   1        _nop_();_nop_();_nop_();_nop_();_nop_(); // 5us > 4us
 137   1        d |= PIN_SDA;
 138   1        // 7
 139   1        PIN_SCL = 0;
 140   1        d <<= 1;
 141   1        _nop_();_nop_();_nop_(); // 以上5us > 4.7us
 142   1        PIN_SCL = 1;
 143   1        _nop_();_nop_();_nop_();_nop_();_nop_(); // 5us > 4us
 144   1        d |= PIN_SDA;
 145   1        
 146   1        PIN_SCL = 0;
 147   1        _nop_();_nop_();_nop_();_nop_();_nop_(); // 5us > 4.7us
 148   1        PIN_SDA = fi; // ACK or NACK
 149   1        PIN_SCL = 1;
 150   1        _nop_();_nop_();_nop_();_nop_();_nop_(); // 5us > 4us
 151   1        PIN_SCL = 0;
 152   1        
 153   1        return d;
 154   1      }


MODULE INFORMATION:   STATIC OVERLAYABLE
   CODE SIZE        =    419    ----
   CONSTANT SIZE    =   ----    ----
   XDATA SIZE       =   ----    ----
   PDATA SIZE       =   ----    ----
   DATA SIZE        =   ----    ----
   IDATA SIZE       =   ----    ----
   BIT SIZE         =   ----       2
END OF MODULE INFORMATION.


C51 COMPILATION COMPLETE.  0 WARNING(S),  0 ERROR(S)
