C51 COMPILER V9.60.0.0   MAIN                                                              07/24/2022 19:19:21 PAGE 1   


C51 COMPILER V9.60.0.0, COMPILATION OF MODULE MAIN
OBJECT MODULE PLACED IN .\Objects\main.obj
COMPILER INVOKED BY: d:\Keil_v5\C51\BIN\C51.EXE main.c OPTIMIZE(8,SPEED) BROWSE DEBUG OBJECTEXTEND PRINT(.\Listings\main
                    -.lst) TABS(2) OBJECT(.\Objects\main.obj)

line level    source

   1          #include <reg51.h>
   2          #include "src/delay.h"
   3          #include "src/oled12864.h"
   4          #include "src/typedef.h"
   5          #include "src/uart.h"
   6          #include "src/mpu6500.h"
   7          #include "stdio.h"
   8          
   9          float g_AX, g_AY = 0, g_AZ = 0;
  10          float xdata g_GX = 0, g_GY = 0, g_GZ = 0;
  11          
  12          void main() {
  13   1        OLED_Init();
  14   1      
  15   1        InitMPU6500();
  16   1        while (1) {
  17   2          char str[16];
  18   2          g_AX = GetData(ACCEL_XOUT_H) / (float) 16384;
  19   2          sprintf(str, "AX = %f", g_AX);
  20   2          OLED_ShowString8(0, 0, str);
  21   2          sprintf(str, "AY = %f", GetData(ACCEL_YOUT_H) / (float) 16384);
  22   2          OLED_ShowString8(0, 1, str);
  23   2          sprintf(str, "AZ = %f", GetData(ACCEL_ZOUT_H) / (float) 16384);
  24   2          OLED_ShowString8(0, 2, str);
  25   2          sprintf(str, "GX = %f", GetData(GYRO_XOUT_H) / (float) 131);
  26   2          OLED_ShowString8(0, 3, str);
  27   2          sprintf(str, "GY = %f", GetData(GYRO_YOUT_H) / (float) 131);
  28   2          OLED_ShowString8(0, 4, str);
  29   2          sprintf(str, "GZ = %f", GetData(GYRO_ZOUT_H) / (float) 131);
  30   2          OLED_ShowString8(0, 5, str);
  31   2        }
  32   1      }


MODULE INFORMATION:   STATIC OVERLAYABLE
   CODE SIZE        =    388    ----
   CONSTANT SIZE    =     48    ----
   XDATA SIZE       =     12    ----
   PDATA SIZE       =   ----    ----
   DATA SIZE        =     12      16
   IDATA SIZE       =   ----    ----
   BIT SIZE         =   ----    ----
END OF MODULE INFORMATION.


C51 COMPILATION COMPLETE.  0 WARNING(S),  0 ERROR(S)
