C51 COMPILER V9.60.7.0   MAIN                                                              03/02/2024 16:48:45 PAGE 1   


C51 COMPILER V9.60.7.0, COMPILATION OF MODULE MAIN
OBJECT MODULE PLACED IN .\Objects\main.obj
COMPILER INVOKED BY: D:\Keil_v5\C51\BIN\C51.EXE src\main.c OPTIMIZE(8,SPEED) BROWSE DEBUG OBJECTEXTEND PRINT(.\Listings\
                    -main.lst) TABS(2) OBJECT(.\Objects\main.obj)

line level    source

   1          #include "stc8a8k64d4.H"
   2          #include "stc8a_gpio.H"
   3          #include "stc8a_spi.h"
   4          #include "stc8a_nvic.h"
   5          #include "typedef.h"
   6          #include "oled12864.h"
   7          #include "uart.h"
   8          #include "stc8a_adc.h"
   9          #include "stc8a_switch.h"
  10          #include "dtos.h"
  11          #include "G01_S.h"
  12          
  13          void OLED_GPIO_Config() {
  14   1        GPIO_InitTypeDef conf;
  15   1        conf.Mode = GPIO_PullUp;
  16   1        conf.Pin = GPIO_Pin_0 | GPIO_Pin_1 | GPIO_Pin_2;
  17   1        GPIO_Inilize(GPIO_P0, &conf);
  18   1      
  19   1        conf.Mode = GPIO_PullUp;
  20   1        conf.Pin = GPIO_Pin_7 | GPIO_Pin_6;
  21   1        GPIO_Inilize(GPIO_P2, &conf);
  22   1      }
  23          
  24          void LED_GPIO_Config() {
  25   1        GPIO_InitTypeDef conf;
  26   1        conf.Mode = GPIO_PullUp;
  27   1        conf.Pin = GPIO_Pin_7;
  28   1        GPIO_Inilize(GPIO_P1, &conf);
  29   1      
  30   1        conf.Mode = GPIO_PullUp;
  31   1        conf.Pin = GPIO_Pin_5;
  32   1        GPIO_Inilize(GPIO_P5, &conf);
  33   1      
  34   1        conf.Mode = GPIO_PullUp;
  35   1        conf.Pin = GPIO_Pin_0;
  36   1        GPIO_Inilize(GPIO_P4, &conf);
  37   1      }
  38          
  39          void G01_S_GPIO_config() {
  40   1        xdata GPIO_InitTypeDef conf;
  41   1        conf.Mode = GPIO_PullUp;  
  42   1        conf.Pin = GPIO_Pin_0;
  43   1        GPIO_Inilize(GPIO_P2, &conf);
  44   1        
  45   1        conf.Pin = GPIO_Pin_1;
  46   1        GPIO_Inilize(GPIO_P4, &conf);
  47   1      
  48   1        conf.Pin = GPIO_Pin_4 | GPIO_Pin_5 | GPIO_Pin_6 | GPIO_Pin_7;
  49   1        GPIO_Inilize(GPIO_P3, &conf);
  50   1        
  51   1        NRF24L01_Gpio_Init();
  52   1      }
  53          
  54          void RZ7899_GPIO_Config() {
C51 COMPILER V9.60.7.0   MAIN                                                              03/02/2024 16:48:45 PAGE 2   

  55   1        GPIO_InitTypeDef conf;
  56   1        conf.Mode = GPIO_PullUp;
  57   1        conf.Pin = GPIO_Pin_4;
  58   1        GPIO_Inilize(GPIO_P2, &conf);
  59   1      }
  60          
  61          void GOPI_Config() {
  62   1        OLED_GPIO_Config();
  63   1        
  64   1        LED_GPIO_Config();
  65   1      
  66   1        G01_S_GPIO_config();
  67   1        
  68   1        RZ7899_GPIO_Config();
  69   1      }
  70          
  71          void main() {
  72   1        bit exist;
  73   1        GOPI_Config();
  74   1      
  75   1        OLED_Init();
  76   1      
  77   1        OLED_ShowString(0, 0, "CHECK MODULE...");
  78   1        exist = NRF24L01_check();
  79   1        
  80   1        if (exist) {
  81   2          OLED_ShowString(0, 2, "DONE");
  82   2        } else {
  83   2          OLED_ShowString(0, 2, "NOT EXIST");
  84   2        }
  85   1        
  86   1        P_MOTOR = 0;
  87   1      
  88   1        while(1) {
  89   2        }
  90   1      }


MODULE INFORMATION:   STATIC OVERLAYABLE
   CODE SIZE        =    211    ----
   CONSTANT SIZE    =     31    ----
   XDATA SIZE       =   ----       2
   PDATA SIZE       =   ----    ----
   DATA SIZE        =   ----       6
   IDATA SIZE       =   ----    ----
   BIT SIZE         =   ----       1
END OF MODULE INFORMATION.


C51 COMPILATION COMPLETE.  0 WARNING(S),  0 ERROR(S)
