C51 COMPILER V9.60.7.0   DELAY                                                             01/12/2025 22:53:31 PAGE 1   


C51 COMPILER V9.60.7.0, COMPILATION OF MODULE DELAY
OBJECT MODULE PLACED IN .\Objects\delay.obj
COMPILER INVOKED BY: D:\Keil_v5\C51\BIN\C51.EXE src\delay.c OPTIMIZE(8,SPEED) BROWSE DEBUG OBJECTEXTEND PRINT(.\Listings
                    -\delay.lst) TABS(2) OBJECT(.\Objects\delay.obj)

line level    source

   1          #include "delay.h"
   2          
   3          void Delay1ms() {
   4   1        xdata unsigned char i, j;
   5   1        _nop_();
   6   1        _nop_();
   7   1        _nop_();
   8   1        i = 11;
   9   1        j = 190;
  10   1        do {
  11   2          while (--j);
  12   2        } while (--i);
  13   1      }
  14          
  15          void delay_ms(u8 ms) {
  16   1        while (ms--) {
  17   2          Delay1ms();
  18   2        }
  19   1      }


MODULE INFORMATION:   STATIC OVERLAYABLE
   CODE SIZE        =     42    ----
   CONSTANT SIZE    =   ----    ----
   XDATA SIZE       =   ----       2
   PDATA SIZE       =   ----    ----
   DATA SIZE        =   ----    ----
   IDATA SIZE       =   ----    ----
   BIT SIZE         =   ----    ----
END OF MODULE INFORMATION.


C51 COMPILATION COMPLETE.  0 WARNING(S),  0 ERROR(S)
