C51 COMPILER V9.59.0.0   PWM                                                               09/18/2020 18:55:53 PAGE 1   


C51 COMPILER V9.59.0.0, COMPILATION OF MODULE PWM
OBJECT MODULE PLACED IN .\list\PWM.obj
COMPILER INVOKED BY: C:\Keil_v5\C51\BIN\C51.EXE PWM.C OPTIMIZE(8,SPEED) BROWSE DEBUG OBJECTEXTEND PRINT(.\list\PWM.lst) 
                    -TABS(2) OBJECT(.\list\PWM.obj)

line level    source

   1          /*---------------------------------------------------------------------*/
   2          /* --- STC MCU Limited ------------------------------------------------*/
   3          /* --- STC 1T Series MCU Demo Programme -------------------------------*/
   4          /* --- Mobile: (86)13922805190 ----------------------------------------*/
   5          /* --- Fax: 86-0513-55012956,55012947,55012969 ------------------------*/
   6          /* --- Tel: 86-0513-55012928,55012929,55012966 ------------------------*/
   7          /* --- Web: www.STCMCU.com --------------------------------------------*/
   8          /* --- Web: www.STCMCUDATA.com  ---------------------------------------*/
   9          /* --- QQ:  800003751 -------------------------------------------------*/
  10          /* 如果要在程序中使用此代码,请在程序中注明使用了STC的资料及程序            */
  11          /*---------------------------------------------------------------------*/
  12          
  13          #include "PWM.h"
  14          
  15          u8 PWM_Configuration(u8 PWM, PWMx_InitDefine *PWMx)
  16          {
  17   1        if(PWM == PWMA)
  18   1        {
  19   2          EAXSFR();   /* MOVX A,@DPTR/MOVX @DPTR,A指令的操作对象为扩展SFR(XSFR) */
  20   2          
  21   2          if(PWMx->PWM1_SetPolity > Polity_3) return 2; //错误
  22   2          PWM1_Polity(PWMx->PWM1_SetPolity);  //指定中断优先级(低到高) Polity_0,Polity_1,Polity_2,Polity_3
  23   2          if(PWMx->PWM2_SetPolity > Polity_3) return 2; //错误
  24   2          PWM2_Polity(PWMx->PWM2_SetPolity);  //指定中断优先级(低到高) Polity_0,Polity_1,Polity_2,Polity_3
  25   2          if(PWMx->PWM3_SetPolity > Polity_3) return 2; //错误
  26   2          PWM3_Polity(PWMx->PWM3_SetPolity);  //指定中断优先级(低到高) Polity_0,Polity_1,Polity_2,Polity_3
  27   2          if(PWMx->PWM4_SetPolity > Polity_3) return 2; //错误
  28   2          PWM4_Polity(PWMx->PWM4_SetPolity);  //指定中断优先级(低到高) Polity_0,Polity_1,Polity_2,Polity_3
  29   2          
  30   2          PWMA_CCER1_Disable();   //关闭所有输入捕获/比较输出
  31   2          PWMA_CCER2_Disable();   //关闭所有输入捕获/比较输出
  32   2          PWMA_OC1ModeSet(PWMx->PWM1_Mode);   //设置输出比较模式
  33   2          PWMA_OC2ModeSet(PWMx->PWM2_Mode);   //设置输出比较模式
  34   2          PWMA_OC3ModeSet(PWMx->PWM3_Mode);   //设置输出比较模式
  35   2          PWMA_OC4ModeSet(PWMx->PWM4_Mode);   //设置输出比较模式
  36   2          if(PWMx->PWM_Reload == ENABLE)  PWMA_OC1_ReloadEnable();  //输出比较的预装载使能
  37   2          else    PWMA_OC1_RelosdDisable(); //禁止输出比较的预装载
  38   2          if(PWMx->PWM_Fast == ENABLE)  PWMA_OC1_FastEnable();    //输出比较快速功能使能
  39   2          else    PWMA_OC1_FastDisable(); //禁止输出比较快速功能
  40   2          
  41   2          if(PWMx->PWM_CC1Enable == ENABLE) PWMA_CC1E_Enable();     //开启输入捕获/比较输出
  42   2          else    PWMA_CC1E_Disable();  //关闭输入捕获/比较输出
  43   2          if(PWMx->PWM_CC1NEnable == ENABLE)  PWMA_CC1NE_Enable();  //开启输入捕获/比较输出
  44   2          else    PWMA_CC1NE_Disable(); //关闭输入捕获/比较输出
  45   2          if(PWMx->PWM_CC2Enable == ENABLE) PWMA_CC2E_Enable();     //开启输入捕获/比较输出
  46   2          else    PWMA_CC2E_Disable();  //关闭输入捕获/比较输出
  47   2          if(PWMx->PWM_CC2NEnable == ENABLE)  PWMA_CC2NE_Enable();  //开启输入捕获/比较输出
  48   2          else    PWMA_CC2NE_Disable(); //关闭输入捕获/比较输出
  49   2          if(PWMx->PWM_CC3Enable == ENABLE) PWMA_CC3E_Enable();     //开启输入捕获/比较输出
  50   2          else    PWMA_CC3E_Disable();  //关闭输入捕获/比较输出
  51   2          if(PWMx->PWM_CC3NEnable == ENABLE)  PWMA_CC3NE_Enable();  //开启输入捕获/比较输出
  52   2          else    PWMA_CC3NE_Disable(); //关闭输入捕获/比较输出
  53   2          if(PWMx->PWM_CC4Enable == ENABLE) PWMA_CC4E_Enable();     //开启输入捕获/比较输出
  54   2          else    PWMA_CC4E_Disable();  //关闭输入捕获/比较输出
C51 COMPILER V9.59.0.0   PWM                                                               09/18/2020 18:55:53 PAGE 2   

  55   2          if(PWMx->PWM_CC4NEnable == ENABLE)  PWMA_CC4NE_Enable();  //开启输入捕获/比较输出
  56   2          else    PWMA_CC4NE_Disable(); //关闭输入捕获/比较输出
  57   2          
  58   2          PWMA_AutoReload(PWMx->PWM_Period);
  59   2          PWMA_Duty1(PWMx->PWM1_Duty);
  60   2          PWMA_Duty2(PWMx->PWM2_Duty);
  61   2          PWMA_Duty3(PWMx->PWM3_Duty);
  62   2          PWMA_Duty4(PWMx->PWM4_Duty);
  63   2          
  64   2          PWMA_CCPCAPreloaded(PWMx->PWM_PreLoad); //捕获/比较预装载控制位(该位只对具有互补输出的通道起作用)
  65   2          PWMA_PS = PWMx->PWM_PS_SW;      //切换IO
  66   2          PWMA_ENO = PWMx->PWM_EnoSelect; //输出通道选择
  67   2          PWMA_DeadTime(PWMx->PWM_DeadTime);  //死区发生器设置
  68   2          
  69   2          if(PWMx->PWM_BrakeEnable == ENABLE) PWMA_BrakeEnable(); //开启刹车输入
  70   2          else    PWMA_BrakeDisable();    //禁止刹车输入
  71   2          if(PWMx->PWM_MainOutEnable == ENABLE) PWMA_BrakeOutputEnable(); //主输出使能
  72   2          else    PWMA_BrakeOutputDisable();    //主输出禁止
  73   2          if(PWMx->PWM_CEN_Enable == ENABLE)  PWMA_CEN_Enable();  //使能计数器
  74   2          else    PWMA_CEN_Disable();   //禁止计数器
  75   2          
  76   2          EAXRAM();   /* MOVX A,@DPTR/MOVX @DPTR,A指令的操作对象为扩展RAM(XRAM) */
  77   2          return  0;
  78   2        }
  79   1      
  80   1        if(PWM == PWMB)
  81   1        {
  82   2          EAXSFR();   /* MOVX A,@DPTR/MOVX @DPTR,A指令的操作对象为扩展SFR(XSFR) */
  83   2          
  84   2          if(PWMx->PWM5_SetPolity > Polity_3) return 2; //错误
  85   2          PWM5_Polity(PWMx->PWM5_SetPolity);  //指定中断优先级(低到高) Polity_0,Polity_1,Polity_2,Polity_3
  86   2          
  87   2          PWMB_CCER1_Disable();   //关闭所有输入捕获/比较输出
  88   2          PWMB_CCER2_Disable();   //关闭所有输入捕获/比较输出
  89   2          PWMB_OC5ModeSet(PWMx->PWM5_Mode);   //设置输出比较模式
  90   2          PWMB_OC6ModeSet(PWMx->PWM6_Mode);   //设置输出比较模式
  91   2          PWMB_OC7ModeSet(PWMx->PWM7_Mode);   //设置输出比较模式
  92   2          PWMB_OC8ModeSet(PWMx->PWM8_Mode);   //设置输出比较模式
  93   2          if(PWMx->PWM_Reload == ENABLE)  PWMB_OC5_ReloadEnable();  //输出比较的预装载使能
  94   2          else    PWMB_OC5_RelosdDisable(); //禁止输出比较的预装载
  95   2          if(PWMx->PWM_Fast == ENABLE)  PWMB_OC5_FastEnable();    //输出比较快速功能使能
  96   2          else    PWMB_OC5_FastDisable(); //禁止输出比较快速功能
  97   2          
  98   2          if(PWMx->PWM_CC5Enable == ENABLE) PWMB_CC5E_Enable();     //开启输入捕获/比较输出
  99   2          else    PWMB_CC5E_Disable();  //关闭输入捕获/比较输出
 100   2          if(PWMx->PWM_CC6Enable == ENABLE) PWMB_CC6E_Enable();     //开启输入捕获/比较输出
 101   2          else    PWMB_CC6E_Disable();  //关闭输入捕获/比较输出
 102   2          if(PWMx->PWM_CC7Enable == ENABLE) PWMB_CC7E_Enable();     //开启输入捕获/比较输出
 103   2          else    PWMB_CC7E_Disable();  //关闭输入捕获/比较输出
 104   2          if(PWMx->PWM_CC8Enable == ENABLE) PWMB_CC8E_Enable();     //开启输入捕获/比较输出
 105   2          else    PWMB_CC8E_Disable();  //关闭输入捕获/比较输出
 106   2          
 107   2          PWMB_AutoReload(PWMx->PWM_Period);
 108   2          PWMB_Duty5(PWMx->PWM5_Duty);
 109   2          PWMB_Duty6(PWMx->PWM6_Duty);
 110   2          PWMB_Duty7(PWMx->PWM7_Duty);
 111   2          PWMB_Duty8(PWMx->PWM8_Duty);
 112   2          
 113   2          PWMB_CCPCBPreloaded(PWMx->PWM_PreLoad); //捕获/比较预装载控制位(该位只对具有互补输出的通道起作用)
 114   2          PWMB_PS = PWMx->PWM_PS_SW;      //切换IO
 115   2          PWMB_ENO = PWMx->PWM_EnoSelect; //输出通道选择
 116   2          PWMB_DeadTime(PWMx->PWM_DeadTime);  //死区发生器设置
C51 COMPILER V9.59.0.0   PWM                                                               09/18/2020 18:55:53 PAGE 3   

 117   2          
 118   2          if(PWMx->PWM_BrakeEnable == ENABLE) PWMB_BrakeEnable(); //开启刹车输入
 119   2          else    PWMB_BrakeDisable();    //禁止刹车输入
 120   2          if(PWMx->PWM_MainOutEnable == ENABLE) PWMB_BrakeOutputEnable(); //主输出使能
 121   2          else    PWMB_BrakeOutputDisable();    //主输出禁止
 122   2          if(PWMx->PWM_CEN_Enable == ENABLE)  PWMB_CEN_Enable();  //使能计数器
 123   2          else    PWMB_CEN_Disable();   //禁止计数器
 124   2          
 125   2          EAXRAM();   /* MOVX A,@DPTR/MOVX @DPTR,A指令的操作对象为扩展RAM(XRAM) */
 126   2          return  0;
 127   2        }
 128   1      
 129   1        return  2;  //错误
 130   1      }
 131          
 132          /*********************************************************/
 133          
 134          /******************* PWM 占空比设置函数 *******************/
 135          void UpdatePwm(u8 PWM, PWMx_Duty *PWMx)
 136          {
 137   1        EAXSFR();   /* MOVX A,@DPTR/MOVX @DPTR,A指令的操作对象为扩展SFR(XSFR) */
 138   1      
 139   1        if(PWM == PWMA)
 140   1        {
 141   2          PWMA_Duty1(PWMx->PWM1_Duty);
 142   2          PWMA_Duty2(PWMx->PWM2_Duty);
 143   2          PWMA_Duty3(PWMx->PWM3_Duty);
 144   2          PWMA_Duty4(PWMx->PWM4_Duty);
 145   2        }
 146   1        else
 147   1        {
 148   2          PWMB_Duty5(PWMx->PWM5_Duty);
 149   2          PWMB_Duty6(PWMx->PWM6_Duty);
 150   2          PWMB_Duty7(PWMx->PWM7_Duty);
 151   2          PWMB_Duty8(PWMx->PWM8_Duty);
 152   2        }
 153   1        
 154   1        EAXRAM();   /* MOVX A,@DPTR/MOVX @DPTR,A指令的操作对象为扩展RAM(XRAM) */
 155   1      }
 156          
 157          /*********************************************************/


MODULE INFORMATION:   STATIC OVERLAYABLE
   CODE SIZE        =   1427    ----
   CONSTANT SIZE    =   ----    ----
   XDATA SIZE       =   ----    ----
   PDATA SIZE       =   ----    ----
   DATA SIZE        =   ----    ----
   IDATA SIZE       =   ----    ----
   BIT SIZE         =   ----    ----
END OF MODULE INFORMATION.


C51 COMPILATION COMPLETE.  0 WARNING(S),  0 ERROR(S)
