C51 COMPILER V9.60.0.0   MAIN                                                              06/19/2022 14:52:35 PAGE 1   


C51 COMPILER V9.60.0.0, COMPILATION OF MODULE MAIN
OBJECT MODULE PLACED IN .\Objects\main.obj
COMPILER INVOKED BY: d:\Keil_v5\C51\BIN\C51.EXE main.c OPTIMIZE(8,SPEED) BROWSE DEBUG OBJECTEXTEND PRINT(.\Listings\main
                    -.lst) TABS(2) OBJECT(.\Objects\main.obj)

line level    source

   1          #include <reg51.h>
   2          
   3          sbit P00 = P0 ^ 0;
   4          sbit P01 = P0 ^ 1;
   5          sbit P02 = P0 ^ 2;
   6          sbit P03 = P0 ^ 3;
   7          
   8          sfr AUXR = 0x8E;
   9          
  10          int busyT;
  11          int hasR;
  12          
  13          /*void initUART() {
  14            SCON = 0x50;
  15            TMOD = 0x20;
  16            TH1 = 0xFD;
  17            TR1 = 1;
  18            EA = 1;
  19            ES = 1;
  20          }*/
  21          
  22          // 9600bps@11.0592MHz
  23          void initUART(void) {
  24   1        PCON &= 0x7F;
  25   1        SCON = 0x50;
  26   1        AUXR &= 0xBF;
  27   1        AUXR &= 0xFE;
  28   1        TMOD &= 0x0F;
  29   1        TMOD |= 0x20;
  30   1        TL1 = 0xFD;
  31   1        TH1 = 0xFD;
  32   1        ET1 = 0;
  33   1        TR1 = 1;
  34   1        EA = 1;
  35   1        ES = 1;
  36   1      }
  37          
  38          
  39          void sendByte(char c) {
  40   1        while(busyT);
  41   1        SBUF = c;
  42   1        busyT = 1;
  43   1      }
  44          
  45          void sendStr(char * s) {
  46   1        while(*s) {
  47   2          sendByte(*s++);
  48   2        }
  49   1      }
  50          
  51          void s_interruption() interrupt 4 {
  52   1        
  53   1        if (RI) {
  54   2          RI = 0;
C51 COMPILER V9.60.0.0   MAIN                                                              06/19/2022 14:52:35 PAGE 2   

  55   2          P03 = 0;
  56   2          hasR = 1;
  57   2          P2 = SBUF;
  58   2          SBUF = P2;
  59   2          busyT = 1;
  60   2        }
  61   1        if (TI) {
  62   2          TI = 0;
  63   2          busyT = 0;
  64   2          P00 = 0;
  65   2        }
  66   1      }
  67          
  68          void send0f() {
  69   1        SBUF = 0x0f;
  70   1        P2 = SBUF;
  71   1        busyT = 1;
  72   1        while(busyT);
  73   1      }
  74          
  75          void main() {
  76   1        P00 = 1;
  77   1        P01 = 1;
  78   1        P02 = 1;
  79   1        P03 = 1;
  80   1        initUART();
  81   1        send0f();
  82   1        while(1) {
  83   2          while(!hasR);
  84   2          hasR = 0;
  85   2          sendStr("Some thing\r\n");
  86   2        }
  87   1      }


MODULE INFORMATION:   STATIC OVERLAYABLE
   CODE SIZE        =    178    ----
   CONSTANT SIZE    =     13    ----
   XDATA SIZE       =   ----    ----
   PDATA SIZE       =   ----    ----
   DATA SIZE        =      4       3
   IDATA SIZE       =   ----    ----
   BIT SIZE         =   ----    ----
END OF MODULE INFORMATION.


C51 COMPILATION COMPLETE.  0 WARNING(S),  0 ERROR(S)
