C51 COMPILER V9.60.7.0   MAIN                                                              05/05/2024 10:49:02 PAGE 1   


C51 COMPILER V9.60.7.0, COMPILATION OF MODULE MAIN
OBJECT MODULE PLACED IN .\Objects\main.obj
COMPILER INVOKED BY: D:\Keil_v5\C51\BIN\C51.EXE src\main.c OPTIMIZE(8,SPEED) BROWSE DEBUG OBJECTEXTEND PRINT(.\Listings\
                    -main.lst) TABS(2) OBJECT(.\Objects\main.obj)

line level    source

   1          #include "stc8a8k64d4.H"
   2          #include "STC8A_UART.h"
   3          #include "STC8A_Switch.h"
   4          #include "STC8A_NVIC.h"
   5          #include "delay.h"
   6          
   7          #include "stc8a_gpio.h"
   8          #include "typedef.h"
   9          #include "74HC595.h"
  10          
  11          void UART_Debuging_Config() {
  12   1        COMx_InitDefine COMx_InitStructure; //结构定义
  13   1        UART1_SW(UART1_SW_P30_P31);
  14   1        COMx_InitStructure.UART_Mode = UART_8bit_BRTx; //模式,   UART_ShiftRight,UART_8bit_BRTx,UART_9bit,UART_9b
             -it_BRTx
  15   1        COMx_InitStructure.UART_BRT_Use = BRT_Timer1; //使用波特率, BRT_Timer1, BRT_Timer2 (注意: 串口2固定使用BR
             -T_Timer2)
  16   1        COMx_InitStructure.UART_BaudRate = 9600ul; //波特率,     110 ~ 115200
  17   1        COMx_InitStructure.UART_RxEnable = ENABLE; //接收允许,   ENABLE或DISABLE
  18   1        UART_Configuration(UART1, &COMx_InitStructure); //初始化串口2 USART1,USART2,USART3,USART4
  19   1        NVIC_UART1_Init(ENABLE,Priority_1); //中断使能, ENABLE/DISABLE; 优先级(低到高) Priority_0,Priority_1,Prio
             -rity_2,Priority_3
  20   1        EA = 1;
  21   1      }
  22          
  23          void OLED_GPIO_Config() {
  24   1        GPIO_InitTypeDef conf;
  25   1        conf.Mode = GPIO_OUT_PP;
  26   1        conf.Pin = GPIO_Pin_0 | GPIO_Pin_1 | GPIO_Pin_2 | GPIO_Pin_3 | GPIO_Pin_4;
  27   1        GPIO_Inilize(GPIO_P4, &conf);
  28   1      }
  29          
  30          void C595_GPIO_Config() {
  31   1        GPIO_InitTypeDef conf;
  32   1        conf.Mode = GPIO_PullUp;
  33   1        
  34   1        conf.Pin = GPIO_Pin_5;
  35   1        GPIO_Inilize(GPIO_P5, &conf);
  36   1      
  37   1        conf.Pin = GPIO_Pin_6 | GPIO_Pin_7;
  38   1        GPIO_Inilize(GPIO_P3, &conf);
  39   1        
  40   1        conf.Pin = GPIO_Pin_1;
  41   1        GPIO_Inilize(GPIO_P4, &conf);
  42   1        
  43   1        conf.Pin = GPIO_Pin_0;
  44   1        GPIO_Inilize(GPIO_P2, &conf);
  45   1      }
  46          
  47          void C165_GPIO_Config() {
  48   1        GPIO_InitTypeDef conf;
  49   1        conf.Mode = GPIO_OUT_PP;
  50   1        conf.Pin = GPIO_Pin_5 | GPIO_Pin_6 | GPIO_Pin_7;
  51   1        GPIO_Inilize(GPIO_P1, &conf);
C51 COMPILER V9.60.7.0   MAIN                                                              05/05/2024 10:49:02 PAGE 2   

  52   1        
  53   1        
  54   1        conf.Pin = GPIO_Pin_4;
  55   1        GPIO_Inilize(GPIO_P4, &conf);
  56   1      }
  57          
  58          void main() {
  59   1        u8 led, ledg, ledb, ledr;
  60   1        UART_Debuging_Config();
  61   1      
  62   1        C595_GPIO_Config();
  63   1        // C165_GPIO_Config();
  64   1        
  65   1        ledg = 0x7f;
  66   1        ledr = 0xbf;
  67   1        ledb = 0xdf;
  68   1        led = ledr & ledb & ledg;
  69   1      
  70   1        stop_595();
  71   1        clear_595();
  72   1        keep_595();
  73   1        
  74   1        write_byte_595(led);
  75   1        flush_595();
  76   1      
  77   1        while(1) {
  78   2        }
  79   1      }


MODULE INFORMATION:   STATIC OVERLAYABLE
   CODE SIZE        =    180    ----
   CONSTANT SIZE    =   ----    ----
   XDATA SIZE       =   ----    ----
   PDATA SIZE       =   ----    ----
   DATA SIZE        =   ----      16
   IDATA SIZE       =   ----    ----
   BIT SIZE         =   ----    ----
END OF MODULE INFORMATION.


C51 COMPILATION COMPLETE.  0 WARNING(S),  0 ERROR(S)
