C51 COMPILER V9.60.7.0   MAIN                                                              05/12/2023 16:48:45 PAGE 1   


C51 COMPILER V9.60.7.0, COMPILATION OF MODULE MAIN
OBJECT MODULE PLACED IN .\Objects\main.obj
COMPILER INVOKED BY: D:\Keil_v5\C51\BIN\C51.EXE src\main.c OPTIMIZE(8,SPEED) BROWSE DEBUG OBJECTEXTEND PRINT(.\Listings\
                    -main.lst) TABS(2) OBJECT(.\Objects\main.obj)

line level    source

   1          #include "STC8A8K64D4.H"
   2          #include "STC8A_GPIO.H"
   3          #include "typedef.h"
   4          #include "G01_S.h"
   5          
   6          void GPIO_LED() {
   7   1        GPIO_InitTypeDef conf;
   8   1        conf.Mode = GPIO_OUT_PP;
   9   1        conf.Pin = GPIO_Pin_0 | GPIO_Pin_1;
  10   1        GPIO_Inilize(GPIO_P0, &conf);
  11   1      }
  12          
  13          void main() {
  14   1        bit exist;
  15   1        GPIO_LED();
  16   1        NRF24L01_GPIO_config();
  17   1        NRF24L01_Gpio_Init();
  18   1        
  19   1        exist = NRF24L01_check();
  20   1        
  21   1        P_LED1 = 1;
  22   1        P_LED2 = 1;
  23   1        if (exist) {
  24   2          P_LED2 = 0;
  25   2        }
  26   1        
  27   1        P_LED1 = 0;
  28   1        while(1) {
  29   2        }
  30   1      }


MODULE INFORMATION:   STATIC OVERLAYABLE
   CODE SIZE        =     44    ----
   CONSTANT SIZE    =   ----    ----
   XDATA SIZE       =   ----    ----
   PDATA SIZE       =   ----    ----
   DATA SIZE        =   ----       2
   IDATA SIZE       =   ----    ----
   BIT SIZE         =   ----       1
END OF MODULE INFORMATION.


C51 COMPILATION COMPLETE.  0 WARNING(S),  0 ERROR(S)
