C51 COMPILER V9.60.0.0   DELAY                                                             05/21/2022 17:54:15 PAGE 1   


C51 COMPILER V9.60.0.0, COMPILATION OF MODULE DELAY
OBJECT MODULE PLACED IN .\Objects\delay.obj
COMPILER INVOKED BY: d:\Keil_v5\C51\BIN\C51.EXE delay.c OPTIMIZE(8,SPEED) BROWSE DEBUG OBJECTEXTEND PRINT(.\Listings\del
                    -ay.lst) TABS(2) OBJECT(.\Objects\delay.obj)

line level    source

   1          #include "delay.h"
   2          
   3          /**
   4            * @brief :1MS延时函数
   5            * @param :
   6            * @note  :12MHz 下1MS延时
   7            * @retval:无
   8            */
   9          void delay_1ms() {
  10   1        uint16_t Ms = 1;
  11   1        uint32_t j = 80;
  12   1      
  13   1        while(Ms--) {
  14   2          while(j--);
  15   2        }
  16   1      }
  17          
  18          /**
  19            * @brief :MS延时函数
  20            * @param :
  21            *     @Ms:延时的MS数
  22            * @note  :无
  23            * @retval:无
  24            */
  25          void delay_ms(uint16_t Ms) {
  26   1        while(Ms--) {
  27   2          delay_1ms();
  28   2        }
  29   1      }


MODULE INFORMATION:   STATIC OVERLAYABLE
   CODE SIZE        =     54    ----
   CONSTANT SIZE    =   ----    ----
   XDATA SIZE       =   ----    ----
   PDATA SIZE       =   ----    ----
   DATA SIZE        =   ----    ----
   IDATA SIZE       =   ----    ----
   BIT SIZE         =   ----    ----
END OF MODULE INFORMATION.


C51 COMPILATION COMPLETE.  0 WARNING(S),  0 ERROR(S)
