C51 COMPILER V9.60.0.0   MAIN                                                              05/21/2022 17:54:15 PAGE 1   


C51 COMPILER V9.60.0.0, COMPILATION OF MODULE MAIN
OBJECT MODULE PLACED IN .\Objects\main.obj
COMPILER INVOKED BY: d:\Keil_v5\C51\BIN\C51.EXE main.c OPTIMIZE(8,SPEED) BROWSE DEBUG OBJECTEXTEND PRINT(.\Listings\main
                    -.lst) TABS(2) OBJECT(.\Objects\main.obj)

line level    source

   1          #include <reg51.h>
   2          #include <intrins.h>
   3          #include "G01_S.h"
   4          #include "delay.h"
   5          
   6          sbit P10 = P1 ^ 0;
   7          sbit P11 = P1 ^ 1;
   8          
   9          bit g_TX = 1;
  10          
  11          uint8_t g_send[8] = {~0x01, ~0x02, ~0x04, ~0x08, ~0x10, ~0x20, ~0x40, ~0x80};
  12          uint8_t g_rece[8];
  13          
  14          void main() {
  15   1        bit exist;
  16   1        P1 = 0xFF;
  17   1        NRF24L01_Gpio_Init();
  18   1      
  19   1        //检测nRF24L01
  20   1        exist = NRF24L01_check();
  21   1        if (exist) {
  22   2          P10 = 0;
  23   2      
  24   2          RF24L01_Init();
  25   2          
  26   2          _nop_();_nop_();_nop_();_nop_();_nop_();
  27   2          
  28   2          if (g_TX) {
  29   3            int i = 0;
  30   3            RF24L01_Set_Mode(MODE_TX); //发送模式
  31   3            for (i = 0; i < 8; ++i) {
  32   4              uint8_t res;
  33   4              uint8_t tx[1];
  34   4              tx[0] = g_send[i];
  35   4              P1 = tx[0];
  36   4              _nop_();_nop_();_nop_();_nop_();_nop_();
  37   4              res = NRF24L01_TxPacket((uint8_t *) tx, 1);
  38   4              delay_ms(3000);
  39   4              if (res != TX_OK) {
  40   5                P1 = res;
  41   5                delay_ms(3000);
  42   5              }
  43   4            }
  44   3          } else {
  45   3            RF24L01_Set_Mode(MODE_RX); //接收模式
  46   3            _nop_();_nop_();_nop_();_nop_();_nop_();
  47   3            P11 = 0;
  48   3            while(1) {
  49   4              uint8_t rx;
  50   4              rx = NRF24L01_RxPacket(g_rece); //接收字节
  51   4              if(0 != rx) {
  52   5                P1 = g_rece[0];
  53   5              }
  54   4            }
C51 COMPILER V9.60.0.0   MAIN                                                              05/21/2022 17:54:15 PAGE 2   

  55   3          }
  56   2        } else {
  57   2          P11 = 0;
  58   2        }
  59   1      
  60   1        while(1);
  61   1      }


MODULE INFORMATION:   STATIC OVERLAYABLE
   CODE SIZE        =    151    ----
   CONSTANT SIZE    =   ----    ----
   XDATA SIZE       =   ----    ----
   PDATA SIZE       =   ----    ----
   DATA SIZE        =     16       4
   IDATA SIZE       =   ----    ----
   BIT SIZE         =      1       1
END OF MODULE INFORMATION.


C51 COMPILATION COMPLETE.  0 WARNING(S),  0 ERROR(S)
