C51 COMPILER V9.60.0.0   SERVO                                                             09/11/2022 20:30:50 PAGE 1   


C51 COMPILER V9.60.0.0, COMPILATION OF MODULE SERVO
OBJECT MODULE PLACED IN .\Objects\servo.obj
COMPILER INVOKED BY: d:\Keil_v5\C51\BIN\C51.EXE src\servo.c LARGE OPTIMIZE(8,SPEED) BROWSE DEBUG OBJECTEXTEND PRINT(.\Li
                    -stings\servo.lst) TABS(2) OBJECT(.\Objects\servo.obj)

line level    source

   1          #include "servo.h"
   2          #include "stc8a_timer.h"
   3          #include "stc8a_nvic.h"
   4          
   5          xdata int g_servo_timer;
   6          xdata int g_target_timer = -1;
   7          xdata int g_future_timer;
   8          
   9          // 11.0592 MHz 8bit auto load. value: 0x91 for 10us
  10          void Timer_config() {
  11   1        TIM_InitTypeDef TIM_InitStructure;            //结构定义
  12   1        TIM_InitStructure.TIM_Mode = TIM_8BitAutoReload;  //指定工作模式,   TIM_16BitAutoReload,TIM_16Bit,TIM_8Bit
             -AutoReload,TIM_16BitAutoReloadNoMask
  13   1        TIM_InitStructure.TIM_ClkSource = TIM_CLOCK_1T;   //指定时钟源,     TIM_CLOCK_1T,TIM_CLOCK_12T,TIM_CLOCK_E
             -xt
  14   1        TIM_InitStructure.TIM_ClkOut = DISABLE;       //是否输出高速脉冲, ENABLE或DISABLE
  15   1        TIM_InitStructure.TIM_Value = 65536UL - (MAIN_Fosc / 100000UL);   //初值,
  16   1        TIM_InitStructure.TIM_Run = ENABLE;         //是否初始化后启动定时器, ENABLE或DISABLE
  17   1        Timer_Inilize(Timer0, &TIM_InitStructure);          //初始化Timer0    Timer0,Timer1,Timer2,Timer3,Timer4
  18   1        TL0 = 0x91;
  19   1        TH0 = 0x91;
  20   1        NVIC_Timer0_Init(ENABLE, Priority_0);   //中断使能, ENABLE/DISABLE; 优先级(低到高) Priority_0,Priority_1,P
             -riority_2,Priority_3
  21   1        
  22   1        EA = 1;
  23   1      }
  24          
  25          void Servo_Init() {
  26   1        Timer_config();
  27   1        g_target_timer = 0;
  28   1        g_servo_timer = 0;
  29   1      }
  30          
  31          void Servo_Set_Target_Degree(int td) {
  32   1        g_future_timer = td * 10 / 9.0f + 50 + 0.000001f;
  33   1        if (g_target_timer < 0) {
  34   2          g_target_timer = g_future_timer;
  35   2        }
  36   1      }
  37          
  38          void Servo_Timer_10us_Callback() {
  39   1        if (g_servo_timer < g_target_timer) {
  40   2          SET_CONTROL();
  41   2        } else {
  42   2          CLR_CONTROL();
  43   2        }
  44   1      
  45   1        g_servo_timer++;
  46   1        if (g_servo_timer > MAX_SERVO_TIMER_10US) {
  47   2          g_target_timer = g_future_timer;
  48   2          g_servo_timer = 0;
  49   2        }
  50   1      }

C51 COMPILER V9.60.0.0   SERVO                                                             09/11/2022 20:30:50 PAGE 2   


MODULE INFORMATION:   STATIC OVERLAYABLE
   CODE SIZE        =    227    ----
   CONSTANT SIZE    =   ----    ----
   XDATA SIZE       =      6       6
   PDATA SIZE       =   ----    ----
   DATA SIZE        =   ----    ----
   IDATA SIZE       =   ----    ----
   BIT SIZE         =   ----    ----
END OF MODULE INFORMATION.


C51 COMPILATION COMPLETE.  0 WARNING(S),  0 ERROR(S)
