C51 COMPILER V9.60.7.0   DTOS                                                              03/16/2024 19:22:01 PAGE 1   


C51 COMPILER V9.60.7.0, COMPILATION OF MODULE DTOS
OBJECT MODULE PLACED IN .\Objects\dtos.obj
COMPILER INVOKED BY: D:\Keil_v5\C51\BIN\C51.EXE src\dtos.c OPTIMIZE(8,SPEED) BROWSE DEBUG OBJECTEXTEND PRINT(.\Listings\
                    -dtos.lst) TABS(2) OBJECT(.\Objects\dtos.obj)

line level    source

   1          #include "dtos.h"
   2          
   3          unsigned char intToS(int v, char * out, unsigned char maxL) {
   4   1        xdata int lplus = 0;
   5   1        if (v < 0) {
   6   2          v = -v;
   7   2          out[0] = '-';
   8   2          out = out + 1;
   9   2          maxL = maxL - 1;
  10   2          lplus = 1;
  11   2        }
  12   1        return uintToS(v, out, maxL) + lplus;
  13   1      }
  14          
  15          unsigned char uintToS(unsigned int v, char * out, unsigned char maxL) {
  16   1        xdata unsigned char maxD;
  17   1        xdata t[MAX_INT_CNT];
  18   1        xdata unsigned char i;
  19   1        xdata unsigned char j;
  20   1        if (v == 0) {
  21   2          out[0] = '0';
  22   2          out[1] = 0;
  23   2          return 1;
  24   2        }
  25   1        if (maxL > MAX_INT_CNT) {
  26   2          maxL = MAX_INT_CNT;
  27   2        }
  28   1        maxD = maxL - 1;
  29   1        for (i = 0; v; ++i) {
  30   2          unsigned char c = v % 10;
  31   2          t[i] = '0' + c;
  32   2          v /= 10;
  33   2        }
  34   1        for (j = 0; j < maxD && i; ++j, --i) {
  35   2          out[j] = t[i - 1];
  36   2        }
  37   1        out[j] = 0;
  38   1        return j;
  39   1      }
  40          
  41          
  42          unsigned char floatToS(float v, char * out, unsigned char maxL) {
  43   1        return floatToSS(v, out, maxL, 4);
  44   1      }
  45          
  46          unsigned char floatToSS(float v, char * out, unsigned char maxL, unsigned char s) {
  47   1        xdata unsigned int t;
  48   1        xdata unsigned char len = 0;
  49   1        xdata char l;
  50   1        if (s > MAX_FLOAT_SIGNIFICANT_FRACTION) {
  51   2          s = MAX_FLOAT_SIGNIFICANT_FRACTION;
  52   2        }
  53   1        if (v < 0) {
  54   2          out[0] = '-';
C51 COMPILER V9.60.7.0   DTOS                                                              03/16/2024 19:22:01 PAGE 2   

  55   2          out = out + 1;
  56   2          len = 1;
  57   2          v = -v;
  58   2        }
  59   1        t = (int) v;
  60   1        v -= t;
  61   1        l = uintToS(t, out, maxL);
  62   1        len += l;
  63   1        out += l;
  64   1        out[0] = '.';
  65   1        out += 1;
  66   1        ++len;
  67   1      
  68   1        maxL = maxL - len - 1;
  69   1        if (maxL <= 0) {
  70   2          return len;
  71   2        }
  72   1      
  73   1        if (s == 0) {
  74   2          out[0] = 0;
  75   2          return len;
  76   2        } else {
  77   2          unsigned char temp[MAX_FLOAT_SIGNIFICANT_FRACTION];
  78   2          bit last0 = 1;
  79   2          for (l = 0; l < maxL && l < s; ++l) {
  80   3            v *= 10;
  81   3            temp[l] = (unsigned char) v;
  82   3            v = v - temp[l];
  83   3          }
  84   2          len += l;
  85   2          out[l] = 0;
  86   2          --l;
  87   2          for (; l >= 0; --l) {
  88   3            if (l == 0 && last0) {
  89   4              out[l] = '0' + temp[l];
  90   4            } else if (last0 && temp[l] == 0) {
  91   4              --len;
  92   4              out[l] = 0;
  93   4            } else {
  94   4              last0 = 0;
  95   4              out[l] = '0' + temp[l];
  96   4            }
  97   3          }
  98   2        }
  99   1        return len;
 100   1      }


MODULE INFORMATION:   STATIC OVERLAYABLE
   CODE SIZE        =    828    ----
   CONSTANT SIZE    =   ----    ----
   XDATA SIZE       =   ----      23
   PDATA SIZE       =   ----    ----
   DATA SIZE        =   ----      36
   IDATA SIZE       =   ----    ----
   BIT SIZE         =   ----       1
END OF MODULE INFORMATION.


C51 COMPILATION COMPLETE.  0 WARNING(S),  0 ERROR(S)
