C51 COMPILER V9.60.7.0   74HC165                                                           06/03/2024 22:31:21 PAGE 1   


C51 COMPILER V9.60.7.0, COMPILATION OF MODULE 74HC165
OBJECT MODULE PLACED IN .\Objects\74HC165.obj
COMPILER INVOKED BY: D:\Keil_v5\C51\BIN\C51.EXE src\74HC165.c OPTIMIZE(8,SPEED) BROWSE DEBUG OBJECTEXTEND PRINT(.\Listin
                    -gs\74HC165.lst) TABS(2) OBJECT(.\Objects\74HC165.obj)

line level    source

   1          #include "74hc165.h"
   2          #include "code_lib.h"
   3          #include "STC8A_UART.h"
   4          
   5          u8 read_keys(u8 keys[CNT_MAX_READ_NORM_KEY]) {
   6   1        xdata u8 dat_165[CNT_MAX_165], keys_l;
   7   1        xdata u8 i;
   8   1        load_data_165();
   9   1        for (i = 0; i < CNT_165; ++i) {
  10   2          dat_165[i] = read_byte_165();
  11   2        }
  12   1        
  13   1        keys_l = 0;
  14   1        for (i = 0; i < CNT_165; ++i) {
  15   2          if (dat_165[i] != 0xff) {
  16   3            xdata u8 f = 0x01;
  17   3            while (f) {
  18   4              if ((dat_165[i] & f) == 0) {
  19   5                keys[keys_l++] = code_165_to_9239(i, f);
  20   5                if (keys_l >= CNT_MAX_READ_NORM_KEY) {
  21   6                  return keys_l;
  22   6                }
  23   5              }
  24   4              f = f << 1;
  25   4            }
  26   3          }
  27   2        }
  28   1        return keys_l;
  29   1      }
  30          
  31          void load_data_165() {
  32   1        P_165_PL = 0;
  33   1      }
  34          
  35          u8 read_byte_165() {
  36   1        u8 d = 0;
  37   1        P_165_PL = 1;
  38   1        P_165_CE = 0;
  39   1        
  40   1        
  41   1        
  42   1        P_165_CP = 0;
  43   1        d |= P_165_Q7;
  44   1        d <<= 1;
  45   1        P_165_CP = 1;
  46   1      
  47   1        P_165_CP = 0;
  48   1        d |= P_165_Q7;
  49   1        d <<= 1;
  50   1        P_165_CP = 1;
  51   1      
  52   1        P_165_CP = 0;
  53   1        d |= P_165_Q7;
  54   1        d <<= 1;
C51 COMPILER V9.60.7.0   74HC165                                                           06/03/2024 22:31:21 PAGE 2   

  55   1        P_165_CP = 1;
  56   1      
  57   1        P_165_CP = 0;
  58   1        d |= P_165_Q7;
  59   1        d <<= 1;
  60   1        P_165_CP = 1;
  61   1      
  62   1        P_165_CP = 0;
  63   1        d |= P_165_Q7;
  64   1        d <<= 1;
  65   1        P_165_CP = 1;
  66   1      
  67   1        P_165_CP = 0;
  68   1        d |= P_165_Q7;
  69   1        d <<= 1;
  70   1        P_165_CP = 1;
  71   1      
  72   1        P_165_CP = 0;
  73   1        d |= P_165_Q7;
  74   1        d <<= 1;
  75   1        P_165_CP = 1;
  76   1      
  77   1        P_165_CP = 0;
  78   1        d |= P_165_Q7;
  79   1        _nop_();
  80   1        P_165_CP = 1;
  81   1        
  82   1        P_165_CE = 1;
  83   1        return d;
  84   1      }


MODULE INFORMATION:   STATIC OVERLAYABLE
   CODE SIZE        =   1005    ----
   CONSTANT SIZE    =   ----    ----
   XDATA SIZE       =   ----      14
   PDATA SIZE       =   ----    ----
   DATA SIZE        =   ----       4
   IDATA SIZE       =   ----    ----
   BIT SIZE         =   ----    ----
END OF MODULE INFORMATION.


C51 COMPILATION COMPLETE.  0 WARNING(S),  0 ERROR(S)
