C51 COMPILER V9.60.7.0   MAIN                                                              03/01/2024 23:28:09 PAGE 1   


C51 COMPILER V9.60.7.0, COMPILATION OF MODULE MAIN
OBJECT MODULE PLACED IN .\Objects\main.obj
COMPILER INVOKED BY: D:\Keil_v5\C51\BIN\C51.EXE src\main.c OPTIMIZE(8,SPEED) BROWSE DEBUG OBJECTEXTEND PRINT(.\Listings\
                    -main.lst) TABS(2) OBJECT(.\Objects\main.obj)

line level    source

   1          #include "stc8a8k64d4.H"
   2          #include "stc8a_gpio.H"
   3          #include "stc8a_spi.h"
   4          #include "stc8a_nvic.h"
   5          #include "typedef.h"
   6          #include "oled12864.h"
   7          #include "uart.h"
   8          
   9          void OLED_GPIO_Config() {
  10   1        GPIO_InitTypeDef conf;
  11   1        conf.Mode = GPIO_PullUp;
  12   1        conf.Pin = GPIO_Pin_0 | GPIO_Pin_1 | GPIO_Pin_2;
  13   1        GPIO_Inilize(GPIO_P0, &conf);
  14   1      
  15   1        conf.Mode = GPIO_PullUp;
  16   1        conf.Pin = GPIO_Pin_7 | GPIO_Pin_6;
  17   1        GPIO_Inilize(GPIO_P2, &conf);
  18   1      }
  19          
  20          void OLED12864_Init() {
  21   1        OLED_GPIO_Config();
  22   1        OLED_Init();
  23   1      }
  24          
  25          void LED_GPIO_Config() {
  26   1        GPIO_InitTypeDef conf;
  27   1        conf.Mode = GPIO_PullUp;
  28   1        conf.Pin = GPIO_Pin_7;
  29   1        GPIO_Inilize(GPIO_P1, &conf);
  30   1      
  31   1        conf.Mode = GPIO_PullUp;
  32   1        conf.Pin = GPIO_Pin_5;
  33   1        GPIO_Inilize(GPIO_P5, &conf);
  34   1      
  35   1        conf.Mode = GPIO_PullUp;
  36   1        conf.Pin = GPIO_Pin_0;
  37   1        GPIO_Inilize(GPIO_P4, &conf);
  38   1      }
  39          
  40          void GPIO_Config() {
  41   1        GPIO_InitTypeDef conf;
  42   1        conf.Mode = GPIO_OUT_PP;
  43   1        conf.Pin = GPIO_Pin_0 | GPIO_Pin_1 | GPIO_Pin_2 | GPIO_Pin_3 | GPIO_Pin_4 | GPIO_Pin_5 | GPIO_Pin_6;
  44   1        GPIO_Inilize(GPIO_P1, &conf);
  45   1      
  46   1        conf.Mode = GPIO_OUT_PP;
  47   1        conf.Pin = GPIO_Pin_4;
  48   1        GPIO_Inilize(GPIO_P4, &conf);
  49   1      }
  50          
  51          void main() {
  52   1        u8 buf[] = {0xfe, 0x12, 0x34, 0x56, 0x70, 0x9a, 0xbc, 0xd0};
  53   1        OLED12864_Init();
  54   1        OLED_ShowString(0, 0, "121212121212");
C51 COMPILER V9.60.7.0   MAIN                                                              03/01/2024 23:28:09 PAGE 2   

  55   1        OLED_ShowString8(0, 2, "123ABC.,m<>?abcdefghijkl");
  56   1        OLED_ShowHexBuf8(0, 4, buf, 8);
  57   1        
  58   1        LED_GPIO_Config();
  59   1        
  60   1        P_LED_1 = 0;
  61   1        P_LED_2 = 0;
  62   1        P_LED_3 = 0;
  63   1      
  64   1        while(1) {
  65   2        }
  66   1      }


MODULE INFORMATION:   STATIC OVERLAYABLE
   CODE SIZE        =    193    ----
   CONSTANT SIZE    =     46    ----
   XDATA SIZE       =   ----    ----
   PDATA SIZE       =   ----    ----
   DATA SIZE        =   ----      14
   IDATA SIZE       =   ----    ----
   BIT SIZE         =   ----    ----
END OF MODULE INFORMATION.


C51 COMPILATION COMPLETE.  0 WARNING(S),  0 ERROR(S)
