C51 COMPILER V9.60.7.0   MAIN                                                              06/18/2023 09:46:33 PAGE 1   


C51 COMPILER V9.60.7.0, COMPILATION OF MODULE MAIN
OBJECT MODULE PLACED IN .\Objects\main.obj
COMPILER INVOKED BY: D:\Keil_v5\C51\BIN\C51.EXE src\main.c OPTIMIZE(8,SPEED) BROWSE DEBUG OBJECTEXTEND PRINT(.\Listings\
                    -main.lst) TABS(2) OBJECT(.\Objects\main.obj)

line level    source

   1          #include "stc8a8k64d4.H"
   2          #include "stc8a_gpio.H"
   3          #include "stc8a_spi.h"
   4          #include "stc8a_nvic.h"
   5          #include "typedef.h"
   6          #include "oled12864.h"
   7          #include "uart.h"
   8          #include "stc8a_adc.h"
   9          #include "stc8a_switch.h"
  10          #include "dtos.h"
  11          #include "G01_S.h"
  12          
  13          void OLED_GPIO_Config() {
  14   1        xdata GPIO_InitTypeDef conf;
  15   1        conf.Mode = GPIO_PullUp;
  16   1        conf.Pin = GPIO_Pin_4 | GPIO_Pin_5 | GPIO_Pin_6 | GPIO_Pin_7;
  17   1        GPIO_Inilize(GPIO_P1, &conf);
  18   1        
  19   1        conf.Pin = GPIO_Pin_4;
  20   1        GPIO_Inilize(GPIO_P4, &conf);
  21   1      }
  22          
  23          void OLED12864_Init() {
  24   1        OLED_GPIO_Config();
  25   1        OLED_Init();
  26   1      }
  27          
  28          void MOTOR_GPIO_Config() {
  29   1        xdata GPIO_InitTypeDef conf;
  30   1        // conf.Mode = GPIO_OUT_PP;
  31   1        conf.Mode = GPIO_PullUp;
  32   1        conf.Pin = GPIO_Pin_All;
  33   1        GPIO_Inilize(GPIO_P6, &conf);
  34   1        
  35   1        conf.Pin = GPIO_Pin_0 | GPIO_Pin_1 | GPIO_Pin_2 | GPIO_Pin_3;
  36   1        GPIO_Inilize(GPIO_P7, &conf);
  37   1        
  38   1        conf.Pin = GPIO_Pin_0;
  39   1        GPIO_Inilize(GPIO_P2, &conf);
  40   1        
  41   1        conf.Pin = GPIO_Pin_0;
  42   1        GPIO_Inilize(GPIO_P4, &conf);
  43   1      }
  44          
  45          void KEY_GPIO_Config() {
  46   1        xdata GPIO_InitTypeDef conf;
  47   1        conf.Mode = GPIO_PullUp;
  48   1        conf.Pin = GPIO_Pin_5;
  49   1        GPIO_Inilize(GPIO_P5, &conf);
  50   1      
  51   1        conf.Pin = GPIO_Pin_1;
  52   1        GPIO_Inilize(GPIO_P4, &conf);
  53   1      
  54   1        conf.Pin = GPIO_Pin_4 | GPIO_Pin_5 | GPIO_Pin_6;
C51 COMPILER V9.60.7.0   MAIN                                                              06/18/2023 09:46:33 PAGE 2   

  55   1        GPIO_Inilize(GPIO_P7, &conf);
  56   1      }
  57          
  58          void ADC_Init(void) {
  59   1        xdata ADC_InitTypeDef ADC_InitStructure;    //结构定义
  60   1        ADC_InitStructure.ADC_SMPduty = 31;   //ADC 模拟信号采样时间控制, 0~31（注意： SMPDUTY 一定不能设置小于 10
             -）
  61   1        ADC_InitStructure.ADC_CsSetup = 0;    //ADC 通道选择时间控制 0(默认),1
  62   1        ADC_InitStructure.ADC_CsHold = 1;   //ADC 通道选择保持时间控制 0,1(默认),2,3
  63   1        ADC_InitStructure.ADC_Speed = ADC_SPEED_2X1T;   //设置 ADC 工作时钟频率 ADC_SPEED_2X1T~ADC_SPEED_2X16T
  64   1        ADC_InitStructure.ADC_AdjResult = ADC_RIGHT_JUSTIFIED;  //ADC结果调整,  ADC_LEFT_JUSTIFIED,ADC_RIGHT_JUSTIF
             -IED
  65   1        ADC_Inilize(&ADC_InitStructure);    //初始化
  66   1        ADC_PowerControl(ENABLE);           //ADC电源开关, ENABLE或DISABLE
  67   1        // NVIC_ADC_Init(DISABLE, Priority_0);    //中断使能, ENABLE/DISABLE; 优先级(低到高) Priority_0,Priority_1,
             -Priority_2,Priority_3
  68   1      }
  69          
  70          void main() {
  71   1        bit exist;
  72   1        
  73   1        OLED12864_Init();
  74   1      
  75   1        NRF24L01_GPIO_config();
  76   1        NRF24L01_Gpio_Init();
  77   1      
  78   1        OLED_ShowString(0, 0, "CHECK MODULE...");
  79   1        exist = NRF24L01_check();
  80   1        
  81   1        if (exist) {
  82   2          OLED_ShowString(0, 2, "DONE");
  83   2        } else {
  84   2          OLED_ShowString(0, 2, "NOT EXIST");
  85   2        }
  86   1        
  87   1        
  88   1        P_G01_S_CE = 0;
  89   1        P_G01_S_CSN = 1;
  90   1        P_G01_S_SCK = 0;
  91   1        P_G01_S_MOSI = 1;
  92   1        P_G01_S_MISO = 0;
  93   1        P_G01_S_IRQ = 1;
  94   1      
  95   1        while(1) {
  96   2        }
  97   1      }


MODULE INFORMATION:   STATIC OVERLAYABLE
   CODE SIZE        =    263    ----
   CONSTANT SIZE    =     31    ----
   XDATA SIZE       =   ----      11
   PDATA SIZE       =   ----    ----
   DATA SIZE        =   ----    ----
   IDATA SIZE       =   ----    ----
   BIT SIZE         =   ----       1
END OF MODULE INFORMATION.


C51 COMPILATION COMPLETE.  0 WARNING(S),  0 ERROR(S)
