C51 COMPILER V9.59.0.0   APP_WDT                                                           06/10/2021 10:21:38 PAGE 1   


C51 COMPILER V9.59.0.0, COMPILATION OF MODULE APP_WDT
OBJECT MODULE PLACED IN .\list\APP_WDT.obj
COMPILER INVOKED BY: C:\Keil_v5\C51\BIN\C51.EXE ..\App\src\APP_WDT.c LARGE OMF2 OPTIMIZE(8,SPEED) BROWSE INCDIR(..\Drive
                    -r\inc;..\User;..\App\inc) DEBUG PRINT(.\list\APP_WDT.lst) TABS(2) OBJECT(.\list\APP_WDT.obj)

line level    source

   1          /*---------------------------------------------------------------------*/
   2          /* --- STC MCU Limited ------------------------------------------------*/
   3          /* --- STC 1T Series MCU Demo Programme -------------------------------*/
   4          /* --- Mobile: (86)13922805190 ----------------------------------------*/
   5          /* --- Fax: 86-0513-55012956,55012947,55012969 ------------------------*/
   6          /* --- Tel: 86-0513-55012928,55012929,55012966 ------------------------*/
   7          /* --- Web: www.STCMCU.com --------------------------------------------*/
   8          /* --- Web: www.STCMCUDATA.com  ---------------------------------------*/
   9          /* --- QQ:  800003751 -------------------------------------------------*/
  10          /* 如果要在程序中使用此代码,请在程序中注明使用了STC的资料及程序            */
  11          /*---------------------------------------------------------------------*/
  12          
  13          #include  "APP.h"
  14          #include  "STC8A_WDT.h"
  15          
  16          /*************   功能说明   ***************
  17          
  18          5秒后不喂狗, 等待看门狗复位.
  19          
  20          下载时, 选择时钟 24MHz (用户可在"config.h"修改频率).
  21          
  22          ******************************************/
  23          
  24          //========================================================================
  25          //                               本地常量声明 
  26          //========================================================================
  27          
  28          
  29          //========================================================================
  30          //                               本地变量声明
  31          //========================================================================
  32          
  33          
  34          //========================================================================
  35          //                               本地函数声明
  36          //========================================================================
  37          
  38          
  39          //========================================================================
  40          //                            外部函数和变量声明
  41          //========================================================================
  42          
  43          
  44          //========================================================================
  45          // 函数: WDT_init
  46          // 描述: 用户初始化程序.
  47          // 参数: None.
  48          // 返回: None.
  49          // 版本: V1.0, 2020-09-28
  50          //========================================================================
  51          void WDT_init(void)
  52          {
  53   1        WDT_InitTypeDef WDT_InitStructure;          //结构定义
  54   1      
C51 COMPILER V9.59.0.0   APP_WDT                                                           06/10/2021 10:21:38 PAGE 2   

  55   1        WDT_InitStructure.WDT_Enable     = ENABLE;          //中断使能   ENABLE或DISABLE
  56   1        WDT_InitStructure.WDT_IDLE_Mode  = WDT_IDLE_STOP;   //IDLE模式是否停止计数    WDT_IDLE_STOP,WDT_IDLE_RUN
  57   1        WDT_InitStructure.WDT_PS         = WDT_SCALE_256;   //看门狗定时器时钟分频系数    WDT_SCALE_2,WDT_SCALE_4,WD
             -T_SCALE_8,WDT_SCALE_16,WDT_SCALE_32,WDT_SCALE_64,WDT_SCALE_128,WDT_SCALE_256
  58   1        WDT_Inilize(&WDT_InitStructure);          //初始化
  59   1        
  60   1        msecond = 0;
  61   1        second = 0;
  62   1      }
  63          
  64          //========================================================================
  65          // 函数: Sample_WDT
  66          // 描述: 用户应用程序.
  67          // 参数: None.
  68          // 返回: None.
  69          // 版本: V1.0, 2020-09-28
  70          //========================================================================
  71          void Sample_WDT(void)
  72          {
  73   1        if(second <= 5)   //5秒后不喂狗, 将复位,
  74   1          WDT_Clear();    // 喂狗
  75   1      
  76   1        if(++msecond >= 10)
  77   1        {
  78   2          msecond = 0;
  79   2          second++;
  80   2        }
  81   1      }
  82          


MODULE INFORMATION:   STATIC OVERLAYABLE
   CODE SIZE        =     85    ----
   CONSTANT SIZE    =   ----    ----
   XDATA SIZE       =   ----       3
   PDATA SIZE       =   ----    ----
   DATA SIZE        =   ----    ----
   IDATA SIZE       =   ----    ----
   BIT SIZE         =   ----    ----
   EDATA SIZE       =   ----    ----
   HDATA SIZE       =   ----    ----
   XDATA CONST SIZE =   ----    ----
   FAR CONST SIZE   =   ----    ----
END OF MODULE INFORMATION.


C51 COMPILATION COMPLETE.  0 WARNING(S),  0 ERROR(S)
