C51 COMPILER V9.60.7.0   MAIN                                                              04/12/2024 22:30:13 PAGE 1   


C51 COMPILER V9.60.7.0, COMPILATION OF MODULE MAIN
OBJECT MODULE PLACED IN .\Objects\main.obj
COMPILER INVOKED BY: D:\Keil_v5\C51\BIN\C51.EXE src\main.c OPTIMIZE(8,SPEED) BROWSE DEBUG OBJECTEXTEND PRINT(.\Listings\
                    -main.lst) TABS(2) OBJECT(.\Objects\main.obj)

line level    source

   1          #include "stc8a8k64d4.H"
   2          #include "stc8a_gpio.H"
   3          #include "stc8a_spi.h"
   4          #include "stc8a_nvic.h"
   5          #include "typedef.h"
   6          #include "oled12864.h"
   7          #include "uart.h"
   8          #include "74HC595.h"
   9          
  10          #define BUF_LEN_595 2
  11          u8 g_buf_595[BUF_LEN_595];
  12          
  13          void OLED_GPIO_Config() {
  14   1        GPIO_InitTypeDef conf;
  15   1        conf.Mode = GPIO_OUT_PP;
  16   1        conf.Pin = GPIO_Pin_0 | GPIO_Pin_1 | GPIO_Pin_2 | GPIO_Pin_3 | GPIO_Pin_4;
  17   1        GPIO_Inilize(GPIO_P4, &conf);
  18   1      }
  19          
  20          void OLED_12864_Init() {
  21   1        OLED_GPIO_Config();
  22   1        OLED_Init();
  23   1      }
  24          
  25          void LED_GPIO_Init() {
  26   1        GPIO_InitTypeDef conf;
  27   1        conf.Mode = GPIO_OUT_PP;
  28   1        conf.Pin = GPIO_Pin_7;
  29   1        GPIO_Inilize(GPIO_P0, &conf);
  30   1      }
  31          
  32          void C595_GPIO_Config() {
  33   1        GPIO_InitTypeDef conf;
  34   1        conf.Mode = GPIO_OUT_PP;
  35   1        conf.Pin = GPIO_Pin_2 | GPIO_Pin_3;
  36   1        GPIO_Inilize(GPIO_P3, &conf);
  37   1        
  38   1        
  39   1        conf.Pin = GPIO_Pin_0;
  40   1        GPIO_Inilize(GPIO_P4, &conf);
  41   1        
  42   1        
  43   1        conf.Pin = GPIO_Pin_4 | GPIO_Pin_5;
  44   1        GPIO_Inilize(GPIO_P5, &conf);
  45   1      }
  46          
  47          void C165_GPIO_Config() {
  48   1        GPIO_InitTypeDef conf;
  49   1        conf.Mode = GPIO_OUT_PP;
  50   1        conf.Pin = GPIO_Pin_5 | GPIO_Pin_6 | GPIO_Pin_7;
  51   1        GPIO_Inilize(GPIO_P1, &conf);
  52   1        
  53   1        
  54   1        conf.Pin = GPIO_Pin_4;
C51 COMPILER V9.60.7.0   MAIN                                                              04/12/2024 22:30:13 PAGE 2   

  55   1        GPIO_Inilize(GPIO_P4, &conf);
  56   1      }
  57          
  58          void main() {
  59   1        LED_GPIO_Init();
  60   1        C595_GPIO_Config();
  61   1        C165_GPIO_Config();
  62   1        
  63   1        
  64   1        g_buf_595[0] = 0xff - 0x04 - 0x02;
  65   1        g_buf_595[1] = 0xff;
  66   1      
  67   1        stop_595();
  68   1        // clear_595();
  69   1        // keep_595();
  70   1        
  71   1        write_byte_595(g_buf_595[0]);
  72   1        write_byte_595(g_buf_595[1]);
  73   1        flush_595();
  74   1        
  75   1      
  76   1        while(1) {
  77   2        }
  78   1      }


MODULE INFORMATION:   STATIC OVERLAYABLE
   CODE SIZE        =    149    ----
   CONSTANT SIZE    =   ----    ----
   XDATA SIZE       =   ----    ----
   PDATA SIZE       =   ----    ----
   DATA SIZE        =      2       8
   IDATA SIZE       =   ----    ----
   BIT SIZE         =   ----    ----
END OF MODULE INFORMATION.


C51 COMPILATION COMPLETE.  0 WARNING(S),  0 ERROR(S)
