C51 COMPILER V9.60.7.0   74HC595                                                           05/05/2024 09:56:21 PAGE 1   


C51 COMPILER V9.60.7.0, COMPILATION OF MODULE 74HC595
OBJECT MODULE PLACED IN .\Objects\74HC595.obj
COMPILER INVOKED BY: D:\Keil_v5\C51\BIN\C51.EXE src\74HC595.c OPTIMIZE(8,SPEED) BROWSE DEBUG OBJECTEXTEND PRINT(.\Listin
                    -gs\74HC595.lst) TABS(2) OBJECT(.\Objects\74HC595.obj)

line level    source

   1          #include "74hc595.h"
   2          
   3          void stop_595() {
   4   1        P_595_G = 1;
   5   1      }
   6          
   7          void clear_595() {
   8   1        P_595_SCLR = 0;
   9   1      }
  10          
  11          void keep_595() {
  12   1        P_595_G = 0;
  13   1      }
  14          
  15          void write_byte_595(u8 d) {
  16   1        P_595_SCLR = 1;
  17   1        P_595_G = 0;
  18   1        
  19   1        P_595_SCK = 0;
  20   1        P_595_SER = d & 0x80;
  21   1        P_595_SCK = 1;
  22   1      
  23   1        P_595_SCK = 0;
  24   1        P_595_SER = d & 0x40;
  25   1        P_595_SCK = 1;
  26   1        
  27   1        P_595_SCK = 0;
  28   1        P_595_SER = d & 0x20;
  29   1        P_595_SCK = 1;
  30   1        
  31   1        P_595_SCK = 0;
  32   1        P_595_SER = d & 0x10;
  33   1        P_595_SCK = 1;
  34   1        
  35   1        P_595_SCK = 0;
  36   1        P_595_SER = d & 0x08;
  37   1        P_595_SCK = 1;
  38   1        
  39   1        P_595_SCK = 0;
  40   1        P_595_SER = d & 0x04;
  41   1        P_595_SCK = 1;
  42   1        
  43   1        P_595_SCK = 0;
  44   1        P_595_SER = d & 0x02;
  45   1        P_595_SCK = 1;
  46   1        
  47   1        P_595_SCK = 0;
  48   1        P_595_SER = d & 0x01;
  49   1        P_595_SCK = 1;
  50   1      }
  51          
  52          void flush_595() {
  53   1        P_595_RCK = 0;
  54   1        P_595_SCLR = 1;
C51 COMPILER V9.60.7.0   74HC595                                                           05/05/2024 09:56:21 PAGE 2   

  55   1        P_595_G = 0;
  56   1        P_595_RCK = 1;
  57   1      }


MODULE INFORMATION:   STATIC OVERLAYABLE
   CODE SIZE        =     87    ----
   CONSTANT SIZE    =   ----    ----
   XDATA SIZE       =   ----    ----
   PDATA SIZE       =   ----    ----
   DATA SIZE        =   ----    ----
   IDATA SIZE       =   ----    ----
   BIT SIZE         =   ----    ----
END OF MODULE INFORMATION.


C51 COMPILATION COMPLETE.  0 WARNING(S),  0 ERROR(S)
