C51 COMPILER V9.60.7.0   MAIN                                                              05/05/2024 09:56:21 PAGE 1   


C51 COMPILER V9.60.7.0, COMPILATION OF MODULE MAIN
OBJECT MODULE PLACED IN .\Objects\main.obj
COMPILER INVOKED BY: D:\Keil_v5\C51\BIN\C51.EXE src\main.c OPTIMIZE(8,SPEED) BROWSE DEBUG OBJECTEXTEND PRINT(.\Listings\
                    -main.lst) TABS(2) OBJECT(.\Objects\main.obj)

line level    source

   1          #include "stc8a8k64d4.H"
   2          #include "STC8A_UART.h"
   3          #include "STC8A_Switch.h"
   4          #include "STC8A_NVIC.h"
   5          #include "delay.h"
   6          
   7          #include "stc8a_gpio.h"
   8          #include "typedef.h"
   9          #include "74HC595.h"
  10          
  11          #define BUF_LEN_595 2
  12          u8 g_buf_595[BUF_LEN_595];
  13          
  14          void UART_Debuging_Config() {
  15   1        COMx_InitDefine COMx_InitStructure; //结构定义
  16   1        UART1_SW(UART1_SW_P30_P31);
  17   1        COMx_InitStructure.UART_Mode = UART_8bit_BRTx; //模式,   UART_ShiftRight,UART_8bit_BRTx,UART_9bit,UART_9b
             -it_BRTx
  18   1        COMx_InitStructure.UART_BRT_Use = BRT_Timer1; //使用波特率, BRT_Timer1, BRT_Timer2 (注意: 串口2固定使用BR
             -T_Timer2)
  19   1        COMx_InitStructure.UART_BaudRate = 9600ul; //波特率,     110 ~ 115200
  20   1        COMx_InitStructure.UART_RxEnable = ENABLE; //接收允许,   ENABLE或DISABLE
  21   1        UART_Configuration(UART1, &COMx_InitStructure); //初始化串口2 USART1,USART2,USART3,USART4
  22   1        NVIC_UART1_Init(ENABLE,Priority_1); //中断使能, ENABLE/DISABLE; 优先级(低到高) Priority_0,Priority_1,Prio
             -rity_2,Priority_3
  23   1        EA = 1;
  24   1      }
  25          
  26          void OLED_GPIO_Config() {
  27   1        GPIO_InitTypeDef conf;
  28   1        conf.Mode = GPIO_OUT_PP;
  29   1        conf.Pin = GPIO_Pin_0 | GPIO_Pin_1 | GPIO_Pin_2 | GPIO_Pin_3 | GPIO_Pin_4;
  30   1        GPIO_Inilize(GPIO_P4, &conf);
  31   1      }
  32          
  33          void C595_GPIO_Config() {
  34   1        GPIO_InitTypeDef conf;
  35   1        conf.Mode = GPIO_OUT_PP;
  36   1        conf.Pin = GPIO_Pin_2 | GPIO_Pin_3;
  37   1        GPIO_Inilize(GPIO_P3, &conf);
  38   1        
  39   1        
  40   1        conf.Pin = GPIO_Pin_0;
  41   1        GPIO_Inilize(GPIO_P4, &conf);
  42   1        
  43   1        
  44   1        conf.Pin = GPIO_Pin_4 | GPIO_Pin_5;
  45   1        GPIO_Inilize(GPIO_P5, &conf);
  46   1      }
  47          
  48          void C165_GPIO_Config() {
  49   1        GPIO_InitTypeDef conf;
  50   1        conf.Mode = GPIO_OUT_PP;
  51   1        conf.Pin = GPIO_Pin_5 | GPIO_Pin_6 | GPIO_Pin_7;
C51 COMPILER V9.60.7.0   MAIN                                                              05/05/2024 09:56:21 PAGE 2   

  52   1        GPIO_Inilize(GPIO_P1, &conf);
  53   1        
  54   1        
  55   1        conf.Pin = GPIO_Pin_4;
  56   1        GPIO_Inilize(GPIO_P4, &conf);
  57   1      }
  58          
  59          void main() {
  60   1        UART_Debuging_Config();
  61   1      
  62   1        /*C595_GPIO_Config();
  63   1        C165_GPIO_Config();
  64   1        
  65   1        
  66   1        g_buf_595[0] = 0xff - 0x04 - 0x02;
  67   1        g_buf_595[1] = 0xff;
  68   1      
  69   1        stop_595();
  70   1        // clear_595();
  71   1        // keep_595();
  72   1        
  73   1        write_byte_595(g_buf_595[0]);
  74   1        write_byte_595(g_buf_595[1]);
  75   1        flush_595();*/
  76   1        
  77   1      
  78   1        while(1) {
  79   2          delay_ms(254);
  80   2          PrintString1("UART DEBUGING");
  81   2        }
  82   1      }


MODULE INFORMATION:   STATIC OVERLAYABLE
   CODE SIZE        =    155    ----
   CONSTANT SIZE    =     14    ----
   XDATA SIZE       =   ----    ----
   PDATA SIZE       =   ----    ----
   DATA SIZE        =      2      15
   IDATA SIZE       =   ----    ----
   BIT SIZE         =   ----    ----
END OF MODULE INFORMATION.


C51 COMPILATION COMPLETE.  0 WARNING(S),  0 ERROR(S)
