C51 COMPILER V9.60.7.0   MAIN                                                              01/12/2025 22:50:20 PAGE 1   


C51 COMPILER V9.60.7.0, COMPILATION OF MODULE MAIN
OBJECT MODULE PLACED IN .\Objects\main.obj
COMPILER INVOKED BY: D:\Keil_v5\C51\BIN\C51.EXE src\main.c OPTIMIZE(8,SPEED) BROWSE DEBUG OBJECTEXTEND PRINT(.\Listings\
                    -main.lst) TABS(2) OBJECT(.\Objects\main.obj)

line level    source

   1          #include "stc8a8k64d4.H"
   2          #include "stc8a_gpio.H"
   3          #include "stc8a_spi.h"
   4          #include "stc8a_nvic.h"
   5          #include "typedef.h"
   6          #include "oled12864.h"
   7          #include "uart.h"
   8          
   9          void OLED_GPIO_Config() {
  10   1        GPIO_InitTypeDef conf;
  11   1        conf.Mode = GPIO_PullUp;
  12   1        conf.Pin = GPIO_Pin_4 | GPIO_Pin_5 | GPIO_Pin_6 | GPIO_Pin_7;
  13   1        GPIO_Inilize(GPIO_P1, &conf);
  14   1        
  15   1        conf.Pin = GPIO_Pin_4;
  16   1        GPIO_Inilize(GPIO_P4, &conf);
  17   1      }
  18          
  19          void OLED12864_Init() {
  20   1        OLED_GPIO_Config();
  21   1        OLED_Init();
  22   1      }
  23          
  24          void main() {
  25   1        u8 buf[] = {0xfe, 0x12, 0x34, 0x56, 0x70, 0x9a, 0xbc, 0xd0};
  26   1        OLED12864_Init();
  27   1        /*OLED_ShowString(0, 0, "121212121212");
  28   1        OLED_ShowString8(0, 2, "123ABC.,m<>?abcdefghijkl");
  29   1        OLED_ShowHexBuf8(0, 4, buf, 8);*/
  30   1      
  31   1        /*P_OLED12864_SCK = 0;
  32   1        P_OLED12864_SDA = 0;
  33   1        P_OLED12864_RES = 0;
  34   1        P_OLED12864_DC = 0;
  35   1        P_OLED12864_CS = 0;*/
  36   1        
  37   1        OLED_ShowBootIMG();
  38   1      
  39   1        while(1) {
  40   2        }
  41   1      }


MODULE INFORMATION:   STATIC OVERLAYABLE
   CODE SIZE        =     63    ----
   CONSTANT SIZE    =      8    ----
   XDATA SIZE       =   ----    ----
   PDATA SIZE       =   ----    ----
   DATA SIZE        =   ----      10
   IDATA SIZE       =   ----    ----
   BIT SIZE         =   ----    ----
END OF MODULE INFORMATION.


C51 COMPILATION COMPLETE.  0 WARNING(S),  0 ERROR(S)
