C51 COMPILER V9.60.0.0   MAIN                                                              05/03/2022 09:42:35 PAGE 1   


C51 COMPILER V9.60.0.0, COMPILATION OF MODULE MAIN
OBJECT MODULE PLACED IN .\Objects\main.obj
COMPILER INVOKED BY: d:\Keil_v5\C51\BIN\C51.EXE main.c OPTIMIZE(8,SPEED) BROWSE DEBUG OBJECTEXTEND PRINT(.\Listings\main
                    -.lst) TABS(2) OBJECT(.\Objects\main.obj)

line level    source

   1          #include <reg51.h>
   2          
   3          sbit P00 = P0 ^ 0;
   4          sbit P01 = P0 ^ 1;
   5          
   6          void reset_timer() {
   7   1        TL0 = 0;
   8   1        TH0 = 0;
   9   1      }
  10          
  11          void init_timer() {
  12   1        reset_timer();
  13   1        TMOD = 0x01;
  14   1        TR0 = 1;
  15   1        ET0 = 1;
  16   1        EA = 1;
  17   1      }
  18          
  19          void timer0_interruption() interrupt 1 {
  20   1        int s = 100000000;
  21   1        P00 = !P00;
  22   1        P01 = TF0;
  23   1        while (s--);
  24   1        reset_timer();
  25   1      }
  26          
  27          void main() {
  28   1        P00 = 0;
  29   1        P01 = 0;
  30   1        init_timer();
  31   1        while(1) {
  32   2          // P01 = TF0;
  33   2        }
  34   1      }


MODULE INFORMATION:   STATIC OVERLAYABLE
   CODE SIZE        =     75    ----
   CONSTANT SIZE    =   ----    ----
   XDATA SIZE       =   ----    ----
   PDATA SIZE       =   ----    ----
   DATA SIZE        =   ----    ----
   IDATA SIZE       =   ----    ----
   BIT SIZE         =   ----    ----
END OF MODULE INFORMATION.


C51 COMPILATION COMPLETE.  0 WARNING(S),  0 ERROR(S)
