C51 COMPILER V9.60.7.0   MAIN                                                              06/23/2023 17:20:50 PAGE 1   


C51 COMPILER V9.60.7.0, COMPILATION OF MODULE MAIN
OBJECT MODULE PLACED IN .\Objects\main.obj
COMPILER INVOKED BY: D:\Keil_v5\C51\BIN\C51.EXE src\main.c OPTIMIZE(8,SPEED) BROWSE DEBUG OBJECTEXTEND PRINT(.\Listings\
                    -main.lst) TABS(2) OBJECT(.\Objects\main.obj)

line level    source

   1          #include "stc8a8k64d4.H"
   2          #include "stc8a_gpio.H"
   3          #include "stc8a_spi.h"
   4          #include "stc8a_nvic.h"
   5          #include "typedef.h"
   6          #include "oled12864.h"
   7          #include "uart.h"
   8          
   9          void OLED_GPIO_Config() {
  10   1        GPIO_InitTypeDef conf;
  11   1        conf.Mode = GPIO_OUT_PP;
  12   1        conf.Pin = GPIO_Pin_0 | GPIO_Pin_1 | GPIO_Pin_2 | GPIO_Pin_3 | GPIO_Pin_4;
  13   1        GPIO_Inilize(GPIO_P4, &conf);
  14   1      }
  15          
  16          void OLED12864_Init() {
  17   1        OLED_GPIO_Config();
  18   1        OLED_Init();
  19   1      }
  20          
  21          void MOTOR_GPIO_Config() {
  22   1        GPIO_InitTypeDef conf;
  23   1        conf.Mode = GPIO_PullUp;
  24   1        
  25   1        conf.Pin = GPIO_Pin_0 | GPIO_Pin_1 | GPIO_Pin_2 | GPIO_Pin_3;
  26   1        GPIO_Inilize(GPIO_P2, &conf);
  27   1      }
  28          
  29          void main() {
  30   1        u8 buf[] = {0xfe, 0x12, 0x34, 0x56, 0x70, 0x9a, 0xbc, 0xd0};
  31   1        OLED12864_Init();
  32   1        OLED_ShowString(0, 0, "121212121212");
  33   1        OLED_ShowString8(0, 2, "123ABC.,m<>?abcdefghijkl");
  34   1        OLED_ShowHexBuf8(0, 4, buf, 8);
  35   1        
  36   1        MOTOR_GPIO_Config();
  37   1        P_VM1_RZ7899_I1 = 0;
  38   1        P_VM1_RZ7899_I2 = 1;
  39   1        
  40   1        P_VM2_RZ7899_I1 = 0;
  41   1        P_VM2_RZ7899_I2 = 1;
  42   1      
  43   1        while(1) {
  44   2        }
  45   1      }


MODULE INFORMATION:   STATIC OVERLAYABLE
   CODE SIZE        =    115    ----
   CONSTANT SIZE    =     46    ----
   XDATA SIZE       =   ----    ----
   PDATA SIZE       =   ----    ----
   DATA SIZE        =   ----      12
   IDATA SIZE       =   ----    ----
C51 COMPILER V9.60.7.0   MAIN                                                              06/23/2023 17:20:50 PAGE 2   

   BIT SIZE         =   ----    ----
END OF MODULE INFORMATION.


C51 COMPILATION COMPLETE.  0 WARNING(S),  0 ERROR(S)
